
--- Starting training for Architecture 8 ---

[Model Init] arch_id=8
Sequential(
  (0): Conv1d(1, 106, kernel_size=(3,), stride=(1,))
  (1): ELU(alpha=1.0)
  (2): MaxPool1d(kernel_size=8, stride=8, padding=0, dilation=1, ceil_mode=False)
  (3): Conv1d(106, 211, kernel_size=(3,), stride=(1,))
  (4): ELU(alpha=1.0)
  (5): MaxPool1d(kernel_size=8, stride=8, padding=0, dilation=1, ceil_mode=False)
  (6): Conv1d(211, 253, kernel_size=(3,), stride=(1,))
  (7): ELU(alpha=1.0)
  (8): MaxPool1d(kernel_size=4, stride=4, padding=0, dilation=1, ceil_mode=False)
  (9): Conv1d(253, 91, kernel_size=(3,), stride=(1,))
  (10): ELU(alpha=1.0)
  (11): Flatten(start_dim=1, end_dim=-1)
  (12): Linear(in_features=91, out_features=44, bias=True)
  (13): ELU(alpha=1.0)
  (14): Linear(in_features=44, out_features=1, bias=True)
)
┏━━━┳━━━━━━━━━━━┳━━━━━━━━━━━━┳━━━━━━━━┳━━━━━━━┳━━━━━━━━┳━━━━━━━━━━━┳━━━━━━━━━━━┓
┃   ┃ Name      ┃ Type       ┃ Params ┃ Mode  ┃  FLOPs ┃  In sizes ┃ Out sizes ┃
┡━━━╇━━━━━━━━━━━╇━━━━━━━━━━━━╇━━━━━━━━╇━━━━━━━╇━━━━━━━━╇━━━━━━━━━━━╇━━━━━━━━━━━┩
│ 0 │ model     │ Sequential │  301 K │ train │ 23.0 M │    [1, 1, │    [1, 1] │
│   │           │            │        │       │        │     1080] │           │
│ 1 │ criterion │ MSELoss    │      0 │ train │      0 │         ? │         ? │
└───┴───────────┴────────────┴────────┴───────┴────────┴───────────┴───────────┘
Trainable params: 301 K                                                         
Non-trainable params: 0                                                         
Total params: 301 K                                                             
Total estimated model params size (MB): 1                                       
Modules in train mode: 17                                                       
Modules in eval mode: 0                                                         
Total FLOPs: 23.0 M                                                             

--- Starting training for Architecture 8 ---

[Model Init] arch_id=8
Sequential(
  (0): Conv1d(1, 47, kernel_size=(3,), stride=(1,))
  (1): ReLU()
  (2): MaxPool1d(kernel_size=4, stride=4, padding=0, dilation=1, ceil_mode=False)
  (3): Conv1d(47, 77, kernel_size=(3,), stride=(1,))
  (4): ReLU()
  (5): MaxPool1d(kernel_size=8, stride=8, padding=0, dilation=1, ceil_mode=False)
  (6): Conv1d(77, 163, kernel_size=(3,), stride=(1,))
  (7): ReLU()
  (8): MaxPool1d(kernel_size=2, stride=2, padding=0, dilation=1, ceil_mode=False)
  (9): Flatten(start_dim=1, end_dim=-1)
  (10): Linear(in_features=2445, out_features=87, bias=True)
  (11): ReLU()
  (12): Linear(in_features=87, out_features=1, bias=True)
)
┏━━━┳━━━━━━━━━━━┳━━━━━━━━━━━━┳━━━━━━━━┳━━━━━━━┳━━━━━━━┳━━━━━━━━━━━━┳━━━━━━━━━━━┓
┃   ┃ Name      ┃ Type       ┃ Params ┃ Mode  ┃ FLOPs ┃   In sizes ┃ Out sizes ┃
┡━━━╇━━━━━━━━━━━╇━━━━━━━━━━━━╇━━━━━━━━╇━━━━━━━╇━━━━━━━╇━━━━━━━━━━━━╇━━━━━━━━━━━┩
│ 0 │ model     │ Sequential │  261 K │ train │ 8.9 M │     [1, 1, │    [1, 1] │
│   │           │            │        │       │       │      1080] │           │
│ 1 │ criterion │ MSELoss    │      0 │ train │     0 │          ? │         ? │
└───┴───────────┴────────────┴────────┴───────┴───────┴────────────┴───────────┘
Trainable params: 261 K                                                         
Non-trainable params: 0                                                         
Total params: 261 K                                                             
Total estimated model params size (MB): 1                                       
Modules in train mode: 15                                                       
Modules in eval mode: 0                                                         
Total FLOPs: 8.9 M                                                              

--- Starting training for Architecture 8 ---

[Model Init] arch_id=8
Sequential(
  (0): Conv1d(1, 119, kernel_size=(3,), stride=(1,))
  (1): ReLU()
  (2): MaxPool1d(kernel_size=2, stride=2, padding=0, dilation=1, ceil_mode=False)
  (3): Conv1d(119, 237, kernel_size=(3,), stride=(1,))
  (4): ReLU()
  (5): MaxPool1d(kernel_size=4, stride=4, padding=0, dilation=1, ceil_mode=False)
  (6): Conv1d(237, 57, kernel_size=(3,), stride=(1,))
  (7): ReLU()
  (8): MaxPool1d(kernel_size=2, stride=2, padding=0, dilation=1, ceil_mode=False)
  (9): Conv1d(57, 45, kernel_size=(3,), stride=(1,))
  (10): ReLU()
  (11): MaxPool1d(kernel_size=8, stride=8, padding=0, dilation=1, ceil_mode=False)
  (12): Conv1d(45, 62, kernel_size=(3,), stride=(1,))
  (13): ReLU()
  (14): MaxPool1d(kernel_size=8, stride=8, padding=0, dilation=1, ceil_mode=False)
  (15): Flatten(start_dim=1, end_dim=-1)
  (16): Linear(in_features=62, out_features=32, bias=True)
  (17): ReLU()
  (18): Linear(in_features=32, out_features=1, bias=True)
)
Epoch 20/20 ━━━━━━━━━━━━━━━━ 87/87 0:00:01 • 0:00:00 71.53it/s v_num: 1.000     
                                                               train/loss_step: 
                                                               0.001 val/loss:  
                                                               0.001            
                                                               train/loss_epoch:
                                                               0.001            
Saved model to data/models/heading_error_arch8.pt
Epoch 20/20 ━━━━━━━━━━━━━━━━ 87/87 0:00:01 • 0:00:00 74.68it/s v_num: 1.000     
                                                               train/loss_step: 
                                                               0.001 val/loss:  
                                                               0.002            
                                                               train/loss_epoch:
                                                               0.001            
Saved model to data/models/track_width_arch8.pt

--- Starting training for Architecture 8 ---

[Model Init] arch_id=8
Sequential(
  (0): Conv1d(1, 38, kernel_size=(3,), stride=(1,))
  (1): ELU(alpha=1.0)
  (2): MaxPool1d(kernel_size=2, stride=2, padding=0, dilation=1, ceil_mode=False)
  (3): Conv1d(38, 38, kernel_size=(3,), stride=(1,))
  (4): ELU(alpha=1.0)
  (5): MaxPool1d(kernel_size=8, stride=8, padding=0, dilation=1, ceil_mode=False)
  (6): Conv1d(38, 36, kernel_size=(3,), stride=(1,))
  (7): ELU(alpha=1.0)
  (8): MaxPool1d(kernel_size=2, stride=2, padding=0, dilation=1, ceil_mode=False)
  (9): Conv1d(36, 57, kernel_size=(3,), stride=(1,))
  (10): ELU(alpha=1.0)
  (11): MaxPool1d(kernel_size=2, stride=2, padding=0, dilation=1, ceil_mode=False)
  (12): Flatten(start_dim=1, end_dim=-1)
  (13): Linear(in_features=855, out_features=45, bias=True)
  (14): ELU(alpha=1.0)
  (15): Linear(in_features=45, out_features=1, bias=True)
)
┏━━━┳━━━━━━━━━━━┳━━━━━━━━━━━━┳━━━━━━━━┳━━━━━━━┳━━━━━━━┳━━━━━━━━━━━━┳━━━━━━━━━━━┓
┃   ┃ Name      ┃ Type       ┃ Params ┃ Mode  ┃ FLOPs ┃   In sizes ┃ Out sizes ┃
┡━━━╇━━━━━━━━━━━╇━━━━━━━━━━━━╇━━━━━━━━╇━━━━━━━╇━━━━━━━╇━━━━━━━━━━━━╇━━━━━━━━━━━┩
│ 0 │ model     │ Sequential │ 53.4 K │ train │ 5.9 M │     [1, 1, │    [1, 1] │
│   │           │            │        │       │       │      1080] │           │
│ 1 │ criterion │ MSELoss    │      0 │ train │     0 │          ? │         ? │
└───┴───────────┴────────────┴────────┴───────┴───────┴────────────┴───────────┘
Trainable params: 53.4 K                                                        
Non-trainable params: 0                                                         
Total params: 53.4 K                                                            
Total estimated model params size (MB): 0                                       
Modules in train mode: 18                                                       
Modules in eval mode: 0                                                         
Total FLOPs: 5.9 M                                                              

--- Starting training for Architecture 8 ---

[Model Init] arch_id=8
Sequential(
  (0): Conv1d(1, 74, kernel_size=(3,), stride=(1,))
  (1): ELU(alpha=1.0)
  (2): MaxPool1d(kernel_size=8, stride=8, padding=0, dilation=1, ceil_mode=False)
  (3): Conv1d(74, 59, kernel_size=(3,), stride=(1,))
  (4): ELU(alpha=1.0)
  (5): MaxPool1d(kernel_size=4, stride=4, padding=0, dilation=1, ceil_mode=False)
  (6): Conv1d(59, 37, kernel_size=(3,), stride=(1,))
  (7): ELU(alpha=1.0)
  (8): MaxPool1d(kernel_size=2, stride=2, padding=0, dilation=1, ceil_mode=False)
  (9): Conv1d(37, 156, kernel_size=(3,), stride=(1,))
  (10): ELU(alpha=1.0)
  (11): MaxPool1d(kernel_size=4, stride=4, padding=0, dilation=1, ceil_mode=False)
  (12): Conv1d(156, 252, kernel_size=(3,), stride=(1,))
  (13): ELU(alpha=1.0)
  (14): Flatten(start_dim=1, end_dim=-1)
  (15): Linear(in_features=252, out_features=32, bias=True)
  (16): ELU(alpha=1.0)
  (17): Linear(in_features=32, out_features=1, bias=True)
)
┏━━━┳━━━━━━━━━━━┳━━━━━━━━━━━━┳━━━━━━━━┳━━━━━━━┳━━━━━━━┳━━━━━━━━━━━━┳━━━━━━━━━━━┓
┃   ┃ Name      ┃ Type       ┃ Params ┃ Mode  ┃ FLOPs ┃   In sizes ┃ Out sizes ┃
┡━━━╇━━━━━━━━━━━╇━━━━━━━━━━━━╇━━━━━━━━╇━━━━━━━╇━━━━━━━╇━━━━━━━━━━━━╇━━━━━━━━━━━┩
│ 0 │ model     │ Sequential │  163 K │ train │ 5.0 M │     [1, 1, │    [1, 1] │
│   │           │            │        │       │       │      1080] │           │
│ 1 │ criterion │ MSELoss    │      0 │ train │     0 │          ? │         ? │
└───┴───────────┴────────────┴────────┴───────┴───────┴────────────┴───────────┘
Trainable params: 163 K                                                         
Non-trainable params: 0                                                         
Total params: 163 K                                                             
Total estimated model params size (MB): 0                                       
Modules in train mode: 20                                                       
Modules in eval mode: 0                                                         
Total FLOPs: 5.0 M                                                              

--- Starting training for Architecture 8 ---

[Model Init] arch_id=8
Sequential(
  (0): Conv1d(1, 61, kernel_size=(3,), stride=(1,))
  (1): ELU(alpha=1.0)
  (2): MaxPool1d(kernel_size=2, stride=2, padding=0, dilation=1, ceil_mode=False)
  (3): Conv1d(61, 127, kernel_size=(3,), stride=(1,))
  (4): ELU(alpha=1.0)
  (5): MaxPool1d(kernel_size=4, stride=4, padding=0, dilation=1, ceil_mode=False)
  (6): Conv1d(127, 109, kernel_size=(3,), stride=(1,))
  (7): ELU(alpha=1.0)
  (8): MaxPool1d(kernel_size=2, stride=2, padding=0, dilation=1, ceil_mode=False)
  (9): Flatten(start_dim=1, end_dim=-1)
  (10): Linear(in_features=7194, out_features=112, bias=True)
  (11): ELU(alpha=1.0)
  (12): Linear(in_features=112, out_features=1, bias=True)
)
┏━━━┳━━━━━━━━━━━┳━━━━━━━━━━━━┳━━━━━━━━┳━━━━━━━┳━━━━━━━━┳━━━━━━━━━━━┳━━━━━━━━━━━┓
┃   ┃ Name      ┃ Type       ┃ Params ┃ Mode  ┃  FLOPs ┃  In sizes ┃ Out sizes ┃
┡━━━╇━━━━━━━━━━━╇━━━━━━━━━━━━╇━━━━━━━━╇━━━━━━━╇━━━━━━━━╇━━━━━━━━━━━╇━━━━━━━━━━━┩
│ 0 │ model     │ Sequential │  871 K │ train │ 37.9 M │    [1, 1, │    [1, 1] │
│   │           │            │        │       │        │     1080] │           │
│ 1 │ criterion │ MSELoss    │      0 │ train │      0 │         ? │         ? │
└───┴───────────┴────────────┴────────┴───────┴────────┴───────────┴───────────┘
Trainable params: 871 K                                                         
Non-trainable params: 0                                                         
Total params: 871 K                                                             
Total estimated model params size (MB): 3                                       
Modules in train mode: 15                                                       
Modules in eval mode: 0                                                         
Total FLOPs: 37.9 M                                                             
Epoch 20/20 ━━━━━━━━━━━━━━━━ 87/87 0:00:01 • 0:00:00 58.08it/s v_num: 2.000     
                                                               train/loss_step: 
                                                               0.001 val/loss:  
                                                               0.003            
                                                               train/loss_epoch:
                                                               0.001            
Saved model to data/models/track_width_arch8.pt
Epoch 20/20 ━━━━━━━━━━━━━━━━ 87/87 0:00:01 • 0:00:00 61.70it/s v_num: 2.000     
                                                               train/loss_step: 
                                                               0.000 val/loss:  
                                                               0.000            
                                                               train/loss_epoch:
                                                               0.001            
Saved model to data/models/left_wall_dist_arch8.pt
Epoch 20/20 ━━━━━━━━━━━━━━━━ 87/87 0:00:01 • 0:00:00 69.94it/s v_num: 2.000     
                                                               train/loss_step: 
                                                               0.001 val/loss:  
                                                               0.001            
                                                               train/loss_epoch:
                                                               0.001            
Saved model to data/models/heading_error_arch8.pt

--- Starting training for Architecture 8 ---

[Model Init] arch_id=8
Sequential(
  (0): Conv1d(1, 37, kernel_size=(3,), stride=(1,))
  (1): ReLU()
  (2): MaxPool1d(kernel_size=4, stride=4, padding=0, dilation=1, ceil_mode=False)
  (3): Conv1d(37, 68, kernel_size=(3,), stride=(1,))
  (4): ReLU()
  (5): MaxPool1d(kernel_size=2, stride=2, padding=0, dilation=1, ceil_mode=False)
  (6): Conv1d(68, 197, kernel_size=(3,), stride=(1,))
  (7): ReLU()
  (8): MaxPool1d(kernel_size=8, stride=8, padding=0, dilation=1, ceil_mode=False)
  (9): Conv1d(197, 141, kernel_size=(3,), stride=(1,))
  (10): ReLU()
  (11): MaxPool1d(kernel_size=8, stride=8, padding=0, dilation=1, ceil_mode=False)
  (12): Flatten(start_dim=1, end_dim=-1)
  (13): Linear(in_features=141, out_features=45, bias=True)
  (14): ReLU()
  (15): Linear(in_features=45, out_features=1, bias=True)
)
┏━━━┳━━━━━━━━━━━┳━━━━━━━━━━━━┳━━━━━━━━┳━━━━━━━┳━━━━━━━━┳━━━━━━━━━━━┳━━━━━━━━━━━┓
┃   ┃ Name      ┃ Type       ┃ Params ┃ Mode  ┃  FLOPs ┃  In sizes ┃ Out sizes ┃
┡━━━╇━━━━━━━━━━━╇━━━━━━━━━━━━╇━━━━━━━━╇━━━━━━━╇━━━━━━━━╇━━━━━━━━━━━╇━━━━━━━━━━━┩
│ 0 │ model     │ Sequential │  138 K │ train │ 17.1 M │    [1, 1, │    [1, 1] │
│   │           │            │        │       │        │     1080] │           │
│ 1 │ criterion │ MSELoss    │      0 │ train │      0 │         ? │         ? │
└───┴───────────┴────────────┴────────┴───────┴────────┴───────────┴───────────┘
Trainable params: 138 K                                                         
Non-trainable params: 0                                                         
Total params: 138 K                                                             
Total estimated model params size (MB): 0                                       
Modules in train mode: 18                                                       
Modules in eval mode: 0                                                         
Total FLOPs: 17.1 M                                                             

--- Starting training for Architecture 8 ---

[Model Init] arch_id=8
Sequential(
  (0): Conv1d(1, 48, kernel_size=(3,), stride=(1,))
  (1): ReLU()
  (2): MaxPool1d(kernel_size=4, stride=4, padding=0, dilation=1, ceil_mode=False)
  (3): Conv1d(48, 47, kernel_size=(3,), stride=(1,))
  (4): ReLU()
  (5): MaxPool1d(kernel_size=2, stride=2, padding=0, dilation=1, ceil_mode=False)
  (6): Conv1d(47, 48, kernel_size=(3,), stride=(1,))
  (7): ReLU()
  (8): MaxPool1d(kernel_size=8, stride=8, padding=0, dilation=1, ceil_mode=False)
  (9): Conv1d(48, 111, kernel_size=(3,), stride=(1,))
  (10): ReLU()
  (11): MaxPool1d(kernel_size=8, stride=8, padding=0, dilation=1, ceil_mode=False)
  (12): Flatten(start_dim=1, end_dim=-1)
  (13): Linear(in_features=111, out_features=32, bias=True)
  (14): ReLU()
  (15): Linear(in_features=32, out_features=1, bias=True)
)
┏━━━┳━━━━━━━━━━━┳━━━━━━━━━━━━┳━━━━━━━━┳━━━━━━━┳━━━━━━━┳━━━━━━━━━━━━┳━━━━━━━━━━━┓
┃   ┃ Name      ┃ Type       ┃ Params ┃ Mode  ┃ FLOPs ┃   In sizes ┃ Out sizes ┃
┡━━━╇━━━━━━━━━━━╇━━━━━━━━━━━━╇━━━━━━━━╇━━━━━━━╇━━━━━━━╇━━━━━━━━━━━━╇━━━━━━━━━━━┩
│ 0 │ model     │ Sequential │ 33.5 K │ train │ 6.2 M │     [1, 1, │    [1, 1] │
│   │           │            │        │       │       │      1080] │           │
│ 1 │ criterion │ MSELoss    │      0 │ train │     0 │          ? │         ? │
└───┴───────────┴────────────┴────────┴───────┴───────┴────────────┴───────────┘
Trainable params: 33.5 K                                                        
Non-trainable params: 0                                                         
Total params: 33.5 K                                                            
Total estimated model params size (MB): 0                                       
Modules in train mode: 18                                                       
Modules in eval mode: 0                                                         
Total FLOPs: 6.2 M                                                              

--- Starting training for Architecture 8 ---

[Model Init] arch_id=8
Sequential(
  (0): Conv1d(1, 129, kernel_size=(3,), stride=(1,))
  (1): ELU(alpha=1.0)
  (2): MaxPool1d(kernel_size=4, stride=4, padding=0, dilation=1, ceil_mode=False)
  (3): Conv1d(129, 47, kernel_size=(3,), stride=(1,))
  (4): ELU(alpha=1.0)
  (5): MaxPool1d(kernel_size=8, stride=8, padding=0, dilation=1, ceil_mode=False)
  (6): Conv1d(47, 54, kernel_size=(3,), stride=(1,))
  (7): ELU(alpha=1.0)
  (8): MaxPool1d(kernel_size=2, stride=2, padding=0, dilation=1, ceil_mode=False)
  (9): Flatten(start_dim=1, end_dim=-1)
  (10): Linear(in_features=810, out_features=124, bias=True)
  (11): ELU(alpha=1.0)
  (12): Linear(in_features=124, out_features=1, bias=True)
)
┏━━━┳━━━━━━━━━━━┳━━━━━━━━━━━━┳━━━━━━━━┳━━━━━━━┳━━━━━━━━┳━━━━━━━━━━━┳━━━━━━━━━━━┓
┃   ┃ Name      ┃ Type       ┃ Params ┃ Mode  ┃  FLOPs ┃  In sizes ┃ Out sizes ┃
┡━━━╇━━━━━━━━━━━╇━━━━━━━━━━━━╇━━━━━━━━╇━━━━━━━╇━━━━━━━━╇━━━━━━━━━━━╇━━━━━━━━━━━┩
│ 0 │ model     │ Sequential │  127 K │ train │ 11.2 M │    [1, 1, │    [1, 1] │
│   │           │            │        │       │        │     1080] │           │
│ 1 │ criterion │ MSELoss    │      0 │ train │      0 │         ? │         ? │
└───┴───────────┴────────────┴────────┴───────┴────────┴───────────┴───────────┘
Trainable params: 127 K                                                         
Non-trainable params: 0                                                         
Total params: 127 K                                                             
Total estimated model params size (MB): 0                                       
Modules in train mode: 15                                                       
Modules in eval mode: 0                                                         
Total FLOPs: 11.2 M                                                             
Epoch 20/20 ━━━━━━━━━━━━━━━━ 87/87 0:00:01 • 0:00:00 58.16it/s v_num: 3.000     
                                                               train/loss_step: 
                                                               0.000 val/loss:  
                                                               0.000            
                                                               train/loss_epoch:
                                                               0.000            
Saved model to data/models/left_wall_dist_arch8.pt
Epoch 20/20 ━━━━━━━━━━━━━━━━ 87/87 0:00:01 • 0:00:00 60.60it/s v_num: 3.000     
                                                               train/loss_step: 
                                                               0.008 val/loss:  
                                                               0.005            
                                                               train/loss_epoch:
                                                               0.005            
Saved model to data/models/heading_error_arch8.pt
Epoch 20/20 ━━━━━━━━━━━━━━━━ 87/87 0:00:01 • 0:00:00 66.87it/s v_num: 3.000     
                                                               train/loss_step: 
                                                               0.005 val/loss:  
                                                               0.007            
                                                               train/loss_epoch:
                                                               0.008            
Saved model to data/models/track_width_arch8.pt
