
--- Starting training for Architecture 8 ---

[Model Init] arch_id=8
Sequential(
  (0): Conv1d(1, 194, kernel_size=(3,), stride=(1,))
  (1): ELU(alpha=1.0)
  (2): MaxPool1d(kernel_size=4, stride=4, padding=0, dilation=1, ceil_mode=False)
  (3): Conv1d(194, 198, kernel_size=(3,), stride=(1,))
  (4): ELU(alpha=1.0)
  (5): MaxPool1d(kernel_size=4, stride=4, padding=0, dilation=1, ceil_mode=False)
  (6): Conv1d(198, 32, kernel_size=(3,), stride=(1,))
  (7): ELU(alpha=1.0)
  (8): MaxPool1d(kernel_size=2, stride=2, padding=0, dilation=1, ceil_mode=False)
  (9): Flatten(start_dim=1, end_dim=-1)
  (10): Linear(in_features=1024, out_features=35, bias=True)
  (11): ELU(alpha=1.0)
  (12): Linear(in_features=35, out_features=1, bias=True)
)
┏━━━┳━━━━━━━━━━━┳━━━━━━━━━━━━┳━━━━━━━━┳━━━━━━━┳━━━━━━━━┳━━━━━━━━━━━┳━━━━━━━━━━━┓
┃   ┃ Name      ┃ Type       ┃ Params ┃ Mode  ┃  FLOPs ┃  In sizes ┃ Out sizes ┃
┡━━━╇━━━━━━━━━━━╇━━━━━━━━━━━━╇━━━━━━━━╇━━━━━━━╇━━━━━━━━╇━━━━━━━━━━━╇━━━━━━━━━━━┩
│ 0 │ model     │ Sequential │  171 K │ train │ 65.3 M │    [1, 1, │    [1, 1] │
│   │           │            │        │       │        │     1080] │           │
│ 1 │ criterion │ MSELoss    │      0 │ train │      0 │         ? │         ? │
└───┴───────────┴────────────┴────────┴───────┴────────┴───────────┴───────────┘

--- Starting training for Architecture 8 ---

[Model Init] arch_id=8
Sequential(
  (0): Conv1d(1, 47, kernel_size=(3,), stride=(1,))
  (1): ReLU()
  (2): MaxPool1d(kernel_size=4, stride=4, padding=0, dilation=1, ceil_mode=False)
  (3): Conv1d(47, 108, kernel_size=(3,), stride=(1,))
  (4): ReLU()
  (5): MaxPool1d(kernel_size=2, stride=2, padding=0, dilation=1, ceil_mode=False)
  (6): Conv1d(108, 175, kernel_size=(3,), stride=(1,))
  (7): ReLU()
  (8): MaxPool1d(kernel_size=4, stride=4, padding=0, dilation=1, ceil_mode=False)
  (9): Conv1d(175, 100, kernel_size=(3,), stride=(1,))
  (10): ReLU()
  (11): MaxPool1d(kernel_size=2, stride=2, padding=0, dilation=1, ceil_mode=False)
  (12): Flatten(start_dim=1, end_dim=-1)
  (13): Linear(in_features=1500, out_features=35, bias=True)
  (14): ReLU()
  (15): Linear(in_features=35, out_features=1, bias=True)
)
┏━━━┳━━━━━━━━━━━┳━━━━━━━━━━━━┳━━━━━━━━┳━━━━━━━┳━━━━━━━━┳━━━━━━━━━━━┳━━━━━━━━━━━┓
┃   ┃ Name      ┃ Type       ┃ Params ┃ Mode  ┃  FLOPs ┃  In sizes ┃ Out sizes ┃
┡━━━╇━━━━━━━━━━━╇━━━━━━━━━━━━╇━━━━━━━━╇━━━━━━━╇━━━━━━━━╇━━━━━━━━━━━╇━━━━━━━━━━━┩
│ 0 │ model     │ Sequential │  177 K │ train │ 26.5 M │    [1, 1, │    [1, 1] │
│   │           │            │        │       │        │     1080] │           │
│ 1 │ criterion │ MSELoss    │      0 │ train │      0 │         ? │         ? │
└───┴───────────┴────────────┴────────┴───────┴────────┴───────────┴───────────┘
Trainable params: 171 K                                                         
Non-trainable params: 0                                                         
Total params: 171 K                                                             
Total estimated model params size (MB): 0                                       
Modules in train mode: 15                                                       
Modules in eval mode: 0                                                         
Total FLOPs: 65.3 M                                                             
Trainable params: 177 K                                                         
Non-trainable params: 0                                                         
Total params: 177 K                                                             
Total estimated model params size (MB): 0                                       
Modules in train mode: 18                                                       
Modules in eval mode: 0                                                         
Total FLOPs: 26.5 M                                                             

--- Starting training for Architecture 8 ---

[Model Init] arch_id=8
Sequential(
  (0): Conv1d(1, 62, kernel_size=(3,), stride=(1,))
  (1): ReLU()
  (2): MaxPool1d(kernel_size=4, stride=4, padding=0, dilation=1, ceil_mode=False)
  (3): Conv1d(62, 60, kernel_size=(3,), stride=(1,))
  (4): ReLU()
  (5): MaxPool1d(kernel_size=2, stride=2, padding=0, dilation=1, ceil_mode=False)
  (6): Flatten(start_dim=1, end_dim=-1)
  (7): Linear(in_features=7980, out_features=128, bias=True)
  (8): ReLU()
  (9): Linear(in_features=128, out_features=1, bias=True)
)
┏━━━┳━━━━━━━━━━━┳━━━━━━━━━━━━┳━━━━━━━━┳━━━━━━━┳━━━━━━━┳━━━━━━━━━━━━┳━━━━━━━━━━━┓
┃   ┃ Name      ┃ Type       ┃ Params ┃ Mode  ┃ FLOPs ┃   In sizes ┃ Out sizes ┃
┡━━━╇━━━━━━━━━━━╇━━━━━━━━━━━━╇━━━━━━━━╇━━━━━━━╇━━━━━━━╇━━━━━━━━━━━━╇━━━━━━━━━━━┩
│ 0 │ model     │ Sequential │  1.0 M │ train │ 8.4 M │     [1, 1, │    [1, 1] │
│   │           │            │        │       │       │      1080] │           │
│ 1 │ criterion │ MSELoss    │      0 │ train │     0 │          ? │         ? │
└───┴───────────┴────────────┴────────┴───────┴───────┴────────────┴───────────┘
Trainable params: 1.0 M                                                         
Non-trainable params: 0                                                         
Total params: 1.0 M                                                             
Total estimated model params size (MB): 4                                       
Modules in train mode: 12                                                       
Modules in eval mode: 0                                                         
Total FLOPs: 8.4 M                                                              
Epoch 19/19 ━━━━━━━━━━━━━━━━ 87/87 0:00:01 • 0:00:00 56.00it/s v_num: 1.000     
                                                               train/loss_step: 
                                                               0.000 val/loss:  
                                                               0.000            
                                                               train/loss_epoch:
                                                               0.001            
Saved model to /nas/longleaf/home/zayah/f1tenth_ng_zc/nas/dnn-output/trial_artifacts/20260412T171127_trial00000/left_wall_dist/models/left_wall_dist_arch8.pt
Epoch 19/19 ━━━━━━━━━━━━━━━━ 87/87 0:00:01 • 0:00:00 61.48it/s v_num: 1.000     
                                                               train/loss_step: 
                                                               0.004 val/loss:  
                                                               0.001            
                                                               train/loss_epoch:
                                                               0.001            
Saved model to /nas/longleaf/home/zayah/f1tenth_ng_zc/nas/dnn-output/trial_artifacts/20260412T171127_trial00000/track_width/models/track_width_arch8.pt
Epoch 19/19 ━━━━━━━━━━━━━━━━ 87/87 0:00:01 • 0:00:00 58.58it/s v_num: 1.000     
                                                               train/loss_step: 
                                                               0.001 val/loss:  
                                                               0.001            
                                                               train/loss_epoch:
                                                               0.002            
Saved model to /nas/longleaf/home/zayah/f1tenth_ng_zc/nas/dnn-output/trial_artifacts/20260412T171127_trial00000/heading_error/models/heading_error_arch8.pt

--- Starting training for Architecture 8 ---

[Model Init] arch_id=8
Sequential(
  (0): Conv1d(1, 40, kernel_size=(3,), stride=(1,))
  (1): ReLU()
  (2): MaxPool1d(kernel_size=8, stride=8, padding=0, dilation=1, ceil_mode=False)
  (3): Conv1d(40, 148, kernel_size=(3,), stride=(1,))
  (4): ReLU()
  (5): MaxPool1d(kernel_size=8, stride=8, padding=0, dilation=1, ceil_mode=False)
  (6): Flatten(start_dim=1, end_dim=-1)
  (7): Linear(in_features=2368, out_features=92, bias=True)
  (8): ReLU()
  (9): Linear(in_features=92, out_features=1, bias=True)
)
┏━━━┳━━━━━━━━━━━┳━━━━━━━━━━━━┳━━━━━━━━┳━━━━━━━┳━━━━━━━┳━━━━━━━━━━━━┳━━━━━━━━━━━┓
┃   ┃ Name      ┃ Type       ┃ Params ┃ Mode  ┃ FLOPs ┃   In sizes ┃ Out sizes ┃
┡━━━╇━━━━━━━━━━━╇━━━━━━━━━━━━╇━━━━━━━━╇━━━━━━━╇━━━━━━━╇━━━━━━━━━━━━╇━━━━━━━━━━━┩
│ 0 │ model     │ Sequential │  236 K │ train │ 5.4 M │     [1, 1, │    [1, 1] │
│   │           │            │        │       │       │      1080] │           │
│ 1 │ criterion │ MSELoss    │      0 │ train │     0 │          ? │         ? │
└───┴───────────┴────────────┴────────┴───────┴───────┴────────────┴───────────┘
Trainable params: 236 K                                                         
Non-trainable params: 0                                                         
Total params: 236 K                                                             
Total estimated model params size (MB): 0                                       
Modules in train mode: 12                                                       
Modules in eval mode: 0                                                         
Total FLOPs: 5.4 M                                                              

--- Starting training for Architecture 8 ---

[Model Init] arch_id=8
Sequential(
  (0): Conv1d(1, 95, kernel_size=(3,), stride=(1,))
  (1): ReLU()
  (2): MaxPool1d(kernel_size=2, stride=2, padding=0, dilation=1, ceil_mode=False)
  (3): Conv1d(95, 198, kernel_size=(3,), stride=(1,))
  (4): ReLU()
  (5): MaxPool1d(kernel_size=8, stride=8, padding=0, dilation=1, ceil_mode=False)
  (6): Conv1d(198, 183, kernel_size=(3,), stride=(1,))
  (7): ReLU()
  (8): MaxPool1d(kernel_size=2, stride=2, padding=0, dilation=1, ceil_mode=False)
  (9): Flatten(start_dim=1, end_dim=-1)
  (10): Linear(in_features=5856, out_features=103, bias=True)
  (11): ReLU()
  (12): Linear(in_features=103, out_features=1, bias=True)
)
┏━━━┳━━━━━━━━━━━┳━━━━━━━━━━━━┳━━━━━━━━┳━━━━━━━┳━━━━━━━━┳━━━━━━━━━━━┳━━━━━━━━━━━┓
┃   ┃ Name      ┃ Type       ┃ Params ┃ Mode  ┃  FLOPs ┃  In sizes ┃ Out sizes ┃
┡━━━╇━━━━━━━━━━━╇━━━━━━━━━━━━╇━━━━━━━━╇━━━━━━━╇━━━━━━━━╇━━━━━━━━━━━╇━━━━━━━━━━━┩
│ 0 │ model     │ Sequential │  769 K │ train │ 76.6 M │    [1, 1, │    [1, 1] │
│   │           │            │        │       │        │     1080] │           │
│ 1 │ criterion │ MSELoss    │      0 │ train │      0 │         ? │         ? │
└───┴───────────┴────────────┴────────┴───────┴────────┴───────────┴───────────┘
Trainable params: 769 K                                                         
Non-trainable params: 0                                                         
Total params: 769 K                                                             
Total estimated model params size (MB): 3                                       
Modules in train mode: 15                                                       
Modules in eval mode: 0                                                         
Total FLOPs: 76.6 M                                                             

--- Starting training for Architecture 8 ---

[Model Init] arch_id=8
Sequential(
  (0): Conv1d(1, 47, kernel_size=(3,), stride=(1,))
  (1): ReLU()
  (2): MaxPool1d(kernel_size=2, stride=2, padding=0, dilation=1, ceil_mode=False)
  (3): Conv1d(47, 226, kernel_size=(3,), stride=(1,))
  (4): ReLU()
  (5): MaxPool1d(kernel_size=4, stride=4, padding=0, dilation=1, ceil_mode=False)
  (6): Flatten(start_dim=1, end_dim=-1)
  (7): Linear(in_features=30284, out_features=128, bias=True)
  (8): ReLU()
  (9): Linear(in_features=128, out_features=1, bias=True)
)
┏━━━┳━━━━━━━━━━━┳━━━━━━━━━━━━┳━━━━━━━━┳━━━━━━━┳━━━━━━━━┳━━━━━━━━━━━┳━━━━━━━━━━━┓
┃   ┃ Name      ┃ Type       ┃ Params ┃ Mode  ┃  FLOPs ┃  In sizes ┃ Out sizes ┃
┡━━━╇━━━━━━━━━━━╇━━━━━━━━━━━━╇━━━━━━━━╇━━━━━━━╇━━━━━━━━╇━━━━━━━━━━━╇━━━━━━━━━━━┩
│ 0 │ model     │ Sequential │  3.9 M │ train │ 42.3 M │    [1, 1, │    [1, 1] │
│   │           │            │        │       │        │     1080] │           │
│ 1 │ criterion │ MSELoss    │      0 │ train │      0 │         ? │         ? │
└───┴───────────┴────────────┴────────┴───────┴────────┴───────────┴───────────┘
Trainable params: 3.9 M                                                         
Non-trainable params: 0                                                         
Total params: 3.9 M                                                             
Total estimated model params size (MB): 15                                      
Modules in train mode: 12                                                       
Modules in eval mode: 0                                                         
Total FLOPs: 42.3 M                                                             
Epoch 19/19 ━━━━━━━━━━━━━━━━ 87/87 0:00:01 • 0:00:00 53.55it/s v_num: 0.000     
                                                               train/loss_step: 
                                                               0.001 val/loss:  
                                                               0.002            
                                                               train/loss_epoch:
                                                               0.002            
Saved model to /nas/longleaf/home/zayah/f1tenth_ng_zc/nas/dnn-output/trial_artifacts/20260412T171127_trial00001/heading_error/models/heading_error_arch8.pt
Epoch 19/19 ━━━━━━━━━━━━━━━━ 87/87 0:00:01 • 0:00:00 69.53it/s v_num: 0.000     
                                                               train/loss_step: 
                                                               0.001 val/loss:  
                                                               0.001            
                                                               train/loss_epoch:
                                                               0.001            
Saved model to /nas/longleaf/home/zayah/f1tenth_ng_zc/nas/dnn-output/trial_artifacts/20260412T171127_trial00001/left_wall_dist/models/left_wall_dist_arch8.pt
Epoch 19/19 ━━━━━━━━━━━━━━━━ 87/87 0:00:00 • 0:00:00 88.81it/s v_num: 0.000     
                                                               train/loss_step: 
                                                               0.001 val/loss:  
                                                               0.003            
                                                               train/loss_epoch:
                                                               0.001            
Saved model to /nas/longleaf/home/zayah/f1tenth_ng_zc/nas/dnn-output/trial_artifacts/20260412T171127_trial00001/track_width/models/track_width_arch8.pt

--- Starting training for Architecture 8 ---

[Model Init] arch_id=8
Sequential(
  (0): Conv1d(1, 60, kernel_size=(3,), stride=(1,))
  (1): ReLU()
  (2): MaxPool1d(kernel_size=8, stride=8, padding=0, dilation=1, ceil_mode=False)
  (3): Conv1d(60, 119, kernel_size=(3,), stride=(1,))
  (4): ReLU()
  (5): MaxPool1d(kernel_size=4, stride=4, padding=0, dilation=1, ceil_mode=False)
  (6): Flatten(start_dim=1, end_dim=-1)
  (7): Linear(in_features=3927, out_features=94, bias=True)
  (8): ReLU()
  (9): Linear(in_features=94, out_features=1, bias=True)
)
┏━━━┳━━━━━━━━━━━┳━━━━━━━━━━━━┳━━━━━━━━┳━━━━━━━┳━━━━━━━┳━━━━━━━━━━━━┳━━━━━━━━━━━┓
┃   ┃ Name      ┃ Type       ┃ Params ┃ Mode  ┃ FLOPs ┃   In sizes ┃ Out sizes ┃
┡━━━╇━━━━━━━━━━━╇━━━━━━━━━━━━╇━━━━━━━━╇━━━━━━━╇━━━━━━━╇━━━━━━━━━━━━╇━━━━━━━━━━━┩
│ 0 │ model     │ Sequential │  391 K │ train │ 6.8 M │     [1, 1, │    [1, 1] │
│   │           │            │        │       │       │      1080] │           │
│ 1 │ criterion │ MSELoss    │      0 │ train │     0 │          ? │         ? │
└───┴───────────┴────────────┴────────┴───────┴───────┴────────────┴───────────┘
Trainable params: 391 K                                                         
Non-trainable params: 0                                                         
Total params: 391 K                                                             
Total estimated model params size (MB): 1                                       
Modules in train mode: 12                                                       
Modules in eval mode: 0                                                         
Total FLOPs: 6.8 M                                                              

--- Starting training for Architecture 8 ---

[Model Init] arch_id=8
Sequential(
  (0): Conv1d(1, 119, kernel_size=(3,), stride=(1,))
  (1): ELU(alpha=1.0)
  (2): MaxPool1d(kernel_size=4, stride=4, padding=0, dilation=1, ceil_mode=False)
  (3): Conv1d(119, 33, kernel_size=(3,), stride=(1,))
  (4): ELU(alpha=1.0)
  (5): MaxPool1d(kernel_size=8, stride=8, padding=0, dilation=1, ceil_mode=False)
  (6): Conv1d(33, 35, kernel_size=(3,), stride=(1,))
  (7): ELU(alpha=1.0)
  (8): MaxPool1d(kernel_size=2, stride=2, padding=0, dilation=1, ceil_mode=False)
  (9): Conv1d(35, 185, kernel_size=(3,), stride=(1,))
  (10): ELU(alpha=1.0)
  (11): MaxPool1d(kernel_size=8, stride=8, padding=0, dilation=1, ceil_mode=False)
  (12): Flatten(start_dim=1, end_dim=-1)
  (13): Linear(in_features=185, out_features=32, bias=True)
  (14): ELU(alpha=1.0)
  (15): Linear(in_features=32, out_features=1, bias=True)
)
┏━━━┳━━━━━━━━━━━┳━━━━━━━━━━━━┳━━━━━━━━┳━━━━━━━┳━━━━━━━┳━━━━━━━━━━━━┳━━━━━━━━━━━┓
┃   ┃ Name      ┃ Type       ┃ Params ┃ Mode  ┃ FLOPs ┃   In sizes ┃ Out sizes ┃
┡━━━╇━━━━━━━━━━━╇━━━━━━━━━━━━╇━━━━━━━━╇━━━━━━━╇━━━━━━━╇━━━━━━━━━━━━╇━━━━━━━━━━━┩
│ 0 │ model     │ Sequential │ 41.4 K │ train │ 7.8 M │     [1, 1, │    [1, 1] │
│   │           │            │        │       │       │      1080] │           │
│ 1 │ criterion │ MSELoss    │      0 │ train │     0 │          ? │         ? │
└───┴───────────┴────────────┴────────┴───────┴───────┴────────────┴───────────┘
Trainable params: 41.4 K                                                        
Non-trainable params: 0                                                         
Total params: 41.4 K                                                            
Total estimated model params size (MB): 0                                       
Modules in train mode: 18                                                       
Modules in eval mode: 0                                                         
Total FLOPs: 7.8 M                                                              

--- Starting training for Architecture 8 ---

[Model Init] arch_id=8
Sequential(
  (0): Conv1d(1, 180, kernel_size=(3,), stride=(1,))
  (1): ELU(alpha=1.0)
  (2): MaxPool1d(kernel_size=2, stride=2, padding=0, dilation=1, ceil_mode=False)
  (3): Conv1d(180, 146, kernel_size=(3,), stride=(1,))
  (4): ELU(alpha=1.0)
  (5): MaxPool1d(kernel_size=2, stride=2, padding=0, dilation=1, ceil_mode=False)
  (6): Conv1d(146, 129, kernel_size=(3,), stride=(1,))
  (7): ELU(alpha=1.0)
  (8): MaxPool1d(kernel_size=2, stride=2, padding=0, dilation=1, ceil_mode=False)
  (9): Conv1d(129, 206, kernel_size=(3,), stride=(1,))
  (10): ELU(alpha=1.0)
  (11): MaxPool1d(kernel_size=2, stride=2, padding=0, dilation=1, ceil_mode=False)
  (12): Conv1d(206, 138, kernel_size=(3,), stride=(1,))
  (13): ELU(alpha=1.0)
  (14): MaxPool1d(kernel_size=2, stride=2, padding=0, dilation=1, ceil_mode=False)
  (15): Flatten(start_dim=1, end_dim=-1)
  (16): Linear(in_features=4278, out_features=96, bias=True)
  (17): ELU(alpha=1.0)
  (18): Linear(in_features=96, out_features=1, bias=True)
)
┏━━━┳━━━━━━━━━━━┳━━━━━━━━━━━━┳━━━━━━━━┳━━━━━━━┳━━━━━━━┳━━━━━━━━━━━━┳━━━━━━━━━━━┓
┃   ┃ Name      ┃ Type       ┃ Params ┃ Mode  ┃ FLOPs ┃   In sizes ┃ Out sizes ┃
┡━━━╇━━━━━━━━━━━╇━━━━━━━━━━━━╇━━━━━━━━╇━━━━━━━╇━━━━━━━╇━━━━━━━━━━━━╇━━━━━━━━━━━┩
│ 0 │ model     │ Sequential │  712 K │ train │ 148 M │     [1, 1, │    [1, 1] │
│   │           │            │        │       │       │      1080] │           │
│ 1 │ criterion │ MSELoss    │      0 │ train │     0 │          ? │         ? │
└───┴───────────┴────────────┴────────┴───────┴───────┴────────────┴───────────┘
Trainable params: 712 K                                                         
Non-trainable params: 0                                                         
Total params: 712 K                                                             
Total estimated model params size (MB): 2                                       
Modules in train mode: 21                                                       
Modules in eval mode: 0                                                         
Total FLOPs: 148 M                                                              
Epoch 19/19 ━━━━━━━━━━━━━━━━ 87/87 0:00:01 • 0:00:00 62.66it/s v_num: 0.000     
                                                               train/loss_step: 
                                                               0.003 val/loss:  
                                                               0.003            
                                                               train/loss_epoch:
                                                               0.002            
Saved model to /nas/longleaf/home/zayah/f1tenth_ng_zc/nas/dnn-output/trial_artifacts/20260412T171127_trial00002/track_width/models/track_width_arch8.pt
