
--- Starting training for Architecture 8 ---

[Model Init] arch_id=8
Sequential(
  (0): Conv1d(1, 32, kernel_size=(3,), stride=(1,))
  (1): ELU(alpha=1.0)
  (2): MaxPool1d(kernel_size=4, stride=4, padding=0, dilation=1, ceil_mode=False)
  (3): Conv1d(32, 196, kernel_size=(3,), stride=(1,))
  (4): ELU(alpha=1.0)
  (5): MaxPool1d(kernel_size=4, stride=4, padding=0, dilation=1, ceil_mode=False)
  (6): Conv1d(196, 165, kernel_size=(3,), stride=(1,))
  (7): ELU(alpha=1.0)
  (8): MaxPool1d(kernel_size=2, stride=2, padding=0, dilation=1, ceil_mode=False)
  (9): Flatten(start_dim=1, end_dim=-1)
  (10): Linear(in_features=5280, out_features=102, bias=True)
  (11): ELU(alpha=1.0)
  (12): Linear(in_features=102, out_features=1, bias=True)
)
┏━━━┳━━━━━━━━━━━┳━━━━━━━━━━━━┳━━━━━━━━┳━━━━━━━┳━━━━━━━━┳━━━━━━━━━━━┳━━━━━━━━━━━┓
┃   ┃ Name      ┃ Type       ┃ Params ┃ Mode  ┃  FLOPs ┃  In sizes ┃ Out sizes ┃
┡━━━╇━━━━━━━━━━━╇━━━━━━━━━━━━╇━━━━━━━━╇━━━━━━━╇━━━━━━━━╇━━━━━━━━━━━╇━━━━━━━━━━━┩
│ 0 │ model     │ Sequential │  655 K │ train │ 23.8 M │    [1, 1, │    [1, 1] │
│   │           │            │        │       │        │     1080] │           │
│ 1 │ criterion │ MSELoss    │      0 │ train │      0 │         ? │         ? │
└───┴───────────┴────────────┴────────┴───────┴────────┴───────────┴───────────┘
Trainable params: 655 K                                                         
Non-trainable params: 0                                                         
Total params: 655 K                                                             
Total estimated model params size (MB): 2                                       
Modules in train mode: 15                                                       
Modules in eval mode: 0                                                         
Total FLOPs: 23.8 M                                                             

--- Starting training for Architecture 8 ---

[Model Init] arch_id=8
Sequential(
  (0): Conv1d(1, 35, kernel_size=(3,), stride=(1,))
  (1): ReLU()
  (2): MaxPool1d(kernel_size=2, stride=2, padding=0, dilation=1, ceil_mode=False)
  (3): Conv1d(35, 110, kernel_size=(3,), stride=(1,))
  (4): ReLU()
  (5): MaxPool1d(kernel_size=4, stride=4, padding=0, dilation=1, ceil_mode=False)
  (6): Conv1d(110, 156, kernel_size=(3,), stride=(1,))
  (7): ReLU()
  (8): MaxPool1d(kernel_size=2, stride=2, padding=0, dilation=1, ceil_mode=False)
  (9): Conv1d(156, 60, kernel_size=(3,), stride=(1,))
  (10): ReLU()
  (11): MaxPool1d(kernel_size=2, stride=2, padding=0, dilation=1, ceil_mode=False)
  (12): Flatten(start_dim=1, end_dim=-1)
  (13): Linear(in_features=1920, out_features=36, bias=True)
  (14): ReLU()
  (15): Linear(in_features=36, out_features=1, bias=True)
)
┏━━━┳━━━━━━━━━━━┳━━━━━━━━━━━━┳━━━━━━━━┳━━━━━━━┳━━━━━━━━┳━━━━━━━━━━━┳━━━━━━━━━━━┓
┃   ┃ Name      ┃ Type       ┃ Params ┃ Mode  ┃  FLOPs ┃  In sizes ┃ Out sizes ┃
┡━━━╇━━━━━━━━━━━╇━━━━━━━━━━━━╇━━━━━━━━╇━━━━━━━╇━━━━━━━━╇━━━━━━━━━━━╇━━━━━━━━━━━┩
│ 0 │ model     │ Sequential │  160 K │ train │ 30.0 M │    [1, 1, │    [1, 1] │
│   │           │            │        │       │        │     1080] │           │
│ 1 │ criterion │ MSELoss    │      0 │ train │      0 │         ? │         ? │
└───┴───────────┴────────────┴────────┴───────┴────────┴───────────┴───────────┘

--- Starting training for Architecture 8 ---

[Model Init] arch_id=8
Sequential(
  (0): Conv1d(1, 69, kernel_size=(3,), stride=(1,))
  (1): ELU(alpha=1.0)
  (2): MaxPool1d(kernel_size=4, stride=4, padding=0, dilation=1, ceil_mode=False)
  (3): Conv1d(69, 151, kernel_size=(3,), stride=(1,))
  (4): ELU(alpha=1.0)
  (5): MaxPool1d(kernel_size=8, stride=8, padding=0, dilation=1, ceil_mode=False)
  (6): Conv1d(151, 78, kernel_size=(3,), stride=(1,))
  (7): ELU(alpha=1.0)
  (8): MaxPool1d(kernel_size=2, stride=2, padding=0, dilation=1, ceil_mode=False)
  (9): Conv1d(78, 50, kernel_size=(3,), stride=(1,))
  (10): ELU(alpha=1.0)
  (11): MaxPool1d(kernel_size=4, stride=4, padding=0, dilation=1, ceil_mode=False)
  (12): Conv1d(50, 144, kernel_size=(3,), stride=(1,))
  (13): ELU(alpha=1.0)
  (14): Flatten(start_dim=1, end_dim=-1)
  (15): Linear(in_features=144, out_features=32, bias=True)
  (16): ELU(alpha=1.0)
  (17): Linear(in_features=32, out_features=1, bias=True)
)
┏━━━┳━━━━━━━━━━━┳━━━━━━━━━━━━┳━━━━━━━━┳━━━━━━━┳━━━━━━━━┳━━━━━━━━━━━┳━━━━━━━━━━━┓
┃   ┃ Name      ┃ Type       ┃ Params ┃ Mode  ┃  FLOPs ┃  In sizes ┃ Out sizes ┃
┡━━━╇━━━━━━━━━━━╇━━━━━━━━━━━━╇━━━━━━━━╇━━━━━━━╇━━━━━━━━╇━━━━━━━━━━━╇━━━━━━━━━━━┩
│ 0 │ model     │ Sequential │  105 K │ train │ 19.7 M │    [1, 1, │    [1, 1] │
│   │           │            │        │       │        │     1080] │           │
│ 1 │ criterion │ MSELoss    │      0 │ train │      0 │         ? │         ? │
└───┴───────────┴────────────┴────────┴───────┴────────┴───────────┴───────────┘
Trainable params: 160 K                                                         
Non-trainable params: 0                                                         
Total params: 160 K                                                             
Total estimated model params size (MB): 0                                       
Modules in train mode: 18                                                       
Modules in eval mode: 0                                                         
Total FLOPs: 30.0 M                                                             
Trainable params: 105 K                                                         
Non-trainable params: 0                                                         
Total params: 105 K                                                             
Total estimated model params size (MB): 0                                       
Modules in train mode: 20                                                       
Modules in eval mode: 0                                                         
Total FLOPs: 19.7 M                                                             
Epoch 19/19 ━━━━━━━━━━━━━━━━ 87/87 0:00:01 • 0:00:00 58.62it/s v_num: 0.000     
                                                               train/loss_step: 
                                                               0.001 val/loss:  
                                                               0.002            
                                                               train/loss_epoch:
                                                               0.001            
Saved model to /nas/longleaf/home/zayah/f1tenth_ng_zc/nas/dnn-output/trial_artifacts/20260412T171127_trial00000/heading_error/models/heading_error_arch8.pt
Epoch 19/19 ━━━━━━━━━━━━━━━━ 87/87 0:00:01 • 0:00:00 61.93it/s v_num: 0.000     
                                                               train/loss_step: 
                                                               0.000 val/loss:  
                                                               0.001            
                                                               train/loss_epoch:
                                                               0.001            
Saved model to /nas/longleaf/home/zayah/f1tenth_ng_zc/nas/dnn-output/trial_artifacts/20260412T171127_trial00000/track_width/models/track_width_arch8.pt
Epoch 19/19 ━━━━━━━━━━━━━━━━ 87/87 0:00:01 • 0:00:00 64.50it/s v_num: 0.000     
                                                               train/loss_step: 
                                                               0.001 val/loss:  
                                                               0.001            
                                                               train/loss_epoch:
                                                               0.001            
Saved model to /nas/longleaf/home/zayah/f1tenth_ng_zc/nas/dnn-output/trial_artifacts/20260412T171127_trial00000/left_wall_dist/models/left_wall_dist_arch8.pt

--- Starting training for Architecture 8 ---

[Model Init] arch_id=8
Sequential(
  (0): Conv1d(1, 46, kernel_size=(3,), stride=(1,))
  (1): ELU(alpha=1.0)
  (2): MaxPool1d(kernel_size=4, stride=4, padding=0, dilation=1, ceil_mode=False)
  (3): Conv1d(46, 92, kernel_size=(3,), stride=(1,))
  (4): ELU(alpha=1.0)
  (5): MaxPool1d(kernel_size=8, stride=8, padding=0, dilation=1, ceil_mode=False)
  (6): Flatten(start_dim=1, end_dim=-1)
  (7): Linear(in_features=3036, out_features=58, bias=True)
  (8): ELU(alpha=1.0)
  (9): Linear(in_features=58, out_features=1, bias=True)
)
┏━━━┳━━━━━━━━━━━┳━━━━━━━━━━━━┳━━━━━━━━┳━━━━━━━┳━━━━━━━┳━━━━━━━━━━━━┳━━━━━━━━━━━┓
┃   ┃ Name      ┃ Type       ┃ Params ┃ Mode  ┃ FLOPs ┃   In sizes ┃ Out sizes ┃
┡━━━╇━━━━━━━━━━━╇━━━━━━━━━━━━╇━━━━━━━━╇━━━━━━━╇━━━━━━━╇━━━━━━━━━━━━╇━━━━━━━━━━━┩
│ 0 │ model     │ Sequential │  189 K │ train │ 7.4 M │     [1, 1, │    [1, 1] │
│   │           │            │        │       │       │      1080] │           │
│ 1 │ criterion │ MSELoss    │      0 │ train │     0 │          ? │         ? │
└───┴───────────┴────────────┴────────┴───────┴───────┴────────────┴───────────┘
Trainable params: 189 K                                                         
Non-trainable params: 0                                                         
Total params: 189 K                                                             
Total estimated model params size (MB): 0                                       
Modules in train mode: 12                                                       
Modules in eval mode: 0                                                         
Total FLOPs: 7.4 M                                                              

--- Starting training for Architecture 8 ---

[Model Init] arch_id=8
Sequential(
  (0): Conv1d(1, 65, kernel_size=(3,), stride=(1,))
  (1): ReLU()
  (2): MaxPool1d(kernel_size=2, stride=2, padding=0, dilation=1, ceil_mode=False)
  (3): Conv1d(65, 53, kernel_size=(3,), stride=(1,))
  (4): ReLU()
  (5): MaxPool1d(kernel_size=4, stride=4, padding=0, dilation=1, ceil_mode=False)
  (6): Flatten(start_dim=1, end_dim=-1)
  (7): Linear(in_features=7102, out_features=128, bias=True)
  (8): ReLU()
  (9): Linear(in_features=128, out_features=1, bias=True)
)
┏━━━┳━━━━━━━━━━━┳━━━━━━━━━━━━┳━━━━━━━━┳━━━━━━━┳━━━━━━━━┳━━━━━━━━━━━┳━━━━━━━━━━━┓
┃   ┃ Name      ┃ Type       ┃ Params ┃ Mode  ┃  FLOPs ┃  In sizes ┃ Out sizes ┃
┡━━━╇━━━━━━━━━━━╇━━━━━━━━━━━━╇━━━━━━━━╇━━━━━━━╇━━━━━━━━╇━━━━━━━━━━━╇━━━━━━━━━━━┩
│ 0 │ model     │ Sequential │  919 K │ train │ 13.3 M │    [1, 1, │    [1, 1] │
│   │           │            │        │       │        │     1080] │           │
│ 1 │ criterion │ MSELoss    │      0 │ train │      0 │         ? │         ? │
└───┴───────────┴────────────┴────────┴───────┴────────┴───────────┴───────────┘
Trainable params: 919 K                                                         
Non-trainable params: 0                                                         
Total params: 919 K                                                             
Total estimated model params size (MB): 3                                       
Modules in train mode: 12                                                       
Modules in eval mode: 0                                                         
Total FLOPs: 13.3 M                                                             

--- Starting training for Architecture 8 ---

[Model Init] arch_id=8
Sequential(
  (0): Conv1d(1, 181, kernel_size=(3,), stride=(1,))
  (1): ELU(alpha=1.0)
  (2): MaxPool1d(kernel_size=4, stride=4, padding=0, dilation=1, ceil_mode=False)
  (3): Conv1d(181, 195, kernel_size=(3,), stride=(1,))
  (4): ELU(alpha=1.0)
  (5): MaxPool1d(kernel_size=4, stride=4, padding=0, dilation=1, ceil_mode=False)
  (6): Conv1d(195, 61, kernel_size=(3,), stride=(1,))
  (7): ELU(alpha=1.0)
  (8): MaxPool1d(kernel_size=8, stride=8, padding=0, dilation=1, ceil_mode=False)
  (9): Conv1d(61, 157, kernel_size=(3,), stride=(1,))
  (10): ELU(alpha=1.0)
  (11): MaxPool1d(kernel_size=4, stride=4, padding=0, dilation=1, ceil_mode=False)
  (12): Flatten(start_dim=1, end_dim=-1)
  (13): Linear(in_features=157, out_features=32, bias=True)
  (14): ELU(alpha=1.0)
  (15): Linear(in_features=32, out_features=1, bias=True)
)
┏━━━┳━━━━━━━━━━━┳━━━━━━━━━━━━┳━━━━━━━━┳━━━━━━━┳━━━━━━━━┳━━━━━━━━━━━┳━━━━━━━━━━━┓
┃   ┃ Name      ┃ Type       ┃ Params ┃ Mode  ┃  FLOPs ┃  In sizes ┃ Out sizes ┃
┡━━━╇━━━━━━━━━━━╇━━━━━━━━━━━━╇━━━━━━━━╇━━━━━━━╇━━━━━━━━╇━━━━━━━━━━━╇━━━━━━━━━━━┩
│ 0 │ model     │ Sequential │  176 K │ train │ 62.6 M │    [1, 1, │    [1, 1] │
│   │           │            │        │       │        │     1080] │           │
│ 1 │ criterion │ MSELoss    │      0 │ train │      0 │         ? │         ? │
└───┴───────────┴────────────┴────────┴───────┴────────┴───────────┴───────────┘
Trainable params: 176 K                                                         
Non-trainable params: 0                                                         
Total params: 176 K                                                             
Total estimated model params size (MB): 0                                       
Modules in train mode: 18                                                       
Modules in eval mode: 0                                                         
Total FLOPs: 62.6 M                                                             
Epoch 19/19 ━━━━━━━━━━━━━━━━ 87/87 0:00:01 • 0:00:00 61.80it/s v_num: 1.000     
                                                               train/loss_step: 
                                                               0.000 val/loss:  
                                                               0.003            
                                                               train/loss_epoch:
                                                               0.001            
Saved model to /nas/longleaf/home/zayah/f1tenth_ng_zc/nas/dnn-output/trial_artifacts/20260412T171127_trial00001/track_width/models/track_width_arch8.pt
Epoch 19/19 ━━━━━━━━━━━━━━━━ 87/87 0:00:01 • 0:00:00 62.74it/s v_num: 1.000     
                                                               train/loss_step: 
                                                               0.000 val/loss:  
                                                               0.000            
                                                               train/loss_epoch:
                                                               0.000            
Saved model to /nas/longleaf/home/zayah/f1tenth_ng_zc/nas/dnn-output/trial_artifacts/20260412T171127_trial00001/left_wall_dist/models/left_wall_dist_arch8.pt
Epoch 19/19 ━━━━━━━━━━━━━━━━ 87/87 0:00:01 • 0:00:00 77.72it/s v_num: 1.000     
                                                               train/loss_step: 
                                                               0.001 val/loss:  
                                                               0.005            
                                                               train/loss_epoch:
                                                               0.002            
Saved model to /nas/longleaf/home/zayah/f1tenth_ng_zc/nas/dnn-output/trial_artifacts/20260412T171127_trial00001/heading_error/models/heading_error_arch8.pt

--- Starting training for Architecture 8 ---

[Model Init] arch_id=8
Sequential(
  (0): Conv1d(1, 46, kernel_size=(3,), stride=(1,))
  (1): ELU(alpha=1.0)
  (2): MaxPool1d(kernel_size=8, stride=8, padding=0, dilation=1, ceil_mode=False)
  (3): Conv1d(46, 41, kernel_size=(3,), stride=(1,))
  (4): ELU(alpha=1.0)
  (5): MaxPool1d(kernel_size=4, stride=4, padding=0, dilation=1, ceil_mode=False)
  (6): Flatten(start_dim=1, end_dim=-1)
  (7): Linear(in_features=1353, out_features=90, bias=True)
  (8): ELU(alpha=1.0)
  (9): Linear(in_features=90, out_features=1, bias=True)
)
┏━━━┳━━━━━━━━━━━┳━━━━━━━━━━━━┳━━━━━━━━┳━━━━━━━┳━━━━━━━┳━━━━━━━━━━━━┳━━━━━━━━━━━┓
┃   ┃ Name      ┃ Type       ┃ Params ┃ Mode  ┃ FLOPs ┃   In sizes ┃ Out sizes ┃
┡━━━╇━━━━━━━━━━━╇━━━━━━━━━━━━╇━━━━━━━━╇━━━━━━━╇━━━━━━━╇━━━━━━━━━━━━╇━━━━━━━━━━━┩
│ 0 │ model     │ Sequential │  127 K │ train │ 2.0 M │     [1, 1, │    [1, 1] │
│   │           │            │        │       │       │      1080] │           │
│ 1 │ criterion │ MSELoss    │      0 │ train │     0 │          ? │         ? │
└───┴───────────┴────────────┴────────┴───────┴───────┴────────────┴───────────┘
Trainable params: 127 K                                                         
Non-trainable params: 0                                                         
Total params: 127 K                                                             
Total estimated model params size (MB): 0                                       
Modules in train mode: 12                                                       
Modules in eval mode: 0                                                         
Total FLOPs: 2.0 M                                                              

--- Starting training for Architecture 8 ---

[Model Init] arch_id=8
Sequential(
  (0): Conv1d(1, 44, kernel_size=(3,), stride=(1,))
  (1): ELU(alpha=1.0)
  (2): MaxPool1d(kernel_size=8, stride=8, padding=0, dilation=1, ceil_mode=False)
  (3): Conv1d(44, 114, kernel_size=(3,), stride=(1,))
  (4): ELU(alpha=1.0)
  (5): MaxPool1d(kernel_size=4, stride=4, padding=0, dilation=1, ceil_mode=False)
  (6): Conv1d(114, 53, kernel_size=(3,), stride=(1,))
  (7): ELU(alpha=1.0)
  (8): MaxPool1d(kernel_size=8, stride=8, padding=0, dilation=1, ceil_mode=False)
  (9): Conv1d(53, 211, kernel_size=(3,), stride=(1,))
  (10): ELU(alpha=1.0)
  (11): Flatten(start_dim=1, end_dim=-1)
  (12): Linear(in_features=211, out_features=32, bias=True)
  (13): ELU(alpha=1.0)
  (14): Linear(in_features=32, out_features=1, bias=True)
)
┏━━━┳━━━━━━━━━━━┳━━━━━━━━━━━━┳━━━━━━━━┳━━━━━━━┳━━━━━━━┳━━━━━━━━━━━━┳━━━━━━━━━━━┓
┃   ┃ Name      ┃ Type       ┃ Params ┃ Mode  ┃ FLOPs ┃   In sizes ┃ Out sizes ┃
┡━━━╇━━━━━━━━━━━╇━━━━━━━━━━━━╇━━━━━━━━╇━━━━━━━╇━━━━━━━╇━━━━━━━━━━━━╇━━━━━━━━━━━┩
│ 0 │ model     │ Sequential │ 74.1 K │ train │ 5.5 M │     [1, 1, │    [1, 1] │
│   │           │            │        │       │       │      1080] │           │
│ 1 │ criterion │ MSELoss    │      0 │ train │     0 │          ? │         ? │
└───┴───────────┴────────────┴────────┴───────┴───────┴────────────┴───────────┘
Trainable params: 74.1 K                                                        
Non-trainable params: 0                                                         
Total params: 74.1 K                                                            
Total estimated model params size (MB): 0                                       
Modules in train mode: 17                                                       
Modules in eval mode: 0                                                         
Total FLOPs: 5.5 M                                                              

--- Starting training for Architecture 8 ---

[Model Init] arch_id=8
Sequential(
  (0): Conv1d(1, 236, kernel_size=(3,), stride=(1,))
  (1): ReLU()
  (2): MaxPool1d(kernel_size=2, stride=2, padding=0, dilation=1, ceil_mode=False)
  (3): Conv1d(236, 37, kernel_size=(3,), stride=(1,))
  (4): ReLU()
  (5): MaxPool1d(kernel_size=2, stride=2, padding=0, dilation=1, ceil_mode=False)
  (6): Conv1d(37, 76, kernel_size=(3,), stride=(1,))
  (7): ReLU()
  (8): MaxPool1d(kernel_size=4, stride=4, padding=0, dilation=1, ceil_mode=False)
  (9): Flatten(start_dim=1, end_dim=-1)
  (10): Linear(in_features=5016, out_features=117, bias=True)
  (11): ReLU()
  (12): Linear(in_features=117, out_features=1, bias=True)
)
┏━━━┳━━━━━━━━━━━┳━━━━━━━━━━━━┳━━━━━━━━┳━━━━━━━┳━━━━━━━━┳━━━━━━━━━━━┳━━━━━━━━━━━┓
┃   ┃ Name      ┃ Type       ┃ Params ┃ Mode  ┃  FLOPs ┃  In sizes ┃ Out sizes ┃
┡━━━╇━━━━━━━━━━━╇━━━━━━━━━━━━╇━━━━━━━━╇━━━━━━━╇━━━━━━━━╇━━━━━━━━━━━╇━━━━━━━━━━━┩
│ 0 │ model     │ Sequential │  622 K │ train │ 35.3 M │    [1, 1, │    [1, 1] │
│   │           │            │        │       │        │     1080] │           │
│ 1 │ criterion │ MSELoss    │      0 │ train │      0 │         ? │         ? │
└───┴───────────┴────────────┴────────┴───────┴────────┴───────────┴───────────┘
Trainable params: 622 K                                                         
Non-trainable params: 0                                                         
Total params: 622 K                                                             
Total estimated model params size (MB): 2                                       
Modules in train mode: 15                                                       
Modules in eval mode: 0                                                         
Total FLOPs: 35.3 M                                                             
