
--- Starting training for Architecture 8 ---

[Model Init] arch_id=8
Sequential(
  (0): Flatten(start_dim=1, end_dim=-1)
  (1): Linear(in_features=1080, out_features=32, bias=True)
  (2): ELU(alpha=1.0)
  (3): Linear(in_features=32, out_features=1, bias=True)
)
┏━━━┳━━━━━━━━━━━┳━━━━━━━━━━━━┳━━━━━━━━┳━━━━━━━┳━━━━━━━━┳━━━━━━━━━━━┳━━━━━━━━━━━┓
┃   ┃ Name      ┃ Type       ┃ Params ┃ Mode  ┃  FLOPs ┃  In sizes ┃ Out sizes ┃
┡━━━╇━━━━━━━━━━━╇━━━━━━━━━━━━╇━━━━━━━━╇━━━━━━━╇━━━━━━━━╇━━━━━━━━━━━╇━━━━━━━━━━━┩
│ 0 │ model     │ Sequential │ 34.6 K │ train │ 69.2 K │    [1, 1, │    [1, 1] │
│   │           │            │        │       │        │     1080] │           │
│ 1 │ criterion │ MSELoss    │      0 │ train │      0 │         ? │         ? │
└───┴───────────┴────────────┴────────┴───────┴────────┴───────────┴───────────┘
Trainable params: 34.6 K                                                        
Non-trainable params: 0                                                         
Total params: 34.6 K                                                            
Total estimated model params size (MB): 0                                       
Modules in train mode: 6                                                        
Modules in eval mode: 0                                                         
Total FLOPs: 69.2 K                                                             

--- Starting training for Architecture 8 ---

[Model Init] arch_id=8
Sequential(
  (0): Flatten(start_dim=1, end_dim=-1)
  (1): Linear(in_features=1080, out_features=32, bias=True)
  (2): ReLU()
  (3): Linear(in_features=32, out_features=1, bias=True)
)
┏━━━┳━━━━━━━━━━━┳━━━━━━━━━━━━┳━━━━━━━━┳━━━━━━━┳━━━━━━━━┳━━━━━━━━━━━┳━━━━━━━━━━━┓
┃   ┃ Name      ┃ Type       ┃ Params ┃ Mode  ┃  FLOPs ┃  In sizes ┃ Out sizes ┃
┡━━━╇━━━━━━━━━━━╇━━━━━━━━━━━━╇━━━━━━━━╇━━━━━━━╇━━━━━━━━╇━━━━━━━━━━━╇━━━━━━━━━━━┩
│ 0 │ model     │ Sequential │ 34.6 K │ train │ 69.2 K │    [1, 1, │    [1, 1] │
│   │           │            │        │       │        │     1080] │           │
│ 1 │ criterion │ MSELoss    │      0 │ train │      0 │         ? │         ? │
└───┴───────────┴────────────┴────────┴───────┴────────┴───────────┴───────────┘
Trainable params: 34.6 K                                                        
Non-trainable params: 0                                                         
Total params: 34.6 K                                                            
Total estimated model params size (MB): 0                                       
Modules in train mode: 6                                                        
Modules in eval mode: 0                                                         
Total FLOPs: 69.2 K                                                             

--- Starting training for Architecture 8 ---

[Model Init] arch_id=8
Sequential(
  (0): Conv1d(1, 24, kernel_size=(3,), stride=(1,))
  (1): ReLU()
  (2): MaxPool1d(kernel_size=8, stride=8, padding=0, dilation=1, ceil_mode=False)
  (3): Conv1d(24, 13, kernel_size=(3,), stride=(1,))
  (4): ReLU()
  (5): MaxPool1d(kernel_size=8, stride=8, padding=0, dilation=1, ceil_mode=False)
  (6): Flatten(start_dim=1, end_dim=-1)
  (7): Linear(in_features=208, out_features=64, bias=True)
  (8): ReLU()
  (9): Linear(in_features=64, out_features=1, bias=True)
)
┏━━━┳━━━━━━━━━━━┳━━━━━━━━━━━━┳━━━━━━━━┳━━━━━━━┳━━━━━━━┳━━━━━━━━━━━━┳━━━━━━━━━━━┓
┃   ┃ Name      ┃ Type       ┃ Params ┃ Mode  ┃ FLOPs ┃   In sizes ┃ Out sizes ┃
┡━━━╇━━━━━━━━━━━╇━━━━━━━━━━━━╇━━━━━━━━╇━━━━━━━╇━━━━━━━╇━━━━━━━━━━━━╇━━━━━━━━━━━┩
│ 0 │ model     │ Sequential │ 14.5 K │ train │ 429 K │     [1, 1, │    [1, 1] │
│   │           │            │        │       │       │      1080] │           │
│ 1 │ criterion │ MSELoss    │      0 │ train │     0 │          ? │         ? │
└───┴───────────┴────────────┴────────┴───────┴───────┴────────────┴───────────┘
Trainable params: 14.5 K                                                        
Non-trainable params: 0                                                         
Total params: 14.5 K                                                            
Total estimated model params size (MB): 0                                       
Modules in train mode: 12                                                       
Modules in eval mode: 0                                                         
Total FLOPs: 429 K                                                              
Epoch 29/29 ━━━━━━━━━━━━━━━━ 124/124 0:00:01 •       85.64it/s v_num: 0.000     
                                     0:00:00                   train/loss_step: 
                                                               0.002 val/loss:  
                                                               0.006            
                                                               train/loss_epoch:
                                                               0.004            
Saved model to /nas/longleaf/home/zayah/f1tenth_ng_zc/nas/dnn-output/trial_artifacts/20260423T190201_1595880_756ba7_trial00000/track_width/models/track_width_arch8.pt
Epoch 29/29 ━━━━━━━━━━━━━━━━ 124/124 0:00:01 •       82.28it/s v_num: 0.000     
                                     0:00:00                   train/loss_step: 
                                                               0.003 val/loss:  
                                                               0.004            
                                                               train/loss_epoch:
                                                               0.005            
Saved model to /nas/longleaf/home/zayah/f1tenth_ng_zc/nas/dnn-output/trial_artifacts/20260423T190201_1595880_756ba7_trial00000/heading_error/models/heading_error_arch8.pt
Epoch 29/29 ━━━━━━━━━━━━━━━━ 124/124 0:00:01 •       76.87it/s v_num: 0.000     
                                     0:00:00                   train/loss_step: 
                                                               0.001 val/loss:  
                                                               0.004            
                                                               train/loss_epoch:
                                                               0.002            
Saved model to /nas/longleaf/home/zayah/f1tenth_ng_zc/nas/dnn-output/trial_artifacts/20260423T190201_1595880_756ba7_trial00000/left_wall_dist/models/left_wall_dist_arch8.pt

--- Starting training for Architecture 8 ---

[Model Init] arch_id=8
Sequential(
  (0): Flatten(start_dim=1, end_dim=-1)
  (1): Linear(in_features=1080, out_features=64, bias=True)
  (2): ELU(alpha=1.0)
  (3): Linear(in_features=64, out_features=1, bias=True)
)
┏━━━┳━━━━━━━━━━━┳━━━━━━━━━━━━┳━━━━━━━━┳━━━━━━━┳━━━━━━━┳━━━━━━━━━━━━┳━━━━━━━━━━━┓
┃   ┃ Name      ┃ Type       ┃ Params ┃ Mode  ┃ FLOPs ┃   In sizes ┃ Out sizes ┃
┡━━━╇━━━━━━━━━━━╇━━━━━━━━━━━━╇━━━━━━━━╇━━━━━━━╇━━━━━━━╇━━━━━━━━━━━━╇━━━━━━━━━━━┩
│ 0 │ model     │ Sequential │ 69.2 K │ train │ 138 K │     [1, 1, │    [1, 1] │
│   │           │            │        │       │       │      1080] │           │
│ 1 │ criterion │ MSELoss    │      0 │ train │     0 │          ? │         ? │
└───┴───────────┴────────────┴────────┴───────┴───────┴────────────┴───────────┘
Trainable params: 69.2 K                                                        
Non-trainable params: 0                                                         
Total params: 69.2 K                                                            
Total estimated model params size (MB): 0                                       
Modules in train mode: 6                                                        
Modules in eval mode: 0                                                         
Total FLOPs: 138 K                                                              

--- Starting training for Architecture 8 ---

[Model Init] arch_id=8
Sequential(
  (0): Flatten(start_dim=1, end_dim=-1)
  (1): Linear(in_features=1080, out_features=128, bias=True)
  (2): ELU(alpha=1.0)
  (3): Linear(in_features=128, out_features=1, bias=True)
)
┏━━━┳━━━━━━━━━━━┳━━━━━━━━━━━━┳━━━━━━━━┳━━━━━━━┳━━━━━━━┳━━━━━━━━━━━━┳━━━━━━━━━━━┓
┃   ┃ Name      ┃ Type       ┃ Params ┃ Mode  ┃ FLOPs ┃   In sizes ┃ Out sizes ┃
┡━━━╇━━━━━━━━━━━╇━━━━━━━━━━━━╇━━━━━━━━╇━━━━━━━╇━━━━━━━╇━━━━━━━━━━━━╇━━━━━━━━━━━┩
│ 0 │ model     │ Sequential │  138 K │ train │ 276 K │     [1, 1, │    [1, 1] │
│   │           │            │        │       │       │      1080] │           │
│ 1 │ criterion │ MSELoss    │      0 │ train │     0 │          ? │         ? │
└───┴───────────┴────────────┴────────┴───────┴───────┴────────────┴───────────┘
Trainable params: 138 K                                                         
Non-trainable params: 0                                                         
Total params: 138 K                                                             
Total estimated model params size (MB): 0                                       
Modules in train mode: 6                                                        
Modules in eval mode: 0                                                         
Total FLOPs: 276 K                                                              

--- Starting training for Architecture 8 ---

[Model Init] arch_id=8
Sequential(
  (0): Flatten(start_dim=1, end_dim=-1)
  (1): Linear(in_features=1080, out_features=64, bias=True)
  (2): ReLU()
  (3): Linear(in_features=64, out_features=1, bias=True)
)
┏━━━┳━━━━━━━━━━━┳━━━━━━━━━━━━┳━━━━━━━━┳━━━━━━━┳━━━━━━━┳━━━━━━━━━━━━┳━━━━━━━━━━━┓
┃   ┃ Name      ┃ Type       ┃ Params ┃ Mode  ┃ FLOPs ┃   In sizes ┃ Out sizes ┃
┡━━━╇━━━━━━━━━━━╇━━━━━━━━━━━━╇━━━━━━━━╇━━━━━━━╇━━━━━━━╇━━━━━━━━━━━━╇━━━━━━━━━━━┩
│ 0 │ model     │ Sequential │ 69.2 K │ train │ 138 K │     [1, 1, │    [1, 1] │
│   │           │            │        │       │       │      1080] │           │
│ 1 │ criterion │ MSELoss    │      0 │ train │     0 │          ? │         ? │
└───┴───────────┴────────────┴────────┴───────┴───────┴────────────┴───────────┘
Trainable params: 69.2 K                                                        
Non-trainable params: 0                                                         
Total params: 69.2 K                                                            
Total estimated model params size (MB): 0                                       
Modules in train mode: 6                                                        
Modules in eval mode: 0                                                         
Total FLOPs: 138 K                                                              
Epoch 29/29 ━━━━━━━━━━━━━━━━ 124/124 0:00:01 •       82.73it/s v_num: 0.000     
                                     0:00:00                   train/loss_step: 
                                                               0.002 val/loss:  
                                                               0.006            
                                                               train/loss_epoch:
                                                               0.005            
Saved model to /nas/longleaf/home/zayah/f1tenth_ng_zc/nas/dnn-output/trial_artifacts/20260423T190201_1595880_756ba7_trial00001/track_width/models/track_width_arch8.pt
Epoch 29/29 ━━━━━━━━━━━━━━━━ 124/124 0:00:01 •       82.31it/s v_num: 0.000     
                                     0:00:00                   train/loss_step: 
                                                               0.001 val/loss:  
                                                               0.002            
                                                               train/loss_epoch:
                                                               0.002            
Saved model to /nas/longleaf/home/zayah/f1tenth_ng_zc/nas/dnn-output/trial_artifacts/20260423T190201_1595880_756ba7_trial00001/left_wall_dist/models/left_wall_dist_arch8.pt
Epoch 29/29 ━━━━━━━━━━━━━━━━ 124/124 0:00:01 •       65.87it/s v_num: 0.000     
                                     0:00:00                   train/loss_step: 
                                                               0.001 val/loss:  
                                                               0.001            
                                                               train/loss_epoch:
                                                               0.002            
Saved model to /nas/longleaf/home/zayah/f1tenth_ng_zc/nas/dnn-output/trial_artifacts/20260423T190201_1595880_756ba7_trial00001/heading_error/models/heading_error_arch8.pt

--- Starting training for Architecture 8 ---

[Model Init] arch_id=8
Sequential(
  (0): Flatten(start_dim=1, end_dim=-1)
  (1): Linear(in_features=1080, out_features=128, bias=True)
  (2): ReLU()
  (3): Linear(in_features=128, out_features=1, bias=True)
)
┏━━━┳━━━━━━━━━━━┳━━━━━━━━━━━━┳━━━━━━━━┳━━━━━━━┳━━━━━━━┳━━━━━━━━━━━━┳━━━━━━━━━━━┓
┃   ┃ Name      ┃ Type       ┃ Params ┃ Mode  ┃ FLOPs ┃   In sizes ┃ Out sizes ┃
┡━━━╇━━━━━━━━━━━╇━━━━━━━━━━━━╇━━━━━━━━╇━━━━━━━╇━━━━━━━╇━━━━━━━━━━━━╇━━━━━━━━━━━┩
│ 0 │ model     │ Sequential │  138 K │ train │ 276 K │     [1, 1, │    [1, 1] │
│   │           │            │        │       │       │      1080] │           │
│ 1 │ criterion │ MSELoss    │      0 │ train │     0 │          ? │         ? │
└───┴───────────┴────────────┴────────┴───────┴───────┴────────────┴───────────┘
Trainable params: 138 K                                                         
Non-trainable params: 0                                                         
Total params: 138 K                                                             
Total estimated model params size (MB): 0                                       
Modules in train mode: 6                                                        
Modules in eval mode: 0                                                         
Total FLOPs: 276 K                                                              

--- Starting training for Architecture 8 ---

[Model Init] arch_id=8
Sequential(
  (0): Flatten(start_dim=1, end_dim=-1)
  (1): Linear(in_features=1080, out_features=32, bias=True)
  (2): ELU(alpha=1.0)
  (3): Linear(in_features=32, out_features=1, bias=True)
)
┏━━━┳━━━━━━━━━━━┳━━━━━━━━━━━━┳━━━━━━━━┳━━━━━━━┳━━━━━━━━┳━━━━━━━━━━━┳━━━━━━━━━━━┓
┃   ┃ Name      ┃ Type       ┃ Params ┃ Mode  ┃  FLOPs ┃  In sizes ┃ Out sizes ┃
┡━━━╇━━━━━━━━━━━╇━━━━━━━━━━━━╇━━━━━━━━╇━━━━━━━╇━━━━━━━━╇━━━━━━━━━━━╇━━━━━━━━━━━┩
│ 0 │ model     │ Sequential │ 34.6 K │ train │ 69.2 K │    [1, 1, │    [1, 1] │
│   │           │            │        │       │        │     1080] │           │
│ 1 │ criterion │ MSELoss    │      0 │ train │      0 │         ? │         ? │
└───┴───────────┴────────────┴────────┴───────┴────────┴───────────┴───────────┘
Trainable params: 34.6 K                                                        
Non-trainable params: 0                                                         
Total params: 34.6 K                                                            
Total estimated model params size (MB): 0                                       
Modules in train mode: 6                                                        
Modules in eval mode: 0                                                         
Total FLOPs: 69.2 K                                                             

--- Starting training for Architecture 8 ---

[Model Init] arch_id=8
Sequential(
  (0): Flatten(start_dim=1, end_dim=-1)
  (1): Linear(in_features=1080, out_features=32, bias=True)
  (2): ReLU()
  (3): Linear(in_features=32, out_features=1, bias=True)
)
┏━━━┳━━━━━━━━━━━┳━━━━━━━━━━━━┳━━━━━━━━┳━━━━━━━┳━━━━━━━━┳━━━━━━━━━━━┳━━━━━━━━━━━┓
┃   ┃ Name      ┃ Type       ┃ Params ┃ Mode  ┃  FLOPs ┃  In sizes ┃ Out sizes ┃
┡━━━╇━━━━━━━━━━━╇━━━━━━━━━━━━╇━━━━━━━━╇━━━━━━━╇━━━━━━━━╇━━━━━━━━━━━╇━━━━━━━━━━━┩
│ 0 │ model     │ Sequential │ 34.6 K │ train │ 69.2 K │    [1, 1, │    [1, 1] │
│   │           │            │        │       │        │     1080] │           │
│ 1 │ criterion │ MSELoss    │      0 │ train │      0 │         ? │         ? │
└───┴───────────┴────────────┴────────┴───────┴────────┴───────────┴───────────┘
Trainable params: 34.6 K                                                        
Non-trainable params: 0                                                         
Total params: 34.6 K                                                            
Total estimated model params size (MB): 0                                       
Modules in train mode: 6                                                        
Modules in eval mode: 0                                                         
Total FLOPs: 69.2 K                                                             
Epoch 29/29 ━━━━━━━━━━━━━━━━ 124/124 0:00:01 •       88.03it/s v_num: 0.000     
                                     0:00:00                   train/loss_step: 
                                                               0.001 val/loss:  
                                                               0.002            
                                                               train/loss_epoch:
                                                               0.002            
Saved model to /nas/longleaf/home/zayah/f1tenth_ng_zc/nas/dnn-output/trial_artifacts/20260423T190201_1595880_756ba7_trial00002/track_width/models/track_width_arch8.pt
Epoch 29/29 ━━━━━━━━━━━━━━━━ 124/124 0:00:01 •       78.29it/s v_num: 0.000     
                                     0:00:00                   train/loss_step: 
                                                               0.001 val/loss:  
                                                               0.002            
                                                               train/loss_epoch:
                                                               0.002            
Saved model to /nas/longleaf/home/zayah/f1tenth_ng_zc/nas/dnn-output/trial_artifacts/20260423T190201_1595880_756ba7_trial00002/left_wall_dist/models/left_wall_dist_arch8.pt
Epoch 29/29 ━━━━━━━━━━━━━━━━ 124/124 0:00:01 •       91.59it/s v_num: 0.000     
                                     0:00:00                   train/loss_step: 
                                                               0.001 val/loss:  
                                                               0.002            
                                                               train/loss_epoch:
                                                               0.003            
Saved model to /nas/longleaf/home/zayah/f1tenth_ng_zc/nas/dnn-output/trial_artifacts/20260423T190201_1595880_756ba7_trial00002/heading_error/models/heading_error_arch8.pt

--- Starting training for Architecture 8 ---

[Model Init] arch_id=8
Sequential(
  (0): Conv1d(1, 11, kernel_size=(3,), stride=(1,))
  (1): ELU(alpha=1.0)
  (2): MaxPool1d(kernel_size=8, stride=8, padding=0, dilation=1, ceil_mode=False)
  (3): Conv1d(11, 24, kernel_size=(3,), stride=(1,))
  (4): ELU(alpha=1.0)
  (5): MaxPool1d(kernel_size=4, stride=4, padding=0, dilation=1, ceil_mode=False)
  (6): Conv1d(24, 18, kernel_size=(3,), stride=(1,))
  (7): ELU(alpha=1.0)
  (8): MaxPool1d(kernel_size=4, stride=4, padding=0, dilation=1, ceil_mode=False)
  (9): Conv1d(18, 49, kernel_size=(3,), stride=(1,))
  (10): ELU(alpha=1.0)
  (11): MaxPool1d(kernel_size=2, stride=2, padding=0, dilation=1, ceil_mode=False)
  (12): Flatten(start_dim=1, end_dim=-1)
  (13): Linear(in_features=98, out_features=128, bias=True)
  (14): ELU(alpha=1.0)
  (15): Linear(in_features=128, out_features=1, bias=True)
)
┏━━━┳━━━━━━━━━━━┳━━━━━━━━━━━━┳━━━━━━━━┳━━━━━━━┳━━━━━━━┳━━━━━━━━━━━━┳━━━━━━━━━━━┓
┃   ┃ Name      ┃ Type       ┃ Params ┃ Mode  ┃ FLOPs ┃   In sizes ┃ Out sizes ┃
┡━━━╇━━━━━━━━━━━╇━━━━━━━━━━━━╇━━━━━━━━╇━━━━━━━╇━━━━━━━╇━━━━━━━━━━━━╇━━━━━━━━━━━┩
│ 0 │ model     │ Sequential │ 17.7 K │ train │ 412 K │     [1, 1, │    [1, 1] │
│   │           │            │        │       │       │      1080] │           │
│ 1 │ criterion │ MSELoss    │      0 │ train │     0 │          ? │         ? │
└───┴───────────┴────────────┴────────┴───────┴───────┴────────────┴───────────┘
Trainable params: 17.7 K                                                        
Non-trainable params: 0                                                         
Total params: 17.7 K                                                            
Total estimated model params size (MB): 0                                       
Modules in train mode: 18                                                       
Modules in eval mode: 0                                                         
Total FLOPs: 412 K                                                              

--- Starting training for Architecture 8 ---

[Model Init] arch_id=8
Sequential(
  (0): Conv1d(1, 8, kernel_size=(3,), stride=(1,))
  (1): ReLU()
  (2): MaxPool1d(kernel_size=4, stride=4, padding=0, dilation=1, ceil_mode=False)
  (3): Flatten(start_dim=1, end_dim=-1)
  (4): Linear(in_features=2152, out_features=64, bias=True)
  (5): ReLU()
  (6): Linear(in_features=64, out_features=1, bias=True)
)
┏━━━┳━━━━━━━━━━━┳━━━━━━━━━━━━┳━━━━━━━━┳━━━━━━━┳━━━━━━━┳━━━━━━━━━━━━┳━━━━━━━━━━━┓
┃   ┃ Name      ┃ Type       ┃ Params ┃ Mode  ┃ FLOPs ┃   In sizes ┃ Out sizes ┃
┡━━━╇━━━━━━━━━━━╇━━━━━━━━━━━━╇━━━━━━━━╇━━━━━━━╇━━━━━━━╇━━━━━━━━━━━━╇━━━━━━━━━━━┩
│ 0 │ model     │ Sequential │  137 K │ train │ 327 K │     [1, 1, │    [1, 1] │
│   │           │            │        │       │       │      1080] │           │
│ 1 │ criterion │ MSELoss    │      0 │ train │     0 │          ? │         ? │
└───┴───────────┴────────────┴────────┴───────┴───────┴────────────┴───────────┘
Trainable params: 137 K                                                         
Non-trainable params: 0                                                         
Total params: 137 K                                                             
Total estimated model params size (MB): 0                                       
Modules in train mode: 9                                                        
Modules in eval mode: 0                                                         
Total FLOPs: 327 K                                                              

--- Starting training for Architecture 8 ---

[Model Init] arch_id=8
Sequential(
  (0): Conv1d(1, 11, kernel_size=(3,), stride=(1,))
  (1): ReLU()
  (2): MaxPool1d(kernel_size=8, stride=8, padding=0, dilation=1, ceil_mode=False)
  (3): Flatten(start_dim=1, end_dim=-1)
  (4): Linear(in_features=1474, out_features=128, bias=True)
  (5): ReLU()
  (6): Linear(in_features=128, out_features=1, bias=True)
)
┏━━━┳━━━━━━━━━━━┳━━━━━━━━━━━━┳━━━━━━━━┳━━━━━━━┳━━━━━━━┳━━━━━━━━━━━━┳━━━━━━━━━━━┓
┃   ┃ Name      ┃ Type       ┃ Params ┃ Mode  ┃ FLOPs ┃   In sizes ┃ Out sizes ┃
┡━━━╇━━━━━━━━━━━╇━━━━━━━━━━━━╇━━━━━━━━╇━━━━━━━╇━━━━━━━╇━━━━━━━━━━━━╇━━━━━━━━━━━┩
│ 0 │ model     │ Sequential │  188 K │ train │ 448 K │     [1, 1, │    [1, 1] │
│   │           │            │        │       │       │      1080] │           │
│ 1 │ criterion │ MSELoss    │      0 │ train │     0 │          ? │         ? │
└───┴───────────┴────────────┴────────┴───────┴───────┴────────────┴───────────┘
Trainable params: 188 K                                                         
Non-trainable params: 0                                                         
Total params: 188 K                                                             
Total estimated model params size (MB): 0                                       
Modules in train mode: 9                                                        
Modules in eval mode: 0                                                         
Total FLOPs: 448 K                                                              
Epoch 29/29 ━━━━━━━━━━━━━━━━ 124/124 0:00:01 •       80.72it/s v_num: 0.000     
                                     0:00:00                   train/loss_step: 
                                                               0.002 val/loss:  
                                                               0.001            
                                                               train/loss_epoch:
                                                               0.002            
Saved model to /nas/longleaf/home/zayah/f1tenth_ng_zc/nas/dnn-output/trial_artifacts/20260423T190201_1595880_756ba7_trial00003/heading_error/models/heading_error_arch8.pt
Epoch 29/29 ━━━━━━━━━━━━━━━━ 124/124 0:00:01 •       90.02it/s v_num: 0.000     
                                     0:00:00                   train/loss_step: 
                                                               0.012 val/loss:  
                                                               0.006            
                                                               train/loss_epoch:
                                                               0.004            
Saved model to /nas/longleaf/home/zayah/f1tenth_ng_zc/nas/dnn-output/trial_artifacts/20260423T190201_1595880_756ba7_trial00003/track_width/models/track_width_arch8.pt
Epoch 29/29 ━━━━━━━━━━━━━━━━ 124/124 0:00:01 •       85.86it/s v_num: 0.000     
                                     0:00:00                   train/loss_step: 
                                                               0.004 val/loss:  
                                                               0.012            
                                                               train/loss_epoch:
                                                               0.008            
Saved model to /nas/longleaf/home/zayah/f1tenth_ng_zc/nas/dnn-output/trial_artifacts/20260423T190201_1595880_756ba7_trial00003/left_wall_dist/models/left_wall_dist_arch8.pt

--- Starting training for Architecture 8 ---

[Model Init] arch_id=8
Sequential(
  (0): Flatten(start_dim=1, end_dim=-1)
  (1): Linear(in_features=1080, out_features=128, bias=True)
  (2): ReLU()
  (3): Linear(in_features=128, out_features=1, bias=True)
)
┏━━━┳━━━━━━━━━━━┳━━━━━━━━━━━━┳━━━━━━━━┳━━━━━━━┳━━━━━━━┳━━━━━━━━━━━━┳━━━━━━━━━━━┓
┃   ┃ Name      ┃ Type       ┃ Params ┃ Mode  ┃ FLOPs ┃   In sizes ┃ Out sizes ┃
┡━━━╇━━━━━━━━━━━╇━━━━━━━━━━━━╇━━━━━━━━╇━━━━━━━╇━━━━━━━╇━━━━━━━━━━━━╇━━━━━━━━━━━┩
│ 0 │ model     │ Sequential │  138 K │ train │ 276 K │     [1, 1, │    [1, 1] │
│   │           │            │        │       │       │      1080] │           │
│ 1 │ criterion │ MSELoss    │      0 │ train │     0 │          ? │         ? │
└───┴───────────┴────────────┴────────┴───────┴───────┴────────────┴───────────┘
Trainable params: 138 K                                                         
Non-trainable params: 0                                                         
Total params: 138 K                                                             
Total estimated model params size (MB): 0                                       
Modules in train mode: 6                                                        
Modules in eval mode: 0                                                         
Total FLOPs: 276 K                                                              

--- Starting training for Architecture 8 ---

[Model Init] arch_id=8
Sequential(
  (0): Conv1d(1, 10, kernel_size=(3,), stride=(1,))
  (1): ReLU()
  (2): MaxPool1d(kernel_size=8, stride=8, padding=0, dilation=1, ceil_mode=False)
  (3): Flatten(start_dim=1, end_dim=-1)
  (4): Linear(in_features=1340, out_features=32, bias=True)
  (5): ReLU()
  (6): Linear(in_features=32, out_features=1, bias=True)
)
┏━━━┳━━━━━━━━━━━┳━━━━━━━━━━━━┳━━━━━━━━┳━━━━━━━┳━━━━━━━┳━━━━━━━━━━━━┳━━━━━━━━━━━┓
┃   ┃ Name      ┃ Type       ┃ Params ┃ Mode  ┃ FLOPs ┃   In sizes ┃ Out sizes ┃
┡━━━╇━━━━━━━━━━━╇━━━━━━━━━━━━╇━━━━━━━━╇━━━━━━━╇━━━━━━━╇━━━━━━━━━━━━╇━━━━━━━━━━━┩
│ 0 │ model     │ Sequential │ 43.0 K │ train │ 150 K │     [1, 1, │    [1, 1] │
│   │           │            │        │       │       │      1080] │           │
│ 1 │ criterion │ MSELoss    │      0 │ train │     0 │          ? │         ? │
└───┴───────────┴────────────┴────────┴───────┴───────┴────────────┴───────────┘
Trainable params: 43.0 K                                                        
Non-trainable params: 0                                                         
Total params: 43.0 K                                                            
Total estimated model params size (MB): 0                                       
Modules in train mode: 9                                                        
Modules in eval mode: 0                                                         
Total FLOPs: 150 K                                                              

--- Starting training for Architecture 8 ---

[Model Init] arch_id=8
Sequential(
  (0): Flatten(start_dim=1, end_dim=-1)
  (1): Linear(in_features=1080, out_features=32, bias=True)
  (2): ELU(alpha=1.0)
  (3): Linear(in_features=32, out_features=1, bias=True)
)
┏━━━┳━━━━━━━━━━━┳━━━━━━━━━━━━┳━━━━━━━━┳━━━━━━━┳━━━━━━━━┳━━━━━━━━━━━┳━━━━━━━━━━━┓
┃   ┃ Name      ┃ Type       ┃ Params ┃ Mode  ┃  FLOPs ┃  In sizes ┃ Out sizes ┃
┡━━━╇━━━━━━━━━━━╇━━━━━━━━━━━━╇━━━━━━━━╇━━━━━━━╇━━━━━━━━╇━━━━━━━━━━━╇━━━━━━━━━━━┩
│ 0 │ model     │ Sequential │ 34.6 K │ train │ 69.2 K │    [1, 1, │    [1, 1] │
│   │           │            │        │       │        │     1080] │           │
│ 1 │ criterion │ MSELoss    │      0 │ train │      0 │         ? │         ? │
└───┴───────────┴────────────┴────────┴───────┴────────┴───────────┴───────────┘
Trainable params: 34.6 K                                                        
Non-trainable params: 0                                                         
Total params: 34.6 K                                                            
Total estimated model params size (MB): 0                                       
Modules in train mode: 6                                                        
Modules in eval mode: 0                                                         
Total FLOPs: 69.2 K                                                             
Epoch 29/29 ━━━━━━━━━━━━━━━━ 124/124 0:00:01 •       90.06it/s v_num: 0.000     
                                     0:00:00                   train/loss_step: 
                                                               0.003 val/loss:  
                                                               0.004            
                                                               train/loss_epoch:
                                                               0.005            
Saved model to /nas/longleaf/home/zayah/f1tenth_ng_zc/nas/dnn-output/trial_artifacts/20260423T190201_1595880_756ba7_trial00004/heading_error/models/heading_error_arch8.pt
Epoch 29/29 ━━━━━━━━━━━━━━━━ 124/124 0:00:01 •       91.56it/s v_num: 0.000     
                                     0:00:00                   train/loss_step: 
                                                               0.001 val/loss:  
                                                               0.002            
                                                               train/loss_epoch:
                                                               0.002            
Saved model to /nas/longleaf/home/zayah/f1tenth_ng_zc/nas/dnn-output/trial_artifacts/20260423T190201_1595880_756ba7_trial00004/track_width/models/track_width_arch8.pt
Epoch 29/29 ━━━━━━━━━━━━━━━━ 124/124 0:00:01 •       98.66it/s v_num: 0.000     
                                     0:00:00                   train/loss_step: 
                                                               0.001 val/loss:  
                                                               0.001            
                                                               train/loss_epoch:
                                                               0.002            
Saved model to /nas/longleaf/home/zayah/f1tenth_ng_zc/nas/dnn-output/trial_artifacts/20260423T190201_1595880_756ba7_trial00004/left_wall_dist/models/left_wall_dist_arch8.pt

--- Starting training for Architecture 8 ---

[Model Init] arch_id=8
Sequential(
  (0): Flatten(start_dim=1, end_dim=-1)
  (1): Linear(in_features=1080, out_features=32, bias=True)
  (2): ELU(alpha=1.0)
  (3): Linear(in_features=32, out_features=1, bias=True)
)
┏━━━┳━━━━━━━━━━━┳━━━━━━━━━━━━┳━━━━━━━━┳━━━━━━━┳━━━━━━━━┳━━━━━━━━━━━┳━━━━━━━━━━━┓
┃   ┃ Name      ┃ Type       ┃ Params ┃ Mode  ┃  FLOPs ┃  In sizes ┃ Out sizes ┃
┡━━━╇━━━━━━━━━━━╇━━━━━━━━━━━━╇━━━━━━━━╇━━━━━━━╇━━━━━━━━╇━━━━━━━━━━━╇━━━━━━━━━━━┩
│ 0 │ model     │ Sequential │ 34.6 K │ train │ 69.2 K │    [1, 1, │    [1, 1] │
│   │           │            │        │       │        │     1080] │           │
│ 1 │ criterion │ MSELoss    │      0 │ train │      0 │         ? │         ? │
└───┴───────────┴────────────┴────────┴───────┴────────┴───────────┴───────────┘
Trainable params: 34.6 K                                                        
Non-trainable params: 0                                                         
Total params: 34.6 K                                                            
Total estimated model params size (MB): 0                                       
Modules in train mode: 6                                                        
Modules in eval mode: 0                                                         
Total FLOPs: 69.2 K                                                             

--- Starting training for Architecture 8 ---

[Model Init] arch_id=8
Sequential(
  (0): Flatten(start_dim=1, end_dim=-1)
  (1): Linear(in_features=1080, out_features=64, bias=True)
  (2): ReLU()
  (3): Linear(in_features=64, out_features=1, bias=True)
)
┏━━━┳━━━━━━━━━━━┳━━━━━━━━━━━━┳━━━━━━━━┳━━━━━━━┳━━━━━━━┳━━━━━━━━━━━━┳━━━━━━━━━━━┓
┃   ┃ Name      ┃ Type       ┃ Params ┃ Mode  ┃ FLOPs ┃   In sizes ┃ Out sizes ┃
┡━━━╇━━━━━━━━━━━╇━━━━━━━━━━━━╇━━━━━━━━╇━━━━━━━╇━━━━━━━╇━━━━━━━━━━━━╇━━━━━━━━━━━┩
│ 0 │ model     │ Sequential │ 69.2 K │ train │ 138 K │     [1, 1, │    [1, 1] │
│   │           │            │        │       │       │      1080] │           │
│ 1 │ criterion │ MSELoss    │      0 │ train │     0 │          ? │         ? │
└───┴───────────┴────────────┴────────┴───────┴───────┴────────────┴───────────┘
Trainable params: 69.2 K                                                        
Non-trainable params: 0                                                         
Total params: 69.2 K                                                            
Total estimated model params size (MB): 0                                       
Modules in train mode: 6                                                        
Modules in eval mode: 0                                                         
Total FLOPs: 138 K                                                              

--- Starting training for Architecture 8 ---

[Model Init] arch_id=8
Sequential(
  (0): Conv1d(1, 8, kernel_size=(3,), stride=(1,))
  (1): ELU(alpha=1.0)
  (2): MaxPool1d(kernel_size=8, stride=8, padding=0, dilation=1, ceil_mode=False)
  (3): Conv1d(8, 13, kernel_size=(3,), stride=(1,))
  (4): ELU(alpha=1.0)
  (5): MaxPool1d(kernel_size=4, stride=4, padding=0, dilation=1, ceil_mode=False)
  (6): Conv1d(13, 27, kernel_size=(3,), stride=(1,))
  (7): ELU(alpha=1.0)
  (8): MaxPool1d(kernel_size=4, stride=4, padding=0, dilation=1, ceil_mode=False)
  (9): Flatten(start_dim=1, end_dim=-1)
  (10): Linear(in_features=189, out_features=64, bias=True)
  (11): ELU(alpha=1.0)
  (12): Linear(in_features=64, out_features=1, bias=True)
)
┏━━━┳━━━━━━━━━━━┳━━━━━━━━━━━━┳━━━━━━━━┳━━━━━━━┳━━━━━━━┳━━━━━━━━━━━━┳━━━━━━━━━━━┓
┃   ┃ Name      ┃ Type       ┃ Params ┃ Mode  ┃ FLOPs ┃   In sizes ┃ Out sizes ┃
┡━━━╇━━━━━━━━━━━╇━━━━━━━━━━━━╇━━━━━━━━╇━━━━━━━╇━━━━━━━╇━━━━━━━━━━━━╇━━━━━━━━━━━┩
│ 0 │ model     │ Sequential │ 13.7 K │ train │ 223 K │     [1, 1, │    [1, 1] │
│   │           │            │        │       │       │      1080] │           │
│ 1 │ criterion │ MSELoss    │      0 │ train │     0 │          ? │         ? │
└───┴───────────┴────────────┴────────┴───────┴───────┴────────────┴───────────┘
Trainable params: 13.7 K                                                        
Non-trainable params: 0                                                         
Total params: 13.7 K                                                            
Total estimated model params size (MB): 0                                       
Modules in train mode: 15                                                       
Modules in eval mode: 0                                                         
Total FLOPs: 223 K                                                              
Epoch 29/29 ━━━━━━━━━━━━━━━━ 124/124 0:00:01 •       90.52it/s v_num: 0.000     
                                     0:00:00                   train/loss_step: 
                                                               0.001 val/loss:  
                                                               0.002            
                                                               train/loss_epoch:
                                                               0.002            
Saved model to /nas/longleaf/home/zayah/f1tenth_ng_zc/nas/dnn-output/trial_artifacts/20260423T190201_1595880_756ba7_trial00005/left_wall_dist/models/left_wall_dist_arch8.pt
Epoch 29/29 ━━━━━━━━━━━━━━━━ 124/124 0:00:01 •       85.60it/s v_num: 0.000     
                                     0:00:00                   train/loss_step: 
                                                               0.001 val/loss:  
                                                               0.003            
                                                               train/loss_epoch:
                                                               0.003            
Saved model to /nas/longleaf/home/zayah/f1tenth_ng_zc/nas/dnn-output/trial_artifacts/20260423T190201_1595880_756ba7_trial00005/track_width/models/track_width_arch8.pt
Epoch 29/29 ━━━━━━━━━━━━━━━━ 124/124 0:00:01 •       92.18it/s v_num: 0.000     
                                     0:00:00                   train/loss_step: 
                                                               0.005 val/loss:  
                                                               0.006            
                                                               train/loss_epoch:
                                                               0.006            
Saved model to /nas/longleaf/home/zayah/f1tenth_ng_zc/nas/dnn-output/trial_artifacts/20260423T190201_1595880_756ba7_trial00005/heading_error/models/heading_error_arch8.pt

--- Starting training for Architecture 8 ---

[Model Init] arch_id=8
Sequential(
  (0): Flatten(start_dim=1, end_dim=-1)
  (1): Linear(in_features=1080, out_features=128, bias=True)
  (2): ELU(alpha=1.0)
  (3): Linear(in_features=128, out_features=1, bias=True)
)
┏━━━┳━━━━━━━━━━━┳━━━━━━━━━━━━┳━━━━━━━━┳━━━━━━━┳━━━━━━━┳━━━━━━━━━━━━┳━━━━━━━━━━━┓
┃   ┃ Name      ┃ Type       ┃ Params ┃ Mode  ┃ FLOPs ┃   In sizes ┃ Out sizes ┃
┡━━━╇━━━━━━━━━━━╇━━━━━━━━━━━━╇━━━━━━━━╇━━━━━━━╇━━━━━━━╇━━━━━━━━━━━━╇━━━━━━━━━━━┩
│ 0 │ model     │ Sequential │  138 K │ train │ 276 K │     [1, 1, │    [1, 1] │
│   │           │            │        │       │       │      1080] │           │
│ 1 │ criterion │ MSELoss    │      0 │ train │     0 │          ? │         ? │
└───┴───────────┴────────────┴────────┴───────┴───────┴────────────┴───────────┘
Trainable params: 138 K                                                         
Non-trainable params: 0                                                         
Total params: 138 K                                                             
Total estimated model params size (MB): 0                                       
Modules in train mode: 6                                                        
Modules in eval mode: 0                                                         
Total FLOPs: 276 K                                                              

--- Starting training for Architecture 8 ---

[Model Init] arch_id=8
Sequential(
  (0): Conv1d(1, 8, kernel_size=(3,), stride=(1,))
  (1): ELU(alpha=1.0)
  (2): MaxPool1d(kernel_size=8, stride=8, padding=0, dilation=1, ceil_mode=False)
  (3): Conv1d(8, 26, kernel_size=(3,), stride=(1,))
  (4): ELU(alpha=1.0)
  (5): MaxPool1d(kernel_size=8, stride=8, padding=0, dilation=1, ceil_mode=False)
  (6): Conv1d(26, 54, kernel_size=(3,), stride=(1,))
  (7): ELU(alpha=1.0)
  (8): MaxPool1d(kernel_size=2, stride=2, padding=0, dilation=1, ceil_mode=False)
  (9): Conv1d(54, 28, kernel_size=(3,), stride=(1,))
  (10): ELU(alpha=1.0)
  (11): MaxPool1d(kernel_size=2, stride=2, padding=0, dilation=1, ceil_mode=False)
  (12): Flatten(start_dim=1, end_dim=-1)
  (13): Linear(in_features=56, out_features=64, bias=True)
  (14): ELU(alpha=1.0)
  (15): Linear(in_features=64, out_features=1, bias=True)
)
┏━━━┳━━━━━━━━━━━┳━━━━━━━━━━━━┳━━━━━━━━┳━━━━━━━┳━━━━━━━┳━━━━━━━━━━━━┳━━━━━━━━━━━┓
┃   ┃ Name      ┃ Type       ┃ Params ┃ Mode  ┃ FLOPs ┃   In sizes ┃ Out sizes ┃
┡━━━╇━━━━━━━━━━━╇━━━━━━━━━━━━╇━━━━━━━━╇━━━━━━━╇━━━━━━━╇━━━━━━━━━━━━╇━━━━━━━━━━━┩
│ 0 │ model     │ Sequential │ 13.2 K │ train │ 387 K │     [1, 1, │    [1, 1] │
│   │           │            │        │       │       │      1080] │           │
│ 1 │ criterion │ MSELoss    │      0 │ train │     0 │          ? │         ? │
└───┴───────────┴────────────┴────────┴───────┴───────┴────────────┴───────────┘
Trainable params: 13.2 K                                                        
Non-trainable params: 0                                                         
Total params: 13.2 K                                                            
Total estimated model params size (MB): 0                                       
Modules in train mode: 18                                                       
Modules in eval mode: 0                                                         
Total FLOPs: 387 K                                                              

--- Starting training for Architecture 8 ---

[Model Init] arch_id=8
Sequential(
  (0): Conv1d(1, 10, kernel_size=(3,), stride=(1,))
  (1): ReLU()
  (2): MaxPool1d(kernel_size=8, stride=8, padding=0, dilation=1, ceil_mode=False)
  (3): Flatten(start_dim=1, end_dim=-1)
  (4): Linear(in_features=1340, out_features=128, bias=True)
  (5): ReLU()
  (6): Linear(in_features=128, out_features=1, bias=True)
)
┏━━━┳━━━━━━━━━━━┳━━━━━━━━━━━━┳━━━━━━━━┳━━━━━━━┳━━━━━━━┳━━━━━━━━━━━━┳━━━━━━━━━━━┓
┃   ┃ Name      ┃ Type       ┃ Params ┃ Mode  ┃ FLOPs ┃   In sizes ┃ Out sizes ┃
┡━━━╇━━━━━━━━━━━╇━━━━━━━━━━━━╇━━━━━━━━╇━━━━━━━╇━━━━━━━╇━━━━━━━━━━━━╇━━━━━━━━━━━┩
│ 0 │ model     │ Sequential │  171 K │ train │ 407 K │     [1, 1, │    [1, 1] │
│   │           │            │        │       │       │      1080] │           │
│ 1 │ criterion │ MSELoss    │      0 │ train │     0 │          ? │         ? │
└───┴───────────┴────────────┴────────┴───────┴───────┴────────────┴───────────┘
Trainable params: 171 K                                                         
Non-trainable params: 0                                                         
Total params: 171 K                                                             
Total estimated model params size (MB): 0                                       
Modules in train mode: 9                                                        
Modules in eval mode: 0                                                         
Total FLOPs: 407 K                                                              
Epoch 29/29 ━━━━━━━━━━━━━━━━ 124/124 0:00:01 •       92.59it/s v_num: 0.000     
                                     0:00:00                   train/loss_step: 
                                                               0.001 val/loss:  
                                                               0.002            
                                                               train/loss_epoch:
                                                               0.002            
Saved model to /nas/longleaf/home/zayah/f1tenth_ng_zc/nas/dnn-output/trial_artifacts/20260423T190201_1595880_756ba7_trial00006/left_wall_dist/models/left_wall_dist_arch8.pt
Epoch 29/29 ━━━━━━━━━━━━━━━━ 124/124 0:00:01 •       89.60it/s v_num: 0.000     
                                     0:00:00                   train/loss_step: 
                                                               0.001 val/loss:  
                                                               0.001            
                                                               train/loss_epoch:
                                                               0.002            
Saved model to /nas/longleaf/home/zayah/f1tenth_ng_zc/nas/dnn-output/trial_artifacts/20260423T190201_1595880_756ba7_trial00006/heading_error/models/heading_error_arch8.pt
Epoch 29/29 ━━━━━━━━━━━━━━━━ 124/124 0:00:01 •       79.45it/s v_num: 0.000     
                                     0:00:00                   train/loss_step: 
                                                               0.007 val/loss:  
                                                               0.007            
                                                               train/loss_epoch:
                                                               0.005            
Saved model to /nas/longleaf/home/zayah/f1tenth_ng_zc/nas/dnn-output/trial_artifacts/20260423T190201_1595880_756ba7_trial00006/track_width/models/track_width_arch8.pt

--- Starting training for Architecture 8 ---

[Model Init] arch_id=8
Sequential(
  (0): Flatten(start_dim=1, end_dim=-1)
  (1): Linear(in_features=1080, out_features=128, bias=True)
  (2): ELU(alpha=1.0)
  (3): Linear(in_features=128, out_features=1, bias=True)
)
┏━━━┳━━━━━━━━━━━┳━━━━━━━━━━━━┳━━━━━━━━┳━━━━━━━┳━━━━━━━┳━━━━━━━━━━━━┳━━━━━━━━━━━┓
┃   ┃ Name      ┃ Type       ┃ Params ┃ Mode  ┃ FLOPs ┃   In sizes ┃ Out sizes ┃
┡━━━╇━━━━━━━━━━━╇━━━━━━━━━━━━╇━━━━━━━━╇━━━━━━━╇━━━━━━━╇━━━━━━━━━━━━╇━━━━━━━━━━━┩
│ 0 │ model     │ Sequential │  138 K │ train │ 276 K │     [1, 1, │    [1, 1] │
│   │           │            │        │       │       │      1080] │           │
│ 1 │ criterion │ MSELoss    │      0 │ train │     0 │          ? │         ? │
└───┴───────────┴────────────┴────────┴───────┴───────┴────────────┴───────────┘
Trainable params: 138 K                                                         
Non-trainable params: 0                                                         
Total params: 138 K                                                             
Total estimated model params size (MB): 0                                       
Modules in train mode: 6                                                        
Modules in eval mode: 0                                                         
Total FLOPs: 276 K                                                              

--- Starting training for Architecture 8 ---

[Model Init] arch_id=8
Sequential(
  (0): Flatten(start_dim=1, end_dim=-1)
  (1): Linear(in_features=1080, out_features=128, bias=True)
  (2): ReLU()
  (3): Linear(in_features=128, out_features=1, bias=True)
)
┏━━━┳━━━━━━━━━━━┳━━━━━━━━━━━━┳━━━━━━━━┳━━━━━━━┳━━━━━━━┳━━━━━━━━━━━━┳━━━━━━━━━━━┓
┃   ┃ Name      ┃ Type       ┃ Params ┃ Mode  ┃ FLOPs ┃   In sizes ┃ Out sizes ┃
┡━━━╇━━━━━━━━━━━╇━━━━━━━━━━━━╇━━━━━━━━╇━━━━━━━╇━━━━━━━╇━━━━━━━━━━━━╇━━━━━━━━━━━┩
│ 0 │ model     │ Sequential │  138 K │ train │ 276 K │     [1, 1, │    [1, 1] │
│   │           │            │        │       │       │      1080] │           │
│ 1 │ criterion │ MSELoss    │      0 │ train │     0 │          ? │         ? │
└───┴───────────┴────────────┴────────┴───────┴───────┴────────────┴───────────┘
Trainable params: 138 K                                                         
Non-trainable params: 0                                                         
Total params: 138 K                                                             
Total estimated model params size (MB): 0                                       
Modules in train mode: 6                                                        
Modules in eval mode: 0                                                         
Total FLOPs: 276 K                                                              

--- Starting training for Architecture 8 ---

[Model Init] arch_id=8
Sequential(
  (0): Flatten(start_dim=1, end_dim=-1)
  (1): Linear(in_features=1080, out_features=128, bias=True)
  (2): ReLU()
  (3): Linear(in_features=128, out_features=1, bias=True)
)
┏━━━┳━━━━━━━━━━━┳━━━━━━━━━━━━┳━━━━━━━━┳━━━━━━━┳━━━━━━━┳━━━━━━━━━━━━┳━━━━━━━━━━━┓
┃   ┃ Name      ┃ Type       ┃ Params ┃ Mode  ┃ FLOPs ┃   In sizes ┃ Out sizes ┃
┡━━━╇━━━━━━━━━━━╇━━━━━━━━━━━━╇━━━━━━━━╇━━━━━━━╇━━━━━━━╇━━━━━━━━━━━━╇━━━━━━━━━━━┩
│ 0 │ model     │ Sequential │  138 K │ train │ 276 K │     [1, 1, │    [1, 1] │
│   │           │            │        │       │       │      1080] │           │
│ 1 │ criterion │ MSELoss    │      0 │ train │     0 │          ? │         ? │
└───┴───────────┴────────────┴────────┴───────┴───────┴────────────┴───────────┘
Trainable params: 138 K                                                         
Non-trainable params: 0                                                         
Total params: 138 K                                                             
Total estimated model params size (MB): 0                                       
Modules in train mode: 6                                                        
Modules in eval mode: 0                                                         
Total FLOPs: 276 K                                                              
Epoch 29/29 ━━━━━━━━━━━━━━━━ 124/124 0:00:01 •       93.59it/s v_num: 0.000     
                                     0:00:00                   train/loss_step: 
                                                               0.001 val/loss:  
                                                               0.001            
                                                               train/loss_epoch:
                                                               0.002            
Saved model to /nas/longleaf/home/zayah/f1tenth_ng_zc/nas/dnn-output/trial_artifacts/20260423T190201_1595880_756ba7_trial00007/heading_error/models/heading_error_arch8.pt
Epoch 29/29 ━━━━━━━━━━━━━━━━ 124/124 0:00:01 •       87.50it/s v_num: 0.000     
                                     0:00:00                   train/loss_step: 
                                                               0.001 val/loss:  
                                                               0.002            
                                                               train/loss_epoch:
                                                               0.002            
Saved model to /nas/longleaf/home/zayah/f1tenth_ng_zc/nas/dnn-output/trial_artifacts/20260423T190201_1595880_756ba7_trial00007/left_wall_dist/models/left_wall_dist_arch8.pt
Epoch 29/29 ━━━━━━━━━━━━━━━━ 124/124 0:00:01 •       91.77it/s v_num: 0.000     
                                     0:00:00                   train/loss_step: 
                                                               0.001 val/loss:  
                                                               0.002            
                                                               train/loss_epoch:
                                                               0.002            
Saved model to /nas/longleaf/home/zayah/f1tenth_ng_zc/nas/dnn-output/trial_artifacts/20260423T190201_1595880_756ba7_trial00007/track_width/models/track_width_arch8.pt
[data/maps/F1/Austin/Austin_map] Cross-Track RMSE: 0.1668 m
Average Cross-Track RMSE (1 tracks): 0.1668 m
[data/maps/F1/Austin/Austin_map] Cross-Track RMSE: 0.1381 m
Average Cross-Track RMSE (1 tracks): 0.1381 m
[data/maps/F1/Austin/Austin_map] Cross-Track RMSE: 0.1671 m
Average Cross-Track RMSE (1 tracks): 0.1671 m
[data/maps/F1/Austin/Austin_map] Cross-Track RMSE: 0.1317 m
Average Cross-Track RMSE (1 tracks): 0.1317 m
[data/maps/F1/Austin/Austin_map] Cross-Track RMSE: 0.1490 m
Average Cross-Track RMSE (1 tracks): 0.1490 m
[data/maps/F1/Austin/Austin_map] Cross-Track RMSE: 0.0990 m
Average Cross-Track RMSE (1 tracks): 0.0990 m
[data/maps/F1/Austin/Austin_map] Cross-Track RMSE: 0.1299 m
Average Cross-Track RMSE (1 tracks): 0.1299 m
[data/maps/F1/Austin/Austin_map] Cross-Track RMSE: 0.1423 m
Average Cross-Track RMSE (1 tracks): 0.1423 m
