
--- Starting training for Architecture 8 ---

[Model Init] arch_id=8
Sequential(
  (0): Conv1d(1, 172, kernel_size=(3,), stride=(1,))
  (1): ReLU()
  (2): MaxPool1d(kernel_size=2, stride=2, padding=0, dilation=1, ceil_mode=False)
  (3): Conv1d(172, 136, kernel_size=(3,), stride=(1,))
  (4): ReLU()
  (5): MaxPool1d(kernel_size=8, stride=8, padding=0, dilation=1, ceil_mode=False)
  (6): Flatten(start_dim=1, end_dim=-1)
  (7): Linear(in_features=9112, out_features=128, bias=True)
  (8): ReLU()
  (9): Linear(in_features=128, out_features=1, bias=True)
)
┏━━━┳━━━━━━━━━━━┳━━━━━━━━━━━━┳━━━━━━━━┳━━━━━━━┳━━━━━━━━┳━━━━━━━━━━━┳━━━━━━━━━━━┓
┃   ┃ Name      ┃ Type       ┃ Params ┃ Mode  ┃  FLOPs ┃  In sizes ┃ Out sizes ┃
┡━━━╇━━━━━━━━━━━╇━━━━━━━━━━━━╇━━━━━━━━╇━━━━━━━╇━━━━━━━━╇━━━━━━━━━━━╇━━━━━━━━━━━┩
│ 0 │ model     │ Sequential │  1.2 M │ train │ 78.8 M │    [1, 1, │    [1, 1] │
│   │           │            │        │       │        │     1080] │           │
│ 1 │ criterion │ MSELoss    │      0 │ train │      0 │         ? │         ? │
└───┴───────────┴────────────┴────────┴───────┴────────┴───────────┴───────────┘
Trainable params: 1.2 M                                                         
Non-trainable params: 0                                                         
Total params: 1.2 M                                                             
Total estimated model params size (MB): 4                                       
Modules in train mode: 12                                                       
Modules in eval mode: 0                                                         
Total FLOPs: 78.8 M                                                             

--- Starting training for Architecture 8 ---

[Model Init] arch_id=8
Sequential(
  (0): Conv1d(1, 91, kernel_size=(3,), stride=(1,))
  (1): ReLU()
  (2): MaxPool1d(kernel_size=8, stride=8, padding=0, dilation=1, ceil_mode=False)
  (3): Conv1d(91, 73, kernel_size=(3,), stride=(1,))
  (4): ReLU()
  (5): MaxPool1d(kernel_size=4, stride=4, padding=0, dilation=1, ceil_mode=False)
  (6): Flatten(start_dim=1, end_dim=-1)
  (7): Linear(in_features=2409, out_features=42, bias=True)
  (8): ReLU()
  (9): Linear(in_features=42, out_features=1, bias=True)
)
┏━━━┳━━━━━━━━━━━┳━━━━━━━━━━━━┳━━━━━━━━┳━━━━━━━┳━━━━━━━┳━━━━━━━━━━━━┳━━━━━━━━━━━┓
┃   ┃ Name      ┃ Type       ┃ Params ┃ Mode  ┃ FLOPs ┃   In sizes ┃ Out sizes ┃
┡━━━╇━━━━━━━━━━━╇━━━━━━━━━━━━╇━━━━━━━━╇━━━━━━━╇━━━━━━━╇━━━━━━━━━━━━╇━━━━━━━━━━━┩
│ 0 │ model     │ Sequential │  121 K │ train │ 6.1 M │     [1, 1, │    [1, 1] │
│   │           │            │        │       │       │      1080] │           │
│ 1 │ criterion │ MSELoss    │      0 │ train │     0 │          ? │         ? │
└───┴───────────┴────────────┴────────┴───────┴───────┴────────────┴───────────┘
Trainable params: 121 K                                                         
Non-trainable params: 0                                                         
Total params: 121 K                                                             
Total estimated model params size (MB): 0                                       
Modules in train mode: 12                                                       
Modules in eval mode: 0                                                         
Total FLOPs: 6.1 M                                                              

--- Starting training for Architecture 8 ---

[Model Init] arch_id=8
Sequential(
  (0): Conv1d(1, 225, kernel_size=(3,), stride=(1,))
  (1): ELU(alpha=1.0)
  (2): MaxPool1d(kernel_size=4, stride=4, padding=0, dilation=1, ceil_mode=False)
  (3): Conv1d(225, 133, kernel_size=(3,), stride=(1,))
  (4): ELU(alpha=1.0)
  (5): MaxPool1d(kernel_size=2, stride=2, padding=0, dilation=1, ceil_mode=False)
  (6): Conv1d(133, 134, kernel_size=(3,), stride=(1,))
  (7): ELU(alpha=1.0)
  (8): MaxPool1d(kernel_size=4, stride=4, padding=0, dilation=1, ceil_mode=False)
  (9): Conv1d(134, 127, kernel_size=(3,), stride=(1,))
  (10): ELU(alpha=1.0)
  (11): MaxPool1d(kernel_size=8, stride=8, padding=0, dilation=1, ceil_mode=False)
  (12): Flatten(start_dim=1, end_dim=-1)
  (13): Linear(in_features=381, out_features=55, bias=True)
  (14): ELU(alpha=1.0)
  (15): Linear(in_features=55, out_features=1, bias=True)
)
┏━━━┳━━━━━━━━━━━┳━━━━━━━━━━━━┳━━━━━━━━┳━━━━━━━┳━━━━━━━━┳━━━━━━━━━━━┳━━━━━━━━━━━┓
┃   ┃ Name      ┃ Type       ┃ Params ┃ Mode  ┃  FLOPs ┃  In sizes ┃ Out sizes ┃
┡━━━╇━━━━━━━━━━━╇━━━━━━━━━━━━╇━━━━━━━━╇━━━━━━━╇━━━━━━━━╇━━━━━━━━━━━╇━━━━━━━━━━━┩
│ 0 │ model     │ Sequential │  216 K │ train │ 66.5 M │    [1, 1, │    [1, 1] │
│   │           │            │        │       │        │     1080] │           │
│ 1 │ criterion │ MSELoss    │      0 │ train │      0 │         ? │         ? │
└───┴───────────┴────────────┴────────┴───────┴────────┴───────────┴───────────┘
Trainable params: 216 K                                                         
Non-trainable params: 0                                                         
Total params: 216 K                                                             
Total estimated model params size (MB): 0                                       
Modules in train mode: 18                                                       
Modules in eval mode: 0                                                         
Total FLOPs: 66.5 M                                                             
