{
  "Lap Time": {
    "lap_time_s": 90.55,
    "steps": 9055.0,
    "collision": 0.0,
    "laps_completed": 1.0
  },
  "Cross-Track Error": {
    "crosstrack_rmse_m": 0.1375,
    "crosstrack_mean_m": 0.0981,
    "crosstrack_max_m": 0.5124,
    "crosstrack_std_m": 0.0964
  },
  "Heading Error": {
    "heading_error_mean_deg": 3.6796,
    "heading_error_rmse_deg": 7.1757,
    "heading_error_std_deg": 7.1733,
    "heading_error_max_deg": 40.9296
  },
  "Wall Proximity": {
    "wall_min_distance_m": 0.6036,
    "wall_mean_distance_m": 1.0461,
    "wall_std_distance_m": 0.0922
  },
  "Smoothness": {
    "steering_rate_mean_rad_s": 0.3182,
    "steering_rate_max_rad_s": 17.1299,
    "steering_rate_std_rad_s": 0.6766
  },
  "Speed": {
    "speed_mean_m_s": 3.9132,
    "speed_max_m_s": 4.9089,
    "speed_std_m_s": 0.8911
  }
}
F1/MexicoCity/MexicoCity: arch1 lap RMSE=0.1375 m  steps=9055
{
  "Lap Time": {
    "lap_time_s": 97.87,
    "steps": 9787.0,
    "collision": 0.0,
    "laps_completed": 1.0
  },
  "Cross-Track Error": {
    "crosstrack_rmse_m": 0.1243,
    "crosstrack_mean_m": 0.0884,
    "crosstrack_max_m": 0.4726,
    "crosstrack_std_m": 0.0874
  },
  "Heading Error": {
    "heading_error_mean_deg": 3.6509,
    "heading_error_rmse_deg": 6.9571,
    "heading_error_std_deg": 6.9562,
    "heading_error_max_deg": 39.1292
  },
  "Wall Proximity": {
    "wall_min_distance_m": 0.618,
    "wall_mean_distance_m": 1.0553,
    "wall_std_distance_m": 0.0866
  },
  "Smoothness": {
    "steering_rate_mean_rad_s": 0.3265,
    "steering_rate_max_rad_s": 11.3438,
    "steering_rate_std_rad_s": 0.6923
  },
  "Speed": {
    "speed_mean_m_s": 3.6385,
    "speed_max_m_s": 4.8183,
    "speed_std_m_s": 0.8534
  }
}
F1/MexicoCity/MexicoCity: arch2 lap RMSE=0.1243 m  steps=9787
{
  "Lap Time": {
    "lap_time_s": 93.65,
    "steps": 9365.0,
    "collision": 0.0,
    "laps_completed": 1.0
  },
  "Cross-Track Error": {
    "crosstrack_rmse_m": 0.1478,
    "crosstrack_mean_m": 0.08,
    "crosstrack_max_m": 0.5797,
    "crosstrack_std_m": 0.1243
  },
  "Heading Error": {
    "heading_error_mean_deg": 4.0276,
    "heading_error_rmse_deg": 7.698,
    "heading_error_std_deg": 7.697,
    "heading_error_max_deg": 40.444
  },
  "Wall Proximity": {
    "wall_min_distance_m": 0.5421,
    "wall_mean_distance_m": 1.0591,
    "wall_std_distance_m": 0.118
  },
  "Smoothness": {
    "steering_rate_mean_rad_s": 0.4149,
    "steering_rate_max_rad_s": 11.3636,
    "steering_rate_std_rad_s": 0.6798
  },
  "Speed": {
    "speed_mean_m_s": 3.8235,
    "speed_max_m_s": 4.8871,
    "speed_std_m_s": 0.985
  }
}
F1/MexicoCity/MexicoCity: arch3 lap RMSE=0.1478 m  steps=9365
{
  "Lap Time": {
    "lap_time_s": 94.37,
    "steps": 9437.0,
    "collision": 0.0,
    "laps_completed": 1.0
  },
  "Cross-Track Error": {
    "crosstrack_rmse_m": 0.1483,
    "crosstrack_mean_m": 0.0945,
    "crosstrack_max_m": 0.4589,
    "crosstrack_std_m": 0.1143
  },
  "Heading Error": {
    "heading_error_mean_deg": 3.3997,
    "heading_error_rmse_deg": 6.334,
    "heading_error_std_deg": 6.3306,
    "heading_error_max_deg": 39.3731
  },
  "Wall Proximity": {
    "wall_min_distance_m": 0.6335,
    "wall_mean_distance_m": 1.0436,
    "wall_std_distance_m": 0.1109
  },
  "Smoothness": {
    "steering_rate_mean_rad_s": 0.3623,
    "steering_rate_max_rad_s": 5.5411,
    "steering_rate_std_rad_s": 0.4815
  },
  "Speed": {
    "speed_mean_m_s": 3.8153,
    "speed_max_m_s": 4.8975,
    "speed_std_m_s": 0.9579
  }
}
F1/MexicoCity/MexicoCity: arch4 lap RMSE=0.1483 m  steps=9437
{
  "Lap Time": {
    "lap_time_s": 93.29,
    "steps": 9329.0,
    "collision": 0.0,
    "laps_completed": 1.0
  },
  "Cross-Track Error": {
    "crosstrack_rmse_m": 0.1402,
    "crosstrack_mean_m": 0.0885,
    "crosstrack_max_m": 0.4016,
    "crosstrack_std_m": 0.1088
  },
  "Heading Error": {
    "heading_error_mean_deg": 2.8558,
    "heading_error_rmse_deg": 5.0558,
    "heading_error_std_deg": 5.0541,
    "heading_error_max_deg": 29.5552
  },
  "Wall Proximity": {
    "wall_min_distance_m": 0.7215,
    "wall_mean_distance_m": 1.0438,
    "wall_std_distance_m": 0.1029
  },
  "Smoothness": {
    "steering_rate_mean_rad_s": 0.3574,
    "steering_rate_max_rad_s": 46.1084,
    "steering_rate_std_rad_s": 0.7221
  },
  "Speed": {
    "speed_mean_m_s": 3.8741,
    "speed_max_m_s": 4.8854,
    "speed_std_m_s": 0.9622
  }
}
F1/MexicoCity/MexicoCity: arch5 lap RMSE=0.1402 m  steps=9329
{
  "Lap Time": {
    "lap_time_s": 92.69,
    "steps": 9269.0,
    "collision": 0.0,
    "laps_completed": 1.0
  },
  "Cross-Track Error": {
    "crosstrack_rmse_m": 0.1349,
    "crosstrack_mean_m": 0.0859,
    "crosstrack_max_m": 0.4322,
    "crosstrack_std_m": 0.104
  },
  "Heading Error": {
    "heading_error_mean_deg": 2.6652,
    "heading_error_rmse_deg": 4.663,
    "heading_error_std_deg": 4.6622,
    "heading_error_max_deg": 26.849
  },
  "Wall Proximity": {
    "wall_min_distance_m": 0.6639,
    "wall_mean_distance_m": 1.0465,
    "wall_std_distance_m": 0.0982
  },
  "Smoothness": {
    "steering_rate_mean_rad_s": 0.3775,
    "steering_rate_max_rad_s": 29.7852,
    "steering_rate_std_rad_s": 0.7406
  },
  "Speed": {
    "speed_mean_m_s": 3.8985,
    "speed_max_m_s": 4.8756,
    "speed_std_m_s": 0.9638
  }
}
F1/MexicoCity/MexicoCity: arch6 lap RMSE=0.1349 m  steps=9269
{
  "Lap Time": {
    "lap_time_s": 93.7,
    "steps": 9370.0,
    "collision": 0.0,
    "laps_completed": 1.0
  },
  "Cross-Track Error": {
    "crosstrack_rmse_m": 0.1406,
    "crosstrack_mean_m": 0.0882,
    "crosstrack_max_m": 0.4168,
    "crosstrack_std_m": 0.1095
  },
  "Heading Error": {
    "heading_error_mean_deg": 3.0518,
    "heading_error_rmse_deg": 5.4995,
    "heading_error_std_deg": 5.4981,
    "heading_error_max_deg": 33.9472
  },
  "Wall Proximity": {
    "wall_min_distance_m": 0.7021,
    "wall_mean_distance_m": 1.0457,
    "wall_std_distance_m": 0.1042
  },
  "Smoothness": {
    "steering_rate_mean_rad_s": 0.4514,
    "steering_rate_max_rad_s": 18.3024,
    "steering_rate_std_rad_s": 0.7672
  },
  "Speed": {
    "speed_mean_m_s": 3.8506,
    "speed_max_m_s": 4.8764,
    "speed_std_m_s": 0.9668
  }
}
F1/MexicoCity/MexicoCity: arch7 lap RMSE=0.1406 m  steps=9370
{
  "Lap Time": {
    "lap_time_s": 98.34,
    "steps": 9834.0,
    "collision": 0.0,
    "laps_completed": 1.0
  },
  "Cross-Track Error": {
    "crosstrack_rmse_m": 0.1546,
    "crosstrack_mean_m": 0.1026,
    "crosstrack_max_m": 0.4798,
    "crosstrack_std_m": 0.1157
  },
  "Heading Error": {
    "heading_error_mean_deg": 3.2452,
    "heading_error_rmse_deg": 5.5247,
    "heading_error_std_deg": 5.5239,
    "heading_error_max_deg": 28.9098
  },
  "Wall Proximity": {
    "wall_min_distance_m": 0.6608,
    "wall_mean_distance_m": 1.0335,
    "wall_std_distance_m": 0.112
  },
  "Smoothness": {
    "steering_rate_mean_rad_s": 0.2795,
    "steering_rate_max_rad_s": 30.0346,
    "steering_rate_std_rad_s": 0.748
  },
  "Speed": {
    "speed_mean_m_s": 3.6809,
    "speed_max_m_s": 4.7599,
    "speed_std_m_s": 0.8645
  }
}
F1/MexicoCity/MexicoCity: arch8 lap RMSE=0.1546 m  steps=9834
Saved trace data to /nas/longleaf/home/zayah/NAS-in-the-Loop/standard-search/compare-map-150/262e4c/F1_MexicoCity_MexicoCity_262e4c.npz
{
  "Lap Time": {
    "lap_time_s": 104.46,
    "steps": 10446.0,
    "collision": 0.0,
    "laps_completed": 1.0
  },
  "Cross-Track Error": {
    "crosstrack_rmse_m": 0.0935,
    "crosstrack_mean_m": 0.0509,
    "crosstrack_max_m": 0.7197,
    "crosstrack_std_m": 0.0785
  },
  "Heading Error": {
    "heading_error_mean_deg": 2.0419,
    "heading_error_rmse_deg": 5.1508,
    "heading_error_std_deg": 5.1489,
    "heading_error_max_deg": 43.4548
  },
  "Wall Proximity": {
    "wall_min_distance_m": 0.3522,
    "wall_mean_distance_m": 0.9751,
    "wall_std_distance_m": 0.0755
  },
  "Smoothness": {
    "steering_rate_mean_rad_s": 0.2311,
    "steering_rate_max_rad_s": 7.6242,
    "steering_rate_std_rad_s": 0.4031
  },
  "Speed": {
    "speed_mean_m_s": 4.2548,
    "speed_max_m_s": 4.9087,
    "speed_std_m_s": 0.6932
  }
}
F1/Monza/Monza: arch1 lap RMSE=0.0935 m  steps=10446
{
  "Lap Time": {
    "lap_time_s": 115.11,
    "steps": 11511.0,
    "collision": 0.0,
    "laps_completed": 1.0
  },
  "Cross-Track Error": {
    "crosstrack_rmse_m": 0.0935,
    "crosstrack_mean_m": 0.0577,
    "crosstrack_max_m": 0.6853,
    "crosstrack_std_m": 0.0735
  },
  "Heading Error": {
    "heading_error_mean_deg": 1.9587,
    "heading_error_rmse_deg": 5.2019,
    "heading_error_std_deg": 5.2006,
    "heading_error_max_deg": 48.2411
  },
  "Wall Proximity": {
    "wall_min_distance_m": 0.3385,
    "wall_mean_distance_m": 0.9689,
    "wall_std_distance_m": 0.074
  },
  "Smoothness": {
    "steering_rate_mean_rad_s": 0.2725,
    "steering_rate_max_rad_s": 28.0781,
    "steering_rate_std_rad_s": 0.4984
  },
  "Speed": {
    "speed_mean_m_s": 3.8609,
    "speed_max_m_s": 4.7532,
    "speed_std_m_s": 0.7667
  }
}
F1/Monza/Monza: arch2 lap RMSE=0.0935 m  steps=11511
{
  "Lap Time": {
    "lap_time_s": 106.84,
    "steps": 10684.0,
    "collision": 0.0,
    "laps_completed": 1.0
  },
  "Cross-Track Error": {
    "crosstrack_rmse_m": 0.0885,
    "crosstrack_mean_m": 0.0419,
    "crosstrack_max_m": 0.6786,
    "crosstrack_std_m": 0.078
  },
  "Heading Error": {
    "heading_error_mean_deg": 2.0161,
    "heading_error_rmse_deg": 5.4577,
    "heading_error_std_deg": 5.4559,
    "heading_error_max_deg": 42.1973
  },
  "Wall Proximity": {
    "wall_min_distance_m": 0.3517,
    "wall_mean_distance_m": 0.9823,
    "wall_std_distance_m": 0.0747
  },
  "Smoothness": {
    "steering_rate_mean_rad_s": 0.303,
    "steering_rate_max_rad_s": 10.3173,
    "steering_rate_std_rad_s": 0.4792
  },
  "Speed": {
    "speed_mean_m_s": 4.1724,
    "speed_max_m_s": 4.8714,
    "speed_std_m_s": 0.732
  }
}
F1/Monza/Monza: arch3 lap RMSE=0.0885 m  steps=10684
{
  "Lap Time": {
    "lap_time_s": 107.22,
    "steps": 10722.0,
    "collision": 0.0,
    "laps_completed": 1.0
  },
  "Cross-Track Error": {
    "crosstrack_rmse_m": 0.0934,
    "crosstrack_mean_m": 0.0581,
    "crosstrack_max_m": 0.3815,
    "crosstrack_std_m": 0.0731
  },
  "Heading Error": {
    "heading_error_mean_deg": 1.6446,
    "heading_error_rmse_deg": 4.1071,
    "heading_error_std_deg": 4.1067,
    "heading_error_max_deg": 35.4208
  },
  "Wall Proximity": {
    "wall_min_distance_m": 0.6393,
    "wall_mean_distance_m": 0.9653,
    "wall_std_distance_m": 0.0757
  },
  "Smoothness": {
    "steering_rate_mean_rad_s": 0.2888,
    "steering_rate_max_rad_s": 7.0207,
    "steering_rate_std_rad_s": 0.3519
  },
  "Speed": {
    "speed_mean_m_s": 4.1706,
    "speed_max_m_s": 4.8818,
    "speed_std_m_s": 0.7528
  }
}
F1/Monza/Monza: arch4 lap RMSE=0.0934 m  steps=10722
{
  "Lap Time": {
    "lap_time_s": 109.65,
    "steps": 10965.0,
    "collision": 0.0,
    "laps_completed": 1.0
  },
  "Cross-Track Error": {
    "crosstrack_rmse_m": 0.0968,
    "crosstrack_mean_m": 0.0659,
    "crosstrack_max_m": 0.3558,
    "crosstrack_std_m": 0.0708
  },
  "Heading Error": {
    "heading_error_mean_deg": 1.6239,
    "heading_error_rmse_deg": 3.8715,
    "heading_error_std_deg": 3.8703,
    "heading_error_max_deg": 35.2241
  },
  "Wall Proximity": {
    "wall_min_distance_m": 0.6376,
    "wall_mean_distance_m": 0.9587,
    "wall_std_distance_m": 0.0765
  },
  "Smoothness": {
    "steering_rate_mean_rad_s": 0.3275,
    "steering_rate_max_rad_s": 39.2765,
    "steering_rate_std_rad_s": 0.7492
  },
  "Speed": {
    "speed_mean_m_s": 4.0876,
    "speed_max_m_s": 4.8495,
    "speed_std_m_s": 0.7278
  }
}
F1/Monza/Monza: arch5 lap RMSE=0.0968 m  steps=10965
{
  "Lap Time": {
    "lap_time_s": 109.72,
    "steps": 10972.0,
    "collision": 0.0,
    "laps_completed": 1.0
  },
  "Cross-Track Error": {
    "crosstrack_rmse_m": 0.0965,
    "crosstrack_mean_m": 0.0667,
    "crosstrack_max_m": 0.3481,
    "crosstrack_std_m": 0.0697
  },
  "Heading Error": {
    "heading_error_mean_deg": 1.5971,
    "heading_error_rmse_deg": 3.8124,
    "heading_error_std_deg": 3.8106,
    "heading_error_max_deg": 34.2593
  },
  "Wall Proximity": {
    "wall_min_distance_m": 0.638,
    "wall_mean_distance_m": 0.9575,
    "wall_std_distance_m": 0.0755
  },
  "Smoothness": {
    "steering_rate_mean_rad_s": 0.3322,
    "steering_rate_max_rad_s": 21.7554,
    "steering_rate_std_rad_s": 0.5614
  },
  "Speed": {
    "speed_mean_m_s": 4.0847,
    "speed_max_m_s": 4.8653,
    "speed_std_m_s": 0.7334
  }
}
F1/Monza/Monza: arch6 lap RMSE=0.0965 m  steps=10972
{
  "Lap Time": {
    "lap_time_s": 110.04,
    "steps": 11004.0,
    "collision": 0.0,
    "laps_completed": 1.0
  },
  "Cross-Track Error": {
    "crosstrack_rmse_m": 0.0974,
    "crosstrack_mean_m": 0.0646,
    "crosstrack_max_m": 0.3722,
    "crosstrack_std_m": 0.0728
  },
  "Heading Error": {
    "heading_error_mean_deg": 1.631,
    "heading_error_rmse_deg": 4.167,
    "heading_error_std_deg": 4.166,
    "heading_error_max_deg": 33.4728
  },
  "Wall Proximity": {
    "wall_min_distance_m": 0.5831,
    "wall_mean_distance_m": 0.9605,
    "wall_std_distance_m": 0.0779
  },
  "Smoothness": {
    "steering_rate_mean_rad_s": 0.3578,
    "steering_rate_max_rad_s": 18.4959,
    "steering_rate_std_rad_s": 0.5576
  },
  "Speed": {
    "speed_mean_m_s": 4.07,
    "speed_max_m_s": 4.8371,
    "speed_std_m_s": 0.7185
  }
}
F1/Monza/Monza: arch7 lap RMSE=0.0974 m  steps=11004
{
  "Lap Time": {
    "lap_time_s": 107.71,
    "steps": 10771.0,
    "collision": 0.0,
    "laps_completed": 1.0
  },
  "Cross-Track Error": {
    "crosstrack_rmse_m": 0.1001,
    "crosstrack_mean_m": 0.0587,
    "crosstrack_max_m": 0.4293,
    "crosstrack_std_m": 0.0811
  },
  "Heading Error": {
    "heading_error_mean_deg": 1.6975,
    "heading_error_rmse_deg": 4.0676,
    "heading_error_std_deg": 4.0663,
    "heading_error_max_deg": 33.2265
  },
  "Wall Proximity": {
    "wall_min_distance_m": 0.545,
    "wall_mean_distance_m": 0.963,
    "wall_std_distance_m": 0.0823
  },
  "Smoothness": {
    "steering_rate_mean_rad_s": 0.2415,
    "steering_rate_max_rad_s": 5.1589,
    "steering_rate_std_rad_s": 0.2727
  },
  "Speed": {
    "speed_mean_m_s": 4.1605,
    "speed_max_m_s": 4.87,
    "speed_std_m_s": 0.7803
  }
}
F1/Monza/Monza: arch8 lap RMSE=0.1001 m  steps=10771
Saved trace data to /nas/longleaf/home/zayah/NAS-in-the-Loop/standard-search/compare-map-150/262e4c/F1_Monza_Monza_262e4c.npz
{
  "Lap Time": {
    "lap_time_s": 111.08,
    "steps": 11108.0,
    "collision": 0.0,
    "laps_completed": 1.0
  },
  "Cross-Track Error": {
    "crosstrack_rmse_m": 0.095,
    "crosstrack_mean_m": 0.0712,
    "crosstrack_max_m": 0.3505,
    "crosstrack_std_m": 0.0629
  },
  "Heading Error": {
    "heading_error_mean_deg": 2.084,
    "heading_error_rmse_deg": 3.4469,
    "heading_error_std_deg": 3.4451,
    "heading_error_max_deg": 26.6071
  },
  "Wall Proximity": {
    "wall_min_distance_m": 0.8114,
    "wall_mean_distance_m": 1.1183,
    "wall_std_distance_m": 0.0646
  },
  "Smoothness": {
    "steering_rate_mean_rad_s": 0.2491,
    "steering_rate_max_rad_s": 10.9382,
    "steering_rate_std_rad_s": 0.4573
  },
  "Speed": {
    "speed_mean_m_s": 4.0116,
    "speed_max_m_s": 4.8994,
    "speed_std_m_s": 0.7752
  }
}
F1/Nuerburgring/Nuerburgring: arch1 lap RMSE=0.0950 m  steps=11108
{
  "Lap Time": {
    "lap_time_s": 118.96,
    "steps": 11896.0,
    "collision": 0.0,
    "laps_completed": 1.0
  },
  "Cross-Track Error": {
    "crosstrack_rmse_m": 0.0994,
    "crosstrack_mean_m": 0.0747,
    "crosstrack_max_m": 0.4865,
    "crosstrack_std_m": 0.0655
  },
  "Heading Error": {
    "heading_error_mean_deg": 2.1444,
    "heading_error_rmse_deg": 3.71,
    "heading_error_std_deg": 3.7066,
    "heading_error_max_deg": 30.8233
  },
  "Wall Proximity": {
    "wall_min_distance_m": 0.6556,
    "wall_mean_distance_m": 1.1154,
    "wall_std_distance_m": 0.0667
  },
  "Smoothness": {
    "steering_rate_mean_rad_s": 0.2627,
    "steering_rate_max_rad_s": 8.0272,
    "steering_rate_std_rad_s": 0.4323
  },
  "Speed": {
    "speed_mean_m_s": 3.748,
    "speed_max_m_s": 4.8501,
    "speed_std_m_s": 0.7553
  }
}
F1/Nuerburgring/Nuerburgring: arch2 lap RMSE=0.0994 m  steps=11896
{
  "Lap Time": {
    "lap_time_s": 112.99,
    "steps": 11299.0,
    "collision": 0.0,
    "laps_completed": 1.0
  },
  "Cross-Track Error": {
    "crosstrack_rmse_m": 0.1085,
    "crosstrack_mean_m": 0.0633,
    "crosstrack_max_m": 0.4671,
    "crosstrack_std_m": 0.0881
  },
  "Heading Error": {
    "heading_error_mean_deg": 2.1087,
    "heading_error_rmse_deg": 3.7452,
    "heading_error_std_deg": 3.7436,
    "heading_error_max_deg": 28.448
  },
  "Wall Proximity": {
    "wall_min_distance_m": 0.6945,
    "wall_mean_distance_m": 1.1235,
    "wall_std_distance_m": 0.0881
  },
  "Smoothness": {
    "steering_rate_mean_rad_s": 0.3753,
    "steering_rate_max_rad_s": 8.6055,
    "steering_rate_std_rad_s": 0.53
  },
  "Speed": {
    "speed_mean_m_s": 3.9707,
    "speed_max_m_s": 4.8578,
    "speed_std_m_s": 0.8026
  }
}
F1/Nuerburgring/Nuerburgring: arch3 lap RMSE=0.1085 m  steps=11299
{
  "Lap Time": {
    "lap_time_s": 113.63,
    "steps": 11363.0,
    "collision": 0.0,
    "laps_completed": 1.0
  },
  "Cross-Track Error": {
    "crosstrack_rmse_m": 0.1445,
    "crosstrack_mean_m": 0.0945,
    "crosstrack_max_m": 0.427,
    "crosstrack_std_m": 0.1094
  },
  "Heading Error": {
    "heading_error_mean_deg": 1.9022,
    "heading_error_rmse_deg": 3.2396,
    "heading_error_std_deg": 3.2371,
    "heading_error_max_deg": 25.1813
  },
  "Wall Proximity": {
    "wall_min_distance_m": 0.727,
    "wall_mean_distance_m": 1.0903,
    "wall_std_distance_m": 0.1074
  },
  "Smoothness": {
    "steering_rate_mean_rad_s": 0.3087,
    "steering_rate_max_rad_s": 4.7663,
    "steering_rate_std_rad_s": 0.3317
  },
  "Speed": {
    "speed_mean_m_s": 3.972,
    "speed_max_m_s": 4.9166,
    "speed_std_m_s": 0.8487
  }
}
F1/Nuerburgring/Nuerburgring: arch4 lap RMSE=0.1445 m  steps=11363
{
  "Lap Time": {
    "lap_time_s": 112.94,
    "steps": 11294.0,
    "collision": 0.0,
    "laps_completed": 1.0
  },
  "Cross-Track Error": {
    "crosstrack_rmse_m": 0.1406,
    "crosstrack_mean_m": 0.0917,
    "crosstrack_max_m": 0.44,
    "crosstrack_std_m": 0.1065
  },
  "Heading Error": {
    "heading_error_mean_deg": 1.7257,
    "heading_error_rmse_deg": 2.8797,
    "heading_error_std_deg": 2.8786,
    "heading_error_max_deg": 19.8864
  },
  "Wall Proximity": {
    "wall_min_distance_m": 0.7234,
    "wall_mean_distance_m": 1.0921,
    "wall_std_distance_m": 0.1042
  },
  "Smoothness": {
    "steering_rate_mean_rad_s": 0.3018,
    "steering_rate_max_rad_s": 5.0764,
    "steering_rate_std_rad_s": 0.2824
  },
  "Speed": {
    "speed_mean_m_s": 4.0006,
    "speed_max_m_s": 4.8837,
    "speed_std_m_s": 0.8318
  }
}
F1/Nuerburgring/Nuerburgring: arch5 lap RMSE=0.1406 m  steps=11294
{
  "Lap Time": {
    "lap_time_s": 112.94,
    "steps": 11294.0,
    "collision": 0.0,
    "laps_completed": 1.0
  },
  "Cross-Track Error": {
    "crosstrack_rmse_m": 0.1384,
    "crosstrack_mean_m": 0.0918,
    "crosstrack_max_m": 0.4505,
    "crosstrack_std_m": 0.1036
  },
  "Heading Error": {
    "heading_error_mean_deg": 1.7464,
    "heading_error_rmse_deg": 2.8695,
    "heading_error_std_deg": 2.8686,
    "heading_error_max_deg": 18.7146
  },
  "Wall Proximity": {
    "wall_min_distance_m": 0.7048,
    "wall_mean_distance_m": 1.0934,
    "wall_std_distance_m": 0.1024
  },
  "Smoothness": {
    "steering_rate_mean_rad_s": 0.3061,
    "steering_rate_max_rad_s": 4.5122,
    "steering_rate_std_rad_s": 0.306
  },
  "Speed": {
    "speed_mean_m_s": 4.0003,
    "speed_max_m_s": 4.8854,
    "speed_std_m_s": 0.8265
  }
}
F1/Nuerburgring/Nuerburgring: arch6 lap RMSE=0.1384 m  steps=11294
{
  "Lap Time": {
    "lap_time_s": 113.37,
    "steps": 11337.0,
    "collision": 0.0,
    "laps_completed": 1.0
  },
  "Cross-Track Error": {
    "crosstrack_rmse_m": 0.1421,
    "crosstrack_mean_m": 0.0935,
    "crosstrack_max_m": 0.4274,
    "crosstrack_std_m": 0.107
  },
  "Heading Error": {
    "heading_error_mean_deg": 1.7506,
    "heading_error_rmse_deg": 2.9362,
    "heading_error_std_deg": 2.9349,
    "heading_error_max_deg": 20.2894
  },
  "Wall Proximity": {
    "wall_min_distance_m": 0.7277,
    "wall_mean_distance_m": 1.0909,
    "wall_std_distance_m": 0.1047
  },
  "Smoothness": {
    "steering_rate_mean_rad_s": 0.3773,
    "steering_rate_max_rad_s": 6.9821,
    "steering_rate_std_rad_s": 0.4064
  },
  "Speed": {
    "speed_mean_m_s": 3.9854,
    "speed_max_m_s": 4.8677,
    "speed_std_m_s": 0.8273
  }
}
F1/Nuerburgring/Nuerburgring: arch7 lap RMSE=0.1421 m  steps=11337
{
  "Lap Time": {
    "lap_time_s": 121.06,
    "steps": 12106.0,
    "collision": 0.0,
    "laps_completed": 1.0
  },
  "Cross-Track Error": {
    "crosstrack_rmse_m": 0.1629,
    "crosstrack_mean_m": 0.1118,
    "crosstrack_max_m": 0.4302,
    "crosstrack_std_m": 0.1185
  },
  "Heading Error": {
    "heading_error_mean_deg": 2.0479,
    "heading_error_rmse_deg": 3.3213,
    "heading_error_std_deg": 3.3202,
    "heading_error_max_deg": 19.7888
  },
  "Wall Proximity": {
    "wall_min_distance_m": 0.7267,
    "wall_mean_distance_m": 1.0759,
    "wall_std_distance_m": 0.1184
  },
  "Smoothness": {
    "steering_rate_mean_rad_s": 0.2422,
    "steering_rate_max_rad_s": 28.0757,
    "steering_rate_std_rad_s": 0.4075
  },
  "Speed": {
    "speed_mean_m_s": 3.7411,
    "speed_max_m_s": 4.7987,
    "speed_std_m_s": 0.7259
  }
}
F1/Nuerburgring/Nuerburgring: arch8 lap RMSE=0.1629 m  steps=12106
Saved trace data to /nas/longleaf/home/zayah/NAS-in-the-Loop/standard-search/compare-map-150/262e4c/F1_Nuerburgring_Nuerburgring_262e4c.npz
{
  "Lap Time": {
    "lap_time_s": 123.21,
    "steps": 12321.0,
    "collision": 0.0,
    "laps_completed": 1.0
  },
  "Cross-Track Error": {
    "crosstrack_rmse_m": 0.1378,
    "crosstrack_mean_m": 0.0994,
    "crosstrack_max_m": 1.1034,
    "crosstrack_std_m": 0.0954
  },
  "Heading Error": {
    "heading_error_mean_deg": 2.934,
    "heading_error_rmse_deg": 7.2798,
    "heading_error_std_deg": 7.2797,
    "heading_error_max_deg": 81.7304
  },
  "Wall Proximity": {
    "wall_min_distance_m": 0.7029,
    "wall_mean_distance_m": 1.1781,
    "wall_std_distance_m": 0.0773
  },
  "Smoothness": {
    "steering_rate_mean_rad_s": 0.2804,
    "steering_rate_max_rad_s": 15.3127,
    "steering_rate_std_rad_s": 0.5811
  },
  "Speed": {
    "speed_mean_m_s": 3.9916,
    "speed_max_m_s": 4.8731,
    "speed_std_m_s": 0.8065
  }
}
F1/Shanghai/Shanghai: arch1 lap RMSE=0.1378 m  steps=12321
{
  "Lap Time": {
    "lap_time_s": 119.98,
    "steps": 11998.0,
    "collision": 1.0,
    "laps_completed": 0.0
  },
  "Cross-Track Error": {
    "crosstrack_rmse_m": 0.1396,
    "crosstrack_mean_m": 0.1011,
    "crosstrack_max_m": 1.0421,
    "crosstrack_std_m": 0.0963
  },
  "Heading Error": {
    "heading_error_mean_deg": 3.0103,
    "heading_error_rmse_deg": 10.3677,
    "heading_error_std_deg": 10.3544,
    "heading_error_max_deg": 146.8308
  },
  "Wall Proximity": {
    "wall_min_distance_m": 0.3194,
    "wall_mean_distance_m": 1.1873,
    "wall_std_distance_m": 0.153
  },
  "Smoothness": {
    "steering_rate_mean_rad_s": 0.2629,
    "steering_rate_max_rad_s": 13.6161,
    "steering_rate_std_rad_s": 0.5213
  },
  "Speed": {
    "speed_mean_m_s": 3.6526,
    "speed_max_m_s": 4.8344,
    "speed_std_m_s": 0.7878
  }
}
F1/Shanghai/Shanghai: arch2 lap RMSE=0.1396 m  steps=11998
{
  "Lap Time": {
    "lap_time_s": 127.46,
    "steps": 12746.0,
    "collision": 0.0,
    "laps_completed": 1.0
  },
  "Cross-Track Error": {
    "crosstrack_rmse_m": 0.1635,
    "crosstrack_mean_m": 0.0811,
    "crosstrack_max_m": 1.0207,
    "crosstrack_std_m": 0.1419
  },
  "Heading Error": {
    "heading_error_mean_deg": 3.6918,
    "heading_error_rmse_deg": 9.9594,
    "heading_error_std_deg": 9.9591,
    "heading_error_max_deg": 98.186
  },
  "Wall Proximity": {
    "wall_min_distance_m": 0.2737,
    "wall_mean_distance_m": 1.2092,
    "wall_std_distance_m": 0.1955
  },
  "Smoothness": {
    "steering_rate_mean_rad_s": 0.4391,
    "steering_rate_max_rad_s": 26.9412,
    "steering_rate_std_rad_s": 0.8903
  },
  "Speed": {
    "speed_mean_m_s": 3.9052,
    "speed_max_m_s": 4.8881,
    "speed_std_m_s": 0.9096
  }
}
F1/Shanghai/Shanghai: arch3 lap RMSE=0.1635 m  steps=12746
{
  "Lap Time": {
    "lap_time_s": 126.89,
    "steps": 12689.0,
    "collision": 0.0,
    "laps_completed": 1.0
  },
  "Cross-Track Error": {
    "crosstrack_rmse_m": 0.1667,
    "crosstrack_mean_m": 0.1102,
    "crosstrack_max_m": 1.0143,
    "crosstrack_std_m": 0.1252
  },
  "Heading Error": {
    "heading_error_mean_deg": 2.7773,
    "heading_error_rmse_deg": 7.5756,
    "heading_error_std_deg": 7.5756,
    "heading_error_max_deg": 94.0797
  },
  "Wall Proximity": {
    "wall_min_distance_m": 0.7597,
    "wall_mean_distance_m": 1.1683,
    "wall_std_distance_m": 0.1363
  },
  "Smoothness": {
    "steering_rate_mean_rad_s": 0.3034,
    "steering_rate_max_rad_s": 7.5755,
    "steering_rate_std_rad_s": 0.4243
  },
  "Speed": {
    "speed_mean_m_s": 3.9445,
    "speed_max_m_s": 4.9233,
    "speed_std_m_s": 0.909
  }
}
F1/Shanghai/Shanghai: arch4 lap RMSE=0.1667 m  steps=12689
{
  "Lap Time": {
    "lap_time_s": 126.45,
    "steps": 12645.0,
    "collision": 0.0,
    "laps_completed": 1.0
  },
  "Cross-Track Error": {
    "crosstrack_rmse_m": 0.1597,
    "crosstrack_mean_m": 0.102,
    "crosstrack_max_m": 0.9737,
    "crosstrack_std_m": 0.1229
  },
  "Heading Error": {
    "heading_error_mean_deg": 2.8154,
    "heading_error_rmse_deg": 8.4467,
    "heading_error_std_deg": 8.4466,
    "heading_error_max_deg": 95.428
  },
  "Wall Proximity": {
    "wall_min_distance_m": 0.5625,
    "wall_mean_distance_m": 1.1833,
    "wall_std_distance_m": 0.1659
  },
  "Smoothness": {
    "steering_rate_mean_rad_s": 0.3323,
    "steering_rate_max_rad_s": 72.6791,
    "steering_rate_std_rad_s": 1.1789
  },
  "Speed": {
    "speed_mean_m_s": 3.9635,
    "speed_max_m_s": 4.8987,
    "speed_std_m_s": 0.9002
  }
}
F1/Shanghai/Shanghai: arch5 lap RMSE=0.1597 m  steps=12645
{
  "Lap Time": {
    "lap_time_s": 125.46,
    "steps": 12546.0,
    "collision": 0.0,
    "laps_completed": 1.0
  },
  "Cross-Track Error": {
    "crosstrack_rmse_m": 0.1499,
    "crosstrack_mean_m": 0.0964,
    "crosstrack_max_m": 0.9589,
    "crosstrack_std_m": 0.1149
  },
  "Heading Error": {
    "heading_error_mean_deg": 2.6347,
    "heading_error_rmse_deg": 8.0863,
    "heading_error_std_deg": 8.0863,
    "heading_error_max_deg": 95.4628
  },
  "Wall Proximity": {
    "wall_min_distance_m": 0.6618,
    "wall_mean_distance_m": 1.1868,
    "wall_std_distance_m": 0.1548
  },
  "Smoothness": {
    "steering_rate_mean_rad_s": 0.3394,
    "steering_rate_max_rad_s": 70.6885,
    "steering_rate_std_rad_s": 1.1551
  },
  "Speed": {
    "speed_mean_m_s": 3.9921,
    "speed_max_m_s": 4.9204,
    "speed_std_m_s": 0.9055
  }
}
F1/Shanghai/Shanghai: arch6 lap RMSE=0.1499 m  steps=12546
{
  "Lap Time": {
    "lap_time_s": 127.46,
    "steps": 12746.0,
    "collision": 0.0,
    "laps_completed": 1.0
  },
  "Cross-Track Error": {
    "crosstrack_rmse_m": 0.1724,
    "crosstrack_mean_m": 0.1084,
    "crosstrack_max_m": 0.9718,
    "crosstrack_std_m": 0.134
  },
  "Heading Error": {
    "heading_error_mean_deg": 2.9803,
    "heading_error_rmse_deg": 8.5889,
    "heading_error_std_deg": 8.5886,
    "heading_error_max_deg": 95.4127
  },
  "Wall Proximity": {
    "wall_min_distance_m": 0.3546,
    "wall_mean_distance_m": 1.1777,
    "wall_std_distance_m": 0.1755
  },
  "Smoothness": {
    "steering_rate_mean_rad_s": 0.4201,
    "steering_rate_max_rad_s": 72.2691,
    "steering_rate_std_rad_s": 1.1739
  },
  "Speed": {
    "speed_mean_m_s": 3.9345,
    "speed_max_m_s": 4.9102,
    "speed_std_m_s": 0.924
  }
}
F1/Shanghai/Shanghai: arch7 lap RMSE=0.1724 m  steps=12746
{
  "Lap Time": {
    "lap_time_s": 137.51,
    "steps": 13751.0,
    "collision": 0.0,
    "laps_completed": 1.0
  },
  "Cross-Track Error": {
    "crosstrack_rmse_m": 0.1969,
    "crosstrack_mean_m": 0.1377,
    "crosstrack_max_m": 0.9703,
    "crosstrack_std_m": 0.1408
  },
  "Heading Error": {
    "heading_error_mean_deg": 3.157,
    "heading_error_rmse_deg": 8.7466,
    "heading_error_std_deg": 8.7464,
    "heading_error_max_deg": 94.7295
  },
  "Wall Proximity": {
    "wall_min_distance_m": 0.2776,
    "wall_mean_distance_m": 1.1494,
    "wall_std_distance_m": 0.1812
  },
  "Smoothness": {
    "steering_rate_mean_rad_s": 0.2593,
    "steering_rate_max_rad_s": 34.3259,
    "steering_rate_std_rad_s": 0.7425
  },
  "Speed": {
    "speed_mean_m_s": 3.6638,
    "speed_max_m_s": 4.6656,
    "speed_std_m_s": 0.757
  }
}
F1/Shanghai/Shanghai: arch8 lap RMSE=0.1969 m  steps=13751
Saved trace data to /nas/longleaf/home/zayah/NAS-in-the-Loop/standard-search/compare-map-150/262e4c/F1_Shanghai_Shanghai_262e4c.npz
{
  "Lap Time": {
    "lap_time_s": 115.93,
    "steps": 11593.0,
    "collision": 0.0,
    "laps_completed": 1.0
  },
  "Cross-Track Error": {
    "crosstrack_rmse_m": 0.0936,
    "crosstrack_mean_m": 0.0738,
    "crosstrack_max_m": 0.3443,
    "crosstrack_std_m": 0.0576
  },
  "Heading Error": {
    "heading_error_mean_deg": 2.1396,
    "heading_error_rmse_deg": 3.3892,
    "heading_error_std_deg": 3.3891,
    "heading_error_max_deg": 21.5678
  },
  "Wall Proximity": {
    "wall_min_distance_m": 0.6882,
    "wall_mean_distance_m": 0.98,
    "wall_std_distance_m": 0.058
  },
  "Smoothness": {
    "steering_rate_mean_rad_s": 0.2483,
    "steering_rate_max_rad_s": 10.8651,
    "steering_rate_std_rad_s": 0.4702
  },
  "Speed": {
    "speed_mean_m_s": 3.9442,
    "speed_max_m_s": 4.9328,
    "speed_std_m_s": 0.6742
  }
}
F1/Silverstone/Silverstone: arch1 lap RMSE=0.0936 m  steps=11593
{
  "Lap Time": {
    "lap_time_s": 124.0,
    "steps": 12400.0,
    "collision": 0.0,
    "laps_completed": 1.0
  },
  "Cross-Track Error": {
    "crosstrack_rmse_m": 0.0941,
    "crosstrack_mean_m": 0.0688,
    "crosstrack_max_m": 0.3656,
    "crosstrack_std_m": 0.0643
  },
  "Heading Error": {
    "heading_error_mean_deg": 1.9972,
    "heading_error_rmse_deg": 3.4979,
    "heading_error_std_deg": 3.497,
    "heading_error_max_deg": 30.3074
  },
  "Wall Proximity": {
    "wall_min_distance_m": 0.6332,
    "wall_mean_distance_m": 0.985,
    "wall_std_distance_m": 0.0657
  },
  "Smoothness": {
    "steering_rate_mean_rad_s": 0.2816,
    "steering_rate_max_rad_s": 8.6106,
    "steering_rate_std_rad_s": 0.4522
  },
  "Speed": {
    "speed_mean_m_s": 3.6839,
    "speed_max_m_s": 4.8095,
    "speed_std_m_s": 0.7802
  }
}
F1/Silverstone/Silverstone: arch2 lap RMSE=0.0941 m  steps=12400
{
  "Lap Time": {
    "lap_time_s": 115.02,
    "steps": 11502.0,
    "collision": 0.0,
    "laps_completed": 1.0
  },
  "Cross-Track Error": {
    "crosstrack_rmse_m": 0.0937,
    "crosstrack_mean_m": 0.0511,
    "crosstrack_max_m": 0.6287,
    "crosstrack_std_m": 0.0786
  },
  "Heading Error": {
    "heading_error_mean_deg": 2.0687,
    "heading_error_rmse_deg": 4.1171,
    "heading_error_std_deg": 4.117,
    "heading_error_max_deg": 37.2693
  },
  "Wall Proximity": {
    "wall_min_distance_m": 0.4007,
    "wall_mean_distance_m": 0.9998,
    "wall_std_distance_m": 0.0773
  },
  "Smoothness": {
    "steering_rate_mean_rad_s": 0.3429,
    "steering_rate_max_rad_s": 14.0727,
    "steering_rate_std_rad_s": 0.4725
  },
  "Speed": {
    "speed_mean_m_s": 3.9958,
    "speed_max_m_s": 4.9138,
    "speed_std_m_s": 0.7719
  }
}
F1/Silverstone/Silverstone: arch3 lap RMSE=0.0937 m  steps=11502
{
  "Lap Time": {
    "lap_time_s": 116.06,
    "steps": 11606.0,
    "collision": 0.0,
    "laps_completed": 1.0
  },
  "Cross-Track Error": {
    "crosstrack_rmse_m": 0.1223,
    "crosstrack_mean_m": 0.0822,
    "crosstrack_max_m": 0.4809,
    "crosstrack_std_m": 0.0905
  },
  "Heading Error": {
    "heading_error_mean_deg": 1.7161,
    "heading_error_rmse_deg": 3.1629,
    "heading_error_std_deg": 3.1628,
    "heading_error_max_deg": 30.0437
  },
  "Wall Proximity": {
    "wall_min_distance_m": 0.5205,
    "wall_mean_distance_m": 0.9676,
    "wall_std_distance_m": 0.0891
  },
  "Smoothness": {
    "steering_rate_mean_rad_s": 0.3023,
    "steering_rate_max_rad_s": 4.9404,
    "steering_rate_std_rad_s": 0.3184
  },
  "Speed": {
    "speed_mean_m_s": 3.9815,
    "speed_max_m_s": 4.8973,
    "speed_std_m_s": 0.8066
  }
}
F1/Silverstone/Silverstone: arch4 lap RMSE=0.1223 m  steps=11606
{
  "Lap Time": {
    "lap_time_s": 116.92,
    "steps": 11692.0,
    "collision": 0.0,
    "laps_completed": 1.0
  },
  "Cross-Track Error": {
    "crosstrack_rmse_m": 0.1298,
    "crosstrack_mean_m": 0.0882,
    "crosstrack_max_m": 0.4522,
    "crosstrack_std_m": 0.0952
  },
  "Heading Error": {
    "heading_error_mean_deg": 1.6748,
    "heading_error_rmse_deg": 2.8712,
    "heading_error_std_deg": 2.8712,
    "heading_error_max_deg": 24.3654
  },
  "Wall Proximity": {
    "wall_min_distance_m": 0.5639,
    "wall_mean_distance_m": 0.9612,
    "wall_std_distance_m": 0.0937
  },
  "Smoothness": {
    "steering_rate_mean_rad_s": 0.3094,
    "steering_rate_max_rad_s": 6.018,
    "steering_rate_std_rad_s": 0.3247
  },
  "Speed": {
    "speed_mean_m_s": 3.959,
    "speed_max_m_s": 4.8775,
    "speed_std_m_s": 0.8028
  }
}
F1/Silverstone/Silverstone: arch5 lap RMSE=0.1298 m  steps=11692
{
  "Lap Time": {
    "lap_time_s": 117.14,
    "steps": 11714.0,
    "collision": 0.0,
    "laps_completed": 1.0
  },
  "Cross-Track Error": {
    "crosstrack_rmse_m": 0.1326,
    "crosstrack_mean_m": 0.0911,
    "crosstrack_max_m": 0.4561,
    "crosstrack_std_m": 0.0964
  },
  "Heading Error": {
    "heading_error_mean_deg": 1.7131,
    "heading_error_rmse_deg": 2.9262,
    "heading_error_std_deg": 2.9262,
    "heading_error_max_deg": 23.2761
  },
  "Wall Proximity": {
    "wall_min_distance_m": 0.5649,
    "wall_mean_distance_m": 0.9591,
    "wall_std_distance_m": 0.0954
  },
  "Smoothness": {
    "steering_rate_mean_rad_s": 0.3214,
    "steering_rate_max_rad_s": 6.6542,
    "steering_rate_std_rad_s": 0.3379
  },
  "Speed": {
    "speed_mean_m_s": 3.9528,
    "speed_max_m_s": 4.9031,
    "speed_std_m_s": 0.8184
  }
}
F1/Silverstone/Silverstone: arch6 lap RMSE=0.1326 m  steps=11714
{
  "Lap Time": {
    "lap_time_s": 116.95,
    "steps": 11695.0,
    "collision": 0.0,
    "laps_completed": 1.0
  },
  "Cross-Track Error": {
    "crosstrack_rmse_m": 0.1279,
    "crosstrack_mean_m": 0.0872,
    "crosstrack_max_m": 0.5014,
    "crosstrack_std_m": 0.0936
  },
  "Heading Error": {
    "heading_error_mean_deg": 1.7212,
    "heading_error_rmse_deg": 3.1304,
    "heading_error_std_deg": 3.1303,
    "heading_error_max_deg": 31.3572
  },
  "Wall Proximity": {
    "wall_min_distance_m": 0.5142,
    "wall_mean_distance_m": 0.9628,
    "wall_std_distance_m": 0.092
  },
  "Smoothness": {
    "steering_rate_mean_rad_s": 0.3729,
    "steering_rate_max_rad_s": 11.3293,
    "steering_rate_std_rad_s": 0.4643
  },
  "Speed": {
    "speed_mean_m_s": 3.9562,
    "speed_max_m_s": 4.9021,
    "speed_std_m_s": 0.7983
  }
}
F1/Silverstone/Silverstone: arch7 lap RMSE=0.1279 m  steps=11695
{
  "Lap Time": {
    "lap_time_s": 118.93,
    "steps": 11893.0,
    "collision": 0.0,
    "laps_completed": 1.0
  },
  "Cross-Track Error": {
    "crosstrack_rmse_m": 0.1331,
    "crosstrack_mean_m": 0.0912,
    "crosstrack_max_m": 0.3605,
    "crosstrack_std_m": 0.0969
  },
  "Heading Error": {
    "heading_error_mean_deg": 1.7681,
    "heading_error_rmse_deg": 2.91,
    "heading_error_std_deg": 2.91,
    "heading_error_max_deg": 21.2144
  },
  "Wall Proximity": {
    "wall_min_distance_m": 0.6522,
    "wall_mean_distance_m": 0.9588,
    "wall_std_distance_m": 0.0956
  },
  "Smoothness": {
    "steering_rate_mean_rad_s": 0.2281,
    "steering_rate_max_rad_s": 3.6248,
    "steering_rate_std_rad_s": 0.2332
  },
  "Speed": {
    "speed_mean_m_s": 3.8928,
    "speed_max_m_s": 4.8703,
    "speed_std_m_s": 0.7716
  }
}
F1/Silverstone/Silverstone: arch8 lap RMSE=0.1331 m  steps=11893
Saved trace data to /nas/longleaf/home/zayah/NAS-in-the-Loop/standard-search/compare-map-150/262e4c/F1_Silverstone_Silverstone_262e4c.npz
{
  "Lap Time": {
    "lap_time_s": 114.64,
    "steps": 11464.0,
    "collision": 0.0,
    "laps_completed": 1.0
  },
  "Cross-Track Error": {
    "crosstrack_rmse_m": 0.1021,
    "crosstrack_mean_m": 0.0671,
    "crosstrack_max_m": 0.4359,
    "crosstrack_std_m": 0.0771
  },
  "Heading Error": {
    "heading_error_mean_deg": 2.7667,
    "heading_error_rmse_deg": 4.8839,
    "heading_error_std_deg": 4.8796,
    "heading_error_max_deg": 35.8857
  },
  "Wall Proximity": {
    "wall_min_distance_m": 0.5795,
    "wall_mean_distance_m": 0.9983,
    "wall_std_distance_m": 0.0757
  },
  "Smoothness": {
    "steering_rate_mean_rad_s": 0.2868,
    "steering_rate_max_rad_s": 13.7294,
    "steering_rate_std_rad_s": 0.5598
  },
  "Speed": {
    "speed_mean_m_s": 4.0368,
    "speed_max_m_s": 4.9192,
    "speed_std_m_s": 0.7876
  }
}
F1/Sochi/Sochi: arch1 lap RMSE=0.1021 m  steps=11464
{
  "Lap Time": {
    "lap_time_s": 123.09,
    "steps": 12309.0,
    "collision": 0.0,
    "laps_completed": 1.0
  },
  "Cross-Track Error": {
    "crosstrack_rmse_m": 0.0869,
    "crosstrack_mean_m": 0.063,
    "crosstrack_max_m": 0.37,
    "crosstrack_std_m": 0.0599
  },
  "Heading Error": {
    "heading_error_mean_deg": 2.65,
    "heading_error_rmse_deg": 4.8268,
    "heading_error_std_deg": 4.8231,
    "heading_error_max_deg": 43.3671
  },
  "Wall Proximity": {
    "wall_min_distance_m": 0.6668,
    "wall_mean_distance_m": 1.005,
    "wall_std_distance_m": 0.061
  },
  "Smoothness": {
    "steering_rate_mean_rad_s": 0.3108,
    "steering_rate_max_rad_s": 10.1414,
    "steering_rate_std_rad_s": 0.527
  },
  "Speed": {
    "speed_mean_m_s": 3.7668,
    "speed_max_m_s": 4.8016,
    "speed_std_m_s": 0.7495
  }
}
F1/Sochi/Sochi: arch2 lap RMSE=0.0869 m  steps=12309
{
  "Lap Time": {
    "lap_time_s": 119.71,
    "steps": 11971.0,
    "collision": 0.0,
    "laps_completed": 1.0
  },
  "Cross-Track Error": {
    "crosstrack_rmse_m": 0.1236,
    "crosstrack_mean_m": 0.0687,
    "crosstrack_max_m": 0.5203,
    "crosstrack_std_m": 0.1028
  },
  "Heading Error": {
    "heading_error_mean_deg": 3.3251,
    "heading_error_rmse_deg": 5.8897,
    "heading_error_std_deg": 5.8884,
    "heading_error_max_deg": 41.086
  },
  "Wall Proximity": {
    "wall_min_distance_m": 0.499,
    "wall_mean_distance_m": 0.9965,
    "wall_std_distance_m": 0.0997
  },
  "Smoothness": {
    "steering_rate_mean_rad_s": 0.4195,
    "steering_rate_max_rad_s": 10.3984,
    "steering_rate_std_rad_s": 0.6075
  },
  "Speed": {
    "speed_mean_m_s": 3.8901,
    "speed_max_m_s": 4.855,
    "speed_std_m_s": 0.8767
  }
}
F1/Sochi/Sochi: arch3 lap RMSE=0.1236 m  steps=11971
{
  "Lap Time": {
    "lap_time_s": 118.35,
    "steps": 11835.0,
    "collision": 0.0,
    "laps_completed": 1.0
  },
  "Cross-Track Error": {
    "crosstrack_rmse_m": 0.1244,
    "crosstrack_mean_m": 0.0775,
    "crosstrack_max_m": 0.4047,
    "crosstrack_std_m": 0.0973
  },
  "Heading Error": {
    "heading_error_mean_deg": 2.5976,
    "heading_error_rmse_deg": 4.7066,
    "heading_error_std_deg": 4.7029,
    "heading_error_max_deg": 39.5475
  },
  "Wall Proximity": {
    "wall_min_distance_m": 0.6361,
    "wall_mean_distance_m": 0.9854,
    "wall_std_distance_m": 0.0937
  },
  "Smoothness": {
    "steering_rate_mean_rad_s": 0.3574,
    "steering_rate_max_rad_s": 6.4324,
    "steering_rate_std_rad_s": 0.4195
  },
  "Speed": {
    "speed_mean_m_s": 3.9517,
    "speed_max_m_s": 4.8769,
    "speed_std_m_s": 0.8629
  }
}
F1/Sochi/Sochi: arch4 lap RMSE=0.1244 m  steps=11835
{
  "Lap Time": {
    "lap_time_s": 118.18,
    "steps": 11818.0,
    "collision": 0.0,
    "laps_completed": 1.0
  },
  "Cross-Track Error": {
    "crosstrack_rmse_m": 0.1225,
    "crosstrack_mean_m": 0.0775,
    "crosstrack_max_m": 0.3635,
    "crosstrack_std_m": 0.0949
  },
  "Heading Error": {
    "heading_error_mean_deg": 2.3534,
    "heading_error_rmse_deg": 4.105,
    "heading_error_std_deg": 4.1021,
    "heading_error_max_deg": 33.5489
  },
  "Wall Proximity": {
    "wall_min_distance_m": 0.6597,
    "wall_mean_distance_m": 0.9844,
    "wall_std_distance_m": 0.091
  },
  "Smoothness": {
    "steering_rate_mean_rad_s": 0.3453,
    "steering_rate_max_rad_s": 3.731,
    "steering_rate_std_rad_s": 0.3415
  },
  "Speed": {
    "speed_mean_m_s": 3.9635,
    "speed_max_m_s": 4.8788,
    "speed_std_m_s": 0.8502
  }
}
F1/Sochi/Sochi: arch5 lap RMSE=0.1225 m  steps=11818
{
  "Lap Time": {
    "lap_time_s": 118.82,
    "steps": 11882.0,
    "collision": 0.0,
    "laps_completed": 1.0
  },
  "Cross-Track Error": {
    "crosstrack_rmse_m": 0.1244,
    "crosstrack_mean_m": 0.0802,
    "crosstrack_max_m": 0.3774,
    "crosstrack_std_m": 0.0951
  },
  "Heading Error": {
    "heading_error_mean_deg": 2.3076,
    "heading_error_rmse_deg": 3.9668,
    "heading_error_std_deg": 3.9643,
    "heading_error_max_deg": 32.0509
  },
  "Wall Proximity": {
    "wall_min_distance_m": 0.6562,
    "wall_mean_distance_m": 0.9824,
    "wall_std_distance_m": 0.091
  },
  "Smoothness": {
    "steering_rate_mean_rad_s": 0.3702,
    "steering_rate_max_rad_s": 7.8397,
    "steering_rate_std_rad_s": 0.3969
  },
  "Speed": {
    "speed_mean_m_s": 3.9436,
    "speed_max_m_s": 4.8609,
    "speed_std_m_s": 0.8415
  }
}
F1/Sochi/Sochi: arch6 lap RMSE=0.1244 m  steps=11882
{
  "Lap Time": {
    "lap_time_s": 118.45,
    "steps": 11845.0,
    "collision": 0.0,
    "laps_completed": 1.0
  },
  "Cross-Track Error": {
    "crosstrack_rmse_m": 0.1214,
    "crosstrack_mean_m": 0.0769,
    "crosstrack_max_m": 0.3797,
    "crosstrack_std_m": 0.094
  },
  "Heading Error": {
    "heading_error_mean_deg": 2.3636,
    "heading_error_rmse_deg": 4.2138,
    "heading_error_std_deg": 4.2116,
    "heading_error_max_deg": 35.4739
  },
  "Wall Proximity": {
    "wall_min_distance_m": 0.6495,
    "wall_mean_distance_m": 0.9852,
    "wall_std_distance_m": 0.0895
  },
  "Smoothness": {
    "steering_rate_mean_rad_s": 0.4017,
    "steering_rate_max_rad_s": 6.2641,
    "steering_rate_std_rad_s": 0.4511
  },
  "Speed": {
    "speed_mean_m_s": 3.9524,
    "speed_max_m_s": 4.8545,
    "speed_std_m_s": 0.8449
  }
}
F1/Sochi/Sochi: arch7 lap RMSE=0.1214 m  steps=11845
{
  "Lap Time": {
    "lap_time_s": 121.92,
    "steps": 12192.0,
    "collision": 0.0,
    "laps_completed": 1.0
  },
  "Cross-Track Error": {
    "crosstrack_rmse_m": 0.132,
    "crosstrack_mean_m": 0.0836,
    "crosstrack_max_m": 0.4288,
    "crosstrack_std_m": 0.1021
  },
  "Heading Error": {
    "heading_error_mean_deg": 2.5662,
    "heading_error_rmse_deg": 4.391,
    "heading_error_std_deg": 4.3885,
    "heading_error_max_deg": 34.5943
  },
  "Wall Proximity": {
    "wall_min_distance_m": 0.599,
    "wall_mean_distance_m": 0.9794,
    "wall_std_distance_m": 0.0985
  },
  "Smoothness": {
    "steering_rate_mean_rad_s": 0.2785,
    "steering_rate_max_rad_s": 22.8635,
    "steering_rate_std_rad_s": 0.5107
  },
  "Speed": {
    "speed_mean_m_s": 3.8456,
    "speed_max_m_s": 4.8308,
    "speed_std_m_s": 0.8072
  }
}
F1/Sochi/Sochi: arch8 lap RMSE=0.1320 m  steps=12192
Saved trace data to /nas/longleaf/home/zayah/NAS-in-the-Loop/standard-search/compare-map-150/262e4c/F1_Sochi_Sochi_262e4c.npz
{
  "Lap Time": {
    "lap_time_s": 134.62,
    "steps": 13462.0,
    "collision": 0.0,
    "laps_completed": 1.0
  },
  "Cross-Track Error": {
    "crosstrack_rmse_m": 0.0926,
    "crosstrack_mean_m": 0.0562,
    "crosstrack_max_m": 0.5994,
    "crosstrack_std_m": 0.0736
  },
  "Heading Error": {
    "heading_error_mean_deg": 1.9611,
    "heading_error_rmse_deg": 4.0535,
    "heading_error_std_deg": 4.0535,
    "heading_error_max_deg": 44.9348
  },
  "Wall Proximity": {
    "wall_min_distance_m": 0.4326,
    "wall_mean_distance_m": 0.9954,
    "wall_std_distance_m": 0.0692
  },
  "Smoothness": {
    "steering_rate_mean_rad_s": 0.2593,
    "steering_rate_max_rad_s": 10.4538,
    "steering_rate_std_rad_s": 0.422
  },
  "Speed": {
    "speed_mean_m_s": 4.1139,
    "speed_max_m_s": 4.9309,
    "speed_std_m_s": 0.7519
  }
}
F1/Spa/Spa: arch1 lap RMSE=0.0926 m  steps=13462
{
  "Lap Time": {
    "lap_time_s": 147.44,
    "steps": 14744.0,
    "collision": 0.0,
    "laps_completed": 1.0
  },
  "Cross-Track Error": {
    "crosstrack_rmse_m": 0.0929,
    "crosstrack_mean_m": 0.0673,
    "crosstrack_max_m": 0.5283,
    "crosstrack_std_m": 0.064
  },
  "Heading Error": {
    "heading_error_mean_deg": 1.9887,
    "heading_error_rmse_deg": 4.0965,
    "heading_error_std_deg": 4.0961,
    "heading_error_max_deg": 37.7962
  },
  "Wall Proximity": {
    "wall_min_distance_m": 0.5246,
    "wall_mean_distance_m": 0.989,
    "wall_std_distance_m": 0.0621
  },
  "Smoothness": {
    "steering_rate_mean_rad_s": 0.3024,
    "steering_rate_max_rad_s": 12.4346,
    "steering_rate_std_rad_s": 0.4392
  },
  "Speed": {
    "speed_mean_m_s": 3.7529,
    "speed_max_m_s": 4.7835,
    "speed_std_m_s": 0.7036
  }
}
F1/Spa/Spa: arch2 lap RMSE=0.0929 m  steps=14744
{
  "Lap Time": {
    "lap_time_s": 136.4,
    "steps": 13640.0,
    "collision": 0.0,
    "laps_completed": 1.0
  },
  "Cross-Track Error": {
    "crosstrack_rmse_m": 0.0817,
    "crosstrack_mean_m": 0.0438,
    "crosstrack_max_m": 0.5975,
    "crosstrack_std_m": 0.0689
  },
  "Heading Error": {
    "heading_error_mean_deg": 1.7091,
    "heading_error_rmse_deg": 3.7403,
    "heading_error_std_deg": 3.7403,
    "heading_error_max_deg": 37.2373
  },
  "Wall Proximity": {
    "wall_min_distance_m": 0.5219,
    "wall_mean_distance_m": 1.005,
    "wall_std_distance_m": 0.0648
  },
  "Smoothness": {
    "steering_rate_mean_rad_s": 0.387,
    "steering_rate_max_rad_s": 7.9956,
    "steering_rate_std_rad_s": 0.5436
  },
  "Speed": {
    "speed_mean_m_s": 4.0762,
    "speed_max_m_s": 4.8764,
    "speed_std_m_s": 0.7453
  }
}
F1/Spa/Spa: arch3 lap RMSE=0.0817 m  steps=13640
{
  "Lap Time": {
    "lap_time_s": 136.92,
    "steps": 13692.0,
    "collision": 0.0,
    "laps_completed": 1.0
  },
  "Cross-Track Error": {
    "crosstrack_rmse_m": 0.1091,
    "crosstrack_mean_m": 0.0695,
    "crosstrack_max_m": 0.4453,
    "crosstrack_std_m": 0.0842
  },
  "Heading Error": {
    "heading_error_mean_deg": 1.674,
    "heading_error_rmse_deg": 3.388,
    "heading_error_std_deg": 3.388,
    "heading_error_max_deg": 34.3443
  },
  "Wall Proximity": {
    "wall_min_distance_m": 0.5697,
    "wall_mean_distance_m": 0.979,
    "wall_std_distance_m": 0.0799
  },
  "Smoothness": {
    "steering_rate_mean_rad_s": 0.335,
    "steering_rate_max_rad_s": 9.254,
    "steering_rate_std_rad_s": 0.3625
  },
  "Speed": {
    "speed_mean_m_s": 4.0754,
    "speed_max_m_s": 4.8746,
    "speed_std_m_s": 0.7933
  }
}
F1/Spa/Spa: arch4 lap RMSE=0.1091 m  steps=13692
{
  "Lap Time": {
    "lap_time_s": 138.54,
    "steps": 13854.0,
    "collision": 0.0,
    "laps_completed": 1.0
  },
  "Cross-Track Error": {
    "crosstrack_rmse_m": 0.1182,
    "crosstrack_mean_m": 0.0763,
    "crosstrack_max_m": 0.391,
    "crosstrack_std_m": 0.0903
  },
  "Heading Error": {
    "heading_error_mean_deg": 1.6526,
    "heading_error_rmse_deg": 3.1791,
    "heading_error_std_deg": 3.1789,
    "heading_error_max_deg": 35.2098
  },
  "Wall Proximity": {
    "wall_min_distance_m": 0.6264,
    "wall_mean_distance_m": 0.9725,
    "wall_std_distance_m": 0.0857
  },
  "Smoothness": {
    "steering_rate_mean_rad_s": 0.3608,
    "steering_rate_max_rad_s": 5.4216,
    "steering_rate_std_rad_s": 0.3353
  },
  "Speed": {
    "speed_mean_m_s": 4.0379,
    "speed_max_m_s": 4.8498,
    "speed_std_m_s": 0.7837
  }
}
F1/Spa/Spa: arch5 lap RMSE=0.1182 m  steps=13854
{
  "Lap Time": {
    "lap_time_s": 138.98,
    "steps": 13898.0,
    "collision": 0.0,
    "laps_completed": 1.0
  },
  "Cross-Track Error": {
    "crosstrack_rmse_m": 0.1176,
    "crosstrack_mean_m": 0.0764,
    "crosstrack_max_m": 0.4293,
    "crosstrack_std_m": 0.0895
  },
  "Heading Error": {
    "heading_error_mean_deg": 1.6345,
    "heading_error_rmse_deg": 3.0927,
    "heading_error_std_deg": 3.0924,
    "heading_error_max_deg": 32.936
  },
  "Wall Proximity": {
    "wall_min_distance_m": 0.605,
    "wall_mean_distance_m": 0.9723,
    "wall_std_distance_m": 0.0853
  },
  "Smoothness": {
    "steering_rate_mean_rad_s": 0.3806,
    "steering_rate_max_rad_s": 10.8909,
    "steering_rate_std_rad_s": 0.3928
  },
  "Speed": {
    "speed_mean_m_s": 4.0257,
    "speed_max_m_s": 4.8353,
    "speed_std_m_s": 0.7743
  }
}
F1/Spa/Spa: arch6 lap RMSE=0.1176 m  steps=13898
{
  "Lap Time": {
    "lap_time_s": 138.37,
    "steps": 13837.0,
    "collision": 0.0,
    "laps_completed": 1.0
  },
  "Cross-Track Error": {
    "crosstrack_rmse_m": 0.1153,
    "crosstrack_mean_m": 0.0739,
    "crosstrack_max_m": 0.4314,
    "crosstrack_std_m": 0.0885
  },
  "Heading Error": {
    "heading_error_mean_deg": 1.6249,
    "heading_error_rmse_deg": 3.1843,
    "heading_error_std_deg": 3.1842,
    "heading_error_max_deg": 34.5974
  },
  "Wall Proximity": {
    "wall_min_distance_m": 0.5991,
    "wall_mean_distance_m": 0.9746,
    "wall_std_distance_m": 0.0838
  },
  "Smoothness": {
    "steering_rate_mean_rad_s": 0.4138,
    "steering_rate_max_rad_s": 12.4035,
    "steering_rate_std_rad_s": 0.4643
  },
  "Speed": {
    "speed_mean_m_s": 4.0404,
    "speed_max_m_s": 4.8149,
    "speed_std_m_s": 0.7789
  }
}
F1/Spa/Spa: arch7 lap RMSE=0.1153 m  steps=13837
{
  "Lap Time": {
    "lap_time_s": 141.6,
    "steps": 14160.0,
    "collision": 0.0,
    "laps_completed": 1.0
  },
  "Cross-Track Error": {
    "crosstrack_rmse_m": 0.1205,
    "crosstrack_mean_m": 0.0778,
    "crosstrack_max_m": 0.426,
    "crosstrack_std_m": 0.0921
  },
  "Heading Error": {
    "heading_error_mean_deg": 1.7501,
    "heading_error_rmse_deg": 3.3463,
    "heading_error_std_deg": 3.3463,
    "heading_error_max_deg": 30.0493
  },
  "Wall Proximity": {
    "wall_min_distance_m": 0.6296,
    "wall_mean_distance_m": 0.9713,
    "wall_std_distance_m": 0.0868
  },
  "Smoothness": {
    "steering_rate_mean_rad_s": 0.2615,
    "steering_rate_max_rad_s": 3.4097,
    "steering_rate_std_rad_s": 0.2329
  },
  "Speed": {
    "speed_mean_m_s": 3.9502,
    "speed_max_m_s": 4.845,
    "speed_std_m_s": 0.744
  }
}
F1/Spa/Spa: arch8 lap RMSE=0.1205 m  steps=14160
Saved trace data to /nas/longleaf/home/zayah/NAS-in-the-Loop/standard-search/compare-map-150/262e4c/F1_Spa_Spa_262e4c.npz
Wrote metric summaries to /nas/longleaf/home/zayah/NAS-in-the-Loop/standard-search/compare-map-150/262e4c/metrics.jsonl
