=== Job ID: 38417815 ===
=== Node: c0403.ll.unc.edu ===
=== Working dir: /nas/longleaf/home/tingan/f1tenth_ng ===
=== Working directory ===
/nas/longleaf/home/tingan/f1tenth_ng
PYTHONPATH: /nas/longleaf/home/tingan/f1tenth_ng/packages:
=== Starting experiments ===
Running in: /nas/longleaf/home/tingan/f1tenth_ng
['f110_gym', 'f110_planning', 'f110_scripts']
RUN SCRIPT PYTHON: /nas/longleaf/home/tingan/f1tenth_ng/.venv/bin/python
Python 3.9.25
----------------------------------------
Map: Nuerburgring_map | Latency: 0 | Strategy: round_robin
----------------------------------------
Run 1
⚠️ Warning: RMSE not found
----------------------------------------
Map: Nuerburgring_map | Latency: 0 | Strategy: sensitivity
----------------------------------------
Run 1
⚠️ Warning: RMSE not found
----------------------------------------
Map: Nuerburgring_map | Latency: 0 | Strategy: rl_simple
----------------------------------------
Run 1
⚠️ Warning: RMSE not found
----------------------------------------
Map: Nuerburgring_map | Latency: 0 | Strategy: rl_boot
----------------------------------------
Run 1
⚠️ Warning: RMSE not found
----------------------------------------
Map: Nuerburgring_map | Latency: 10 | Strategy: round_robin
----------------------------------------
Run 1
⚠️ Warning: RMSE not found
----------------------------------------
Map: Nuerburgring_map | Latency: 10 | Strategy: sensitivity
----------------------------------------
Run 1
⚠️ Warning: RMSE not found
----------------------------------------
Map: Nuerburgring_map | Latency: 10 | Strategy: rl_simple
----------------------------------------
Run 1
⚠️ Warning: RMSE not found
----------------------------------------
Map: Nuerburgring_map | Latency: 10 | Strategy: rl_boot
----------------------------------------
Run 1
⚠️ Warning: RMSE not found
----------------------------------------
Map: Sochi_map | Latency: 0 | Strategy: round_robin
----------------------------------------
Run 1
⚠️ Warning: RMSE not found
----------------------------------------
Map: Sochi_map | Latency: 0 | Strategy: sensitivity
----------------------------------------
Run 1
⚠️ Warning: RMSE not found
----------------------------------------
Map: Sochi_map | Latency: 0 | Strategy: rl_simple
----------------------------------------
Run 1
⚠️ Warning: RMSE not found
----------------------------------------
Map: Sochi_map | Latency: 0 | Strategy: rl_boot
----------------------------------------
Run 1
⚠️ Warning: RMSE not found
----------------------------------------
Map: Sochi_map | Latency: 10 | Strategy: round_robin
----------------------------------------
Run 1
⚠️ Warning: RMSE not found
----------------------------------------
Map: Sochi_map | Latency: 10 | Strategy: sensitivity
----------------------------------------
Run 1
⚠️ Warning: RMSE not found
----------------------------------------
Map: Sochi_map | Latency: 10 | Strategy: rl_simple
----------------------------------------
Run 1
⚠️ Warning: RMSE not found
----------------------------------------
Map: Sochi_map | Latency: 10 | Strategy: rl_boot
----------------------------------------
Run 1
⚠️ Warning: RMSE not found
----------------------------------------
Map: Spa_map | Latency: 0 | Strategy: round_robin
----------------------------------------
Run 1
⚠️ Warning: RMSE not found
----------------------------------------
Map: Spa_map | Latency: 0 | Strategy: sensitivity
----------------------------------------
Run 1
⚠️ Warning: RMSE not found
----------------------------------------
Map: Spa_map | Latency: 0 | Strategy: rl_simple
----------------------------------------
Run 1
⚠️ Warning: RMSE not found
----------------------------------------
Map: Spa_map | Latency: 0 | Strategy: rl_boot
----------------------------------------
Run 1
⚠️ Warning: RMSE not found
----------------------------------------
Map: Spa_map | Latency: 10 | Strategy: round_robin
----------------------------------------
Run 1
⚠️ Warning: RMSE not found
----------------------------------------
Map: Spa_map | Latency: 10 | Strategy: sensitivity
----------------------------------------
Run 1
⚠️ Warning: RMSE not found
----------------------------------------
Map: Spa_map | Latency: 10 | Strategy: rl_simple
----------------------------------------
Run 1
⚠️ Warning: RMSE not found
----------------------------------------
Map: Spa_map | Latency: 10 | Strategy: rl_boot
----------------------------------------
Run 1
⚠️ Warning: RMSE not found
All experiments completed.
=== Finished ===
