=== Job ID: 38364030 ===
=== Node: c151401.ll.unc.edu ===
=== Working dir: /nas/longleaf/home/tingan/f1tenth_ng ===
=== Working directory ===
/nas/longleaf/home/tingan/f1tenth_ng
=== Debug: list sim directory ===
total 64K
drwxr-xr-x 3 tingan users 4.0K Mar 22 03:49 .
drwxr-xr-x 6 tingan users 4.0K Mar 10 15:29 ..
-rw-r--r-- 1 tingan users    0 Mar 10 15:29 __init__.py
-rwxr-xr-x 1 tingan users  29K Mar 20 23:39 reactive_planners.py
-rwxr-xr-x 1 tingan users 3.2K Mar 22 03:45 run_experiments.sh
-rw-r--r-- 1 tingan users 1.1K Mar 22 00:47 run_experiments.sl
drwxr-xr-x 2 tingan users 4.0K Mar 22 00:19 slurm_logs
-rwxr-xr-x 1 tingan users 6.6K Mar 20 23:38 tracking_planners.py
=== Debug: check script path ===
-rwxr-xr-x 1 tingan users 3.2K Mar 22 03:45 packages/f110_scripts/src/f110_scripts/sim/run_experiments.sh
=== Starting experiments ===
Running in: /nas/longleaf/home/tingan/f1tenth_ng
----------------------------------------
Map: Nuerburgring_map | Latency: 0 | Strategy: round_robin
----------------------------------------
Run 1
Warning: RMSE not found
----------------------------------------
Map: Nuerburgring_map | Latency: 0 | Strategy: sensitivity
----------------------------------------
Run 1
Warning: RMSE not found
----------------------------------------
Map: Nuerburgring_map | Latency: 0 | Strategy: rl_simple
----------------------------------------
Run 1
Warning: RMSE not found
----------------------------------------
Map: Nuerburgring_map | Latency: 0 | Strategy: rl_boot
----------------------------------------
Run 1
Warning: RMSE not found
----------------------------------------
Map: Nuerburgring_map | Latency: 10 | Strategy: round_robin
----------------------------------------
Run 1
Warning: RMSE not found
----------------------------------------
Map: Nuerburgring_map | Latency: 10 | Strategy: sensitivity
----------------------------------------
Run 1
Warning: RMSE not found
----------------------------------------
Map: Nuerburgring_map | Latency: 10 | Strategy: rl_simple
----------------------------------------
Run 1
Warning: RMSE not found
----------------------------------------
Map: Nuerburgring_map | Latency: 10 | Strategy: rl_boot
----------------------------------------
Run 1
Warning: RMSE not found
----------------------------------------
Map: Sochi_map | Latency: 0 | Strategy: round_robin
----------------------------------------
Run 1
Warning: RMSE not found
----------------------------------------
Map: Sochi_map | Latency: 0 | Strategy: sensitivity
----------------------------------------
Run 1
Warning: RMSE not found
----------------------------------------
Map: Sochi_map | Latency: 0 | Strategy: rl_simple
----------------------------------------
Run 1
Warning: RMSE not found
----------------------------------------
Map: Sochi_map | Latency: 0 | Strategy: rl_boot
----------------------------------------
Run 1
Warning: RMSE not found
----------------------------------------
Map: Sochi_map | Latency: 10 | Strategy: round_robin
----------------------------------------
Run 1
Warning: RMSE not found
----------------------------------------
Map: Sochi_map | Latency: 10 | Strategy: sensitivity
----------------------------------------
Run 1
Warning: RMSE not found
----------------------------------------
Map: Sochi_map | Latency: 10 | Strategy: rl_simple
----------------------------------------
Run 1
Warning: RMSE not found
----------------------------------------
Map: Sochi_map | Latency: 10 | Strategy: rl_boot
----------------------------------------
Run 1
Warning: RMSE not found
----------------------------------------
Map: Spa_map | Latency: 0 | Strategy: round_robin
----------------------------------------
Run 1
Warning: RMSE not found
----------------------------------------
Map: Spa_map | Latency: 0 | Strategy: sensitivity
----------------------------------------
Run 1
Warning: RMSE not found
----------------------------------------
Map: Spa_map | Latency: 0 | Strategy: rl_simple
----------------------------------------
Run 1
Warning: RMSE not found
----------------------------------------
Map: Spa_map | Latency: 0 | Strategy: rl_boot
----------------------------------------
Run 1
Warning: RMSE not found
----------------------------------------
Map: Spa_map | Latency: 10 | Strategy: round_robin
----------------------------------------
Run 1
Warning: RMSE not found
----------------------------------------
Map: Spa_map | Latency: 10 | Strategy: sensitivity
----------------------------------------
Run 1
Warning: RMSE not found
----------------------------------------
Map: Spa_map | Latency: 10 | Strategy: rl_simple
----------------------------------------
Run 1
Warning: RMSE not found
----------------------------------------
Map: Spa_map | Latency: 10 | Strategy: rl_boot
----------------------------------------
Run 1
Warning: RMSE not found
All experiments completed.
=== Finished ===
