=== Job ID: 38415851 ===
=== Node: c130601.ll.unc.edu ===
=== Working dir: /nas/longleaf/home/tingan/f1tenth_ng ===
=== Working directory ===
/nas/longleaf/home/tingan/f1tenth_ng
PYTHONPATH: /nas/longleaf/home/tingan/f1tenth_ng/packages/f110_planning/src:/nas/longleaf/home/tingan/f1tenth_ng/packages/f110_scripts/src:/nas/longleaf/home/tingan/f1tenth_ng/packages:
=== Starting experiments ===
Running in: /nas/longleaf/home/tingan/f1tenth_ng
['f110_gym', 'f110_planning', 'f110_scripts']
['README.md', 'pyproject.toml', 'src', 'tests']
----------------------------------------
Map: Nuerburgring_map | Latency: 0 | Strategy: round_robin
----------------------------------------
Run 1
⚠️ Warning: RMSE not found
----------------------------------------
Map: Nuerburgring_map | Latency: 0 | Strategy: sensitivity
----------------------------------------
Run 1
⚠️ Warning: RMSE not found
----------------------------------------
Map: Nuerburgring_map | Latency: 0 | Strategy: rl_simple
----------------------------------------
Run 1
⚠️ Warning: RMSE not found
----------------------------------------
Map: Nuerburgring_map | Latency: 0 | Strategy: rl_boot
----------------------------------------
Run 1
⚠️ Warning: RMSE not found
----------------------------------------
Map: Nuerburgring_map | Latency: 10 | Strategy: round_robin
----------------------------------------
Run 1
⚠️ Warning: RMSE not found
----------------------------------------
Map: Nuerburgring_map | Latency: 10 | Strategy: sensitivity
----------------------------------------
Run 1
⚠️ Warning: RMSE not found
----------------------------------------
Map: Nuerburgring_map | Latency: 10 | Strategy: rl_simple
----------------------------------------
Run 1
⚠️ Warning: RMSE not found
----------------------------------------
Map: Nuerburgring_map | Latency: 10 | Strategy: rl_boot
----------------------------------------
Run 1
⚠️ Warning: RMSE not found
----------------------------------------
Map: Sochi_map | Latency: 0 | Strategy: round_robin
----------------------------------------
Run 1
⚠️ Warning: RMSE not found
----------------------------------------
Map: Sochi_map | Latency: 0 | Strategy: sensitivity
----------------------------------------
Run 1
⚠️ Warning: RMSE not found
----------------------------------------
Map: Sochi_map | Latency: 0 | Strategy: rl_simple
----------------------------------------
Run 1
⚠️ Warning: RMSE not found
----------------------------------------
Map: Sochi_map | Latency: 0 | Strategy: rl_boot
----------------------------------------
Run 1
⚠️ Warning: RMSE not found
----------------------------------------
Map: Sochi_map | Latency: 10 | Strategy: round_robin
----------------------------------------
Run 1
⚠️ Warning: RMSE not found
----------------------------------------
Map: Sochi_map | Latency: 10 | Strategy: sensitivity
----------------------------------------
Run 1
⚠️ Warning: RMSE not found
----------------------------------------
Map: Sochi_map | Latency: 10 | Strategy: rl_simple
----------------------------------------
Run 1
⚠️ Warning: RMSE not found
----------------------------------------
Map: Sochi_map | Latency: 10 | Strategy: rl_boot
----------------------------------------
Run 1
⚠️ Warning: RMSE not found
----------------------------------------
Map: Spa_map | Latency: 0 | Strategy: round_robin
----------------------------------------
Run 1
⚠️ Warning: RMSE not found
----------------------------------------
Map: Spa_map | Latency: 0 | Strategy: sensitivity
----------------------------------------
Run 1
⚠️ Warning: RMSE not found
----------------------------------------
Map: Spa_map | Latency: 0 | Strategy: rl_simple
----------------------------------------
Run 1
⚠️ Warning: RMSE not found
----------------------------------------
Map: Spa_map | Latency: 0 | Strategy: rl_boot
----------------------------------------
Run 1
⚠️ Warning: RMSE not found
----------------------------------------
Map: Spa_map | Latency: 10 | Strategy: round_robin
----------------------------------------
Run 1
⚠️ Warning: RMSE not found
----------------------------------------
Map: Spa_map | Latency: 10 | Strategy: sensitivity
----------------------------------------
Run 1
⚠️ Warning: RMSE not found
----------------------------------------
Map: Spa_map | Latency: 10 | Strategy: rl_simple
----------------------------------------
Run 1
⚠️ Warning: RMSE not found
----------------------------------------
Map: Spa_map | Latency: 10 | Strategy: rl_boot
----------------------------------------
Run 1
⚠️ Warning: RMSE not found
All experiments completed.
=== Finished ===
