Traceback (most recent call last):
  File "<string>", line 1, in <module>
  File "/nas/longleaf/home/tingan/f1tenth_ng/packages/f110_planning/src/f110_planning/__init__.py", line 5, in <module>
    from .base import Action, BasePlanner, CloudScheduler
  File "/nas/longleaf/home/tingan/f1tenth_ng/packages/f110_planning/src/f110_planning/base.py", line 41, in <module>
    class CloudScheduler(ABC):  # pylint: disable=too-few-public-methods
  File "/nas/longleaf/home/tingan/f1tenth_ng/packages/f110_planning/src/f110_planning/base.py", line 56, in CloudScheduler
    latest_cloud_action: Action | None,
TypeError: unsupported operand type(s) for |: 'type' and 'NoneType'
Traceback (most recent call last):
  File "/nas/longleaf/home/tingan/f1tenth_ng/packages/f110_scripts/src/f110_scripts/sim/reactive_planners.py", line 13, in <module>
    from f110_planning.metrics import MetricAggregator
  File "/nas/longleaf/home/tingan/f1tenth_ng/packages/f110_planning/src/f110_planning/__init__.py", line 5, in <module>
    from .base import Action, BasePlanner, CloudScheduler
  File "/nas/longleaf/home/tingan/f1tenth_ng/packages/f110_planning/src/f110_planning/base.py", line 41, in <module>
    class CloudScheduler(ABC):  # pylint: disable=too-few-public-methods
  File "/nas/longleaf/home/tingan/f1tenth_ng/packages/f110_planning/src/f110_planning/base.py", line 56, in CloudScheduler
    latest_cloud_action: Action | None,
TypeError: unsupported operand type(s) for |: 'type' and 'NoneType'
Traceback (most recent call last):
  File "/nas/longleaf/home/tingan/f1tenth_ng/packages/f110_scripts/src/f110_scripts/sim/reactive_planners.py", line 13, in <module>
    from f110_planning.metrics import MetricAggregator
  File "/nas/longleaf/home/tingan/f1tenth_ng/packages/f110_planning/src/f110_planning/__init__.py", line 5, in <module>
    from .base import Action, BasePlanner, CloudScheduler
  File "/nas/longleaf/home/tingan/f1tenth_ng/packages/f110_planning/src/f110_planning/base.py", line 41, in <module>
    class CloudScheduler(ABC):  # pylint: disable=too-few-public-methods
  File "/nas/longleaf/home/tingan/f1tenth_ng/packages/f110_planning/src/f110_planning/base.py", line 56, in CloudScheduler
    latest_cloud_action: Action | None,
TypeError: unsupported operand type(s) for |: 'type' and 'NoneType'
Traceback (most recent call last):
  File "/nas/longleaf/home/tingan/f1tenth_ng/packages/f110_scripts/src/f110_scripts/sim/reactive_planners.py", line 13, in <module>
    from f110_planning.metrics import MetricAggregator
  File "/nas/longleaf/home/tingan/f1tenth_ng/packages/f110_planning/src/f110_planning/__init__.py", line 5, in <module>
    from .base import Action, BasePlanner, CloudScheduler
  File "/nas/longleaf/home/tingan/f1tenth_ng/packages/f110_planning/src/f110_planning/base.py", line 41, in <module>
    class CloudScheduler(ABC):  # pylint: disable=too-few-public-methods
  File "/nas/longleaf/home/tingan/f1tenth_ng/packages/f110_planning/src/f110_planning/base.py", line 56, in CloudScheduler
    latest_cloud_action: Action | None,
TypeError: unsupported operand type(s) for |: 'type' and 'NoneType'
Traceback (most recent call last):
  File "/nas/longleaf/home/tingan/f1tenth_ng/packages/f110_scripts/src/f110_scripts/sim/reactive_planners.py", line 13, in <module>
    from f110_planning.metrics import MetricAggregator
  File "/nas/longleaf/home/tingan/f1tenth_ng/packages/f110_planning/src/f110_planning/__init__.py", line 5, in <module>
    from .base import Action, BasePlanner, CloudScheduler
  File "/nas/longleaf/home/tingan/f1tenth_ng/packages/f110_planning/src/f110_planning/base.py", line 41, in <module>
    class CloudScheduler(ABC):  # pylint: disable=too-few-public-methods
  File "/nas/longleaf/home/tingan/f1tenth_ng/packages/f110_planning/src/f110_planning/base.py", line 56, in CloudScheduler
    latest_cloud_action: Action | None,
TypeError: unsupported operand type(s) for |: 'type' and 'NoneType'
Traceback (most recent call last):
  File "/nas/longleaf/home/tingan/f1tenth_ng/packages/f110_scripts/src/f110_scripts/sim/reactive_planners.py", line 13, in <module>
    from f110_planning.metrics import MetricAggregator
  File "/nas/longleaf/home/tingan/f1tenth_ng/packages/f110_planning/src/f110_planning/__init__.py", line 5, in <module>
    from .base import Action, BasePlanner, CloudScheduler
  File "/nas/longleaf/home/tingan/f1tenth_ng/packages/f110_planning/src/f110_planning/base.py", line 41, in <module>
    class CloudScheduler(ABC):  # pylint: disable=too-few-public-methods
  File "/nas/longleaf/home/tingan/f1tenth_ng/packages/f110_planning/src/f110_planning/base.py", line 56, in CloudScheduler
    latest_cloud_action: Action | None,
TypeError: unsupported operand type(s) for |: 'type' and 'NoneType'
Traceback (most recent call last):
  File "/nas/longleaf/home/tingan/f1tenth_ng/packages/f110_scripts/src/f110_scripts/sim/reactive_planners.py", line 13, in <module>
    from f110_planning.metrics import MetricAggregator
  File "/nas/longleaf/home/tingan/f1tenth_ng/packages/f110_planning/src/f110_planning/__init__.py", line 5, in <module>
    from .base import Action, BasePlanner, CloudScheduler
  File "/nas/longleaf/home/tingan/f1tenth_ng/packages/f110_planning/src/f110_planning/base.py", line 41, in <module>
    class CloudScheduler(ABC):  # pylint: disable=too-few-public-methods
  File "/nas/longleaf/home/tingan/f1tenth_ng/packages/f110_planning/src/f110_planning/base.py", line 56, in CloudScheduler
    latest_cloud_action: Action | None,
TypeError: unsupported operand type(s) for |: 'type' and 'NoneType'
Traceback (most recent call last):
  File "/nas/longleaf/home/tingan/f1tenth_ng/packages/f110_scripts/src/f110_scripts/sim/reactive_planners.py", line 13, in <module>
    from f110_planning.metrics import MetricAggregator
  File "/nas/longleaf/home/tingan/f1tenth_ng/packages/f110_planning/src/f110_planning/__init__.py", line 5, in <module>
    from .base import Action, BasePlanner, CloudScheduler
  File "/nas/longleaf/home/tingan/f1tenth_ng/packages/f110_planning/src/f110_planning/base.py", line 41, in <module>
    class CloudScheduler(ABC):  # pylint: disable=too-few-public-methods
  File "/nas/longleaf/home/tingan/f1tenth_ng/packages/f110_planning/src/f110_planning/base.py", line 56, in CloudScheduler
    latest_cloud_action: Action | None,
TypeError: unsupported operand type(s) for |: 'type' and 'NoneType'
Traceback (most recent call last):
  File "/nas/longleaf/home/tingan/f1tenth_ng/packages/f110_scripts/src/f110_scripts/sim/reactive_planners.py", line 13, in <module>
    from f110_planning.metrics import MetricAggregator
  File "/nas/longleaf/home/tingan/f1tenth_ng/packages/f110_planning/src/f110_planning/__init__.py", line 5, in <module>
    from .base import Action, BasePlanner, CloudScheduler
  File "/nas/longleaf/home/tingan/f1tenth_ng/packages/f110_planning/src/f110_planning/base.py", line 41, in <module>
    class CloudScheduler(ABC):  # pylint: disable=too-few-public-methods
  File "/nas/longleaf/home/tingan/f1tenth_ng/packages/f110_planning/src/f110_planning/base.py", line 56, in CloudScheduler
    latest_cloud_action: Action | None,
TypeError: unsupported operand type(s) for |: 'type' and 'NoneType'
Traceback (most recent call last):
  File "/nas/longleaf/home/tingan/f1tenth_ng/packages/f110_scripts/src/f110_scripts/sim/reactive_planners.py", line 13, in <module>
    from f110_planning.metrics import MetricAggregator
  File "/nas/longleaf/home/tingan/f1tenth_ng/packages/f110_planning/src/f110_planning/__init__.py", line 5, in <module>
    from .base import Action, BasePlanner, CloudScheduler
  File "/nas/longleaf/home/tingan/f1tenth_ng/packages/f110_planning/src/f110_planning/base.py", line 41, in <module>
    class CloudScheduler(ABC):  # pylint: disable=too-few-public-methods
  File "/nas/longleaf/home/tingan/f1tenth_ng/packages/f110_planning/src/f110_planning/base.py", line 56, in CloudScheduler
    latest_cloud_action: Action | None,
TypeError: unsupported operand type(s) for |: 'type' and 'NoneType'
Traceback (most recent call last):
  File "/nas/longleaf/home/tingan/f1tenth_ng/packages/f110_scripts/src/f110_scripts/sim/reactive_planners.py", line 13, in <module>
    from f110_planning.metrics import MetricAggregator
  File "/nas/longleaf/home/tingan/f1tenth_ng/packages/f110_planning/src/f110_planning/__init__.py", line 5, in <module>
    from .base import Action, BasePlanner, CloudScheduler
  File "/nas/longleaf/home/tingan/f1tenth_ng/packages/f110_planning/src/f110_planning/base.py", line 41, in <module>
    class CloudScheduler(ABC):  # pylint: disable=too-few-public-methods
  File "/nas/longleaf/home/tingan/f1tenth_ng/packages/f110_planning/src/f110_planning/base.py", line 56, in CloudScheduler
    latest_cloud_action: Action | None,
TypeError: unsupported operand type(s) for |: 'type' and 'NoneType'
Traceback (most recent call last):
  File "/nas/longleaf/home/tingan/f1tenth_ng/packages/f110_scripts/src/f110_scripts/sim/reactive_planners.py", line 13, in <module>
    from f110_planning.metrics import MetricAggregator
  File "/nas/longleaf/home/tingan/f1tenth_ng/packages/f110_planning/src/f110_planning/__init__.py", line 5, in <module>
    from .base import Action, BasePlanner, CloudScheduler
  File "/nas/longleaf/home/tingan/f1tenth_ng/packages/f110_planning/src/f110_planning/base.py", line 41, in <module>
    class CloudScheduler(ABC):  # pylint: disable=too-few-public-methods
  File "/nas/longleaf/home/tingan/f1tenth_ng/packages/f110_planning/src/f110_planning/base.py", line 56, in CloudScheduler
    latest_cloud_action: Action | None,
TypeError: unsupported operand type(s) for |: 'type' and 'NoneType'
Traceback (most recent call last):
  File "/nas/longleaf/home/tingan/f1tenth_ng/packages/f110_scripts/src/f110_scripts/sim/reactive_planners.py", line 13, in <module>
    from f110_planning.metrics import MetricAggregator
  File "/nas/longleaf/home/tingan/f1tenth_ng/packages/f110_planning/src/f110_planning/__init__.py", line 5, in <module>
    from .base import Action, BasePlanner, CloudScheduler
  File "/nas/longleaf/home/tingan/f1tenth_ng/packages/f110_planning/src/f110_planning/base.py", line 41, in <module>
    class CloudScheduler(ABC):  # pylint: disable=too-few-public-methods
  File "/nas/longleaf/home/tingan/f1tenth_ng/packages/f110_planning/src/f110_planning/base.py", line 56, in CloudScheduler
    latest_cloud_action: Action | None,
TypeError: unsupported operand type(s) for |: 'type' and 'NoneType'
Traceback (most recent call last):
  File "/nas/longleaf/home/tingan/f1tenth_ng/packages/f110_scripts/src/f110_scripts/sim/reactive_planners.py", line 13, in <module>
    from f110_planning.metrics import MetricAggregator
  File "/nas/longleaf/home/tingan/f1tenth_ng/packages/f110_planning/src/f110_planning/__init__.py", line 5, in <module>
    from .base import Action, BasePlanner, CloudScheduler
  File "/nas/longleaf/home/tingan/f1tenth_ng/packages/f110_planning/src/f110_planning/base.py", line 41, in <module>
    class CloudScheduler(ABC):  # pylint: disable=too-few-public-methods
  File "/nas/longleaf/home/tingan/f1tenth_ng/packages/f110_planning/src/f110_planning/base.py", line 56, in CloudScheduler
    latest_cloud_action: Action | None,
TypeError: unsupported operand type(s) for |: 'type' and 'NoneType'
Traceback (most recent call last):
  File "/nas/longleaf/home/tingan/f1tenth_ng/packages/f110_scripts/src/f110_scripts/sim/reactive_planners.py", line 13, in <module>
    from f110_planning.metrics import MetricAggregator
  File "/nas/longleaf/home/tingan/f1tenth_ng/packages/f110_planning/src/f110_planning/__init__.py", line 5, in <module>
    from .base import Action, BasePlanner, CloudScheduler
  File "/nas/longleaf/home/tingan/f1tenth_ng/packages/f110_planning/src/f110_planning/base.py", line 41, in <module>
    class CloudScheduler(ABC):  # pylint: disable=too-few-public-methods
  File "/nas/longleaf/home/tingan/f1tenth_ng/packages/f110_planning/src/f110_planning/base.py", line 56, in CloudScheduler
    latest_cloud_action: Action | None,
TypeError: unsupported operand type(s) for |: 'type' and 'NoneType'
Traceback (most recent call last):
  File "/nas/longleaf/home/tingan/f1tenth_ng/packages/f110_scripts/src/f110_scripts/sim/reactive_planners.py", line 13, in <module>
    from f110_planning.metrics import MetricAggregator
  File "/nas/longleaf/home/tingan/f1tenth_ng/packages/f110_planning/src/f110_planning/__init__.py", line 5, in <module>
    from .base import Action, BasePlanner, CloudScheduler
  File "/nas/longleaf/home/tingan/f1tenth_ng/packages/f110_planning/src/f110_planning/base.py", line 41, in <module>
    class CloudScheduler(ABC):  # pylint: disable=too-few-public-methods
  File "/nas/longleaf/home/tingan/f1tenth_ng/packages/f110_planning/src/f110_planning/base.py", line 56, in CloudScheduler
    latest_cloud_action: Action | None,
TypeError: unsupported operand type(s) for |: 'type' and 'NoneType'
Traceback (most recent call last):
  File "/nas/longleaf/home/tingan/f1tenth_ng/packages/f110_scripts/src/f110_scripts/sim/reactive_planners.py", line 13, in <module>
    from f110_planning.metrics import MetricAggregator
  File "/nas/longleaf/home/tingan/f1tenth_ng/packages/f110_planning/src/f110_planning/__init__.py", line 5, in <module>
    from .base import Action, BasePlanner, CloudScheduler
  File "/nas/longleaf/home/tingan/f1tenth_ng/packages/f110_planning/src/f110_planning/base.py", line 41, in <module>
    class CloudScheduler(ABC):  # pylint: disable=too-few-public-methods
  File "/nas/longleaf/home/tingan/f1tenth_ng/packages/f110_planning/src/f110_planning/base.py", line 56, in CloudScheduler
    latest_cloud_action: Action | None,
TypeError: unsupported operand type(s) for |: 'type' and 'NoneType'
Traceback (most recent call last):
  File "/nas/longleaf/home/tingan/f1tenth_ng/packages/f110_scripts/src/f110_scripts/sim/reactive_planners.py", line 13, in <module>
    from f110_planning.metrics import MetricAggregator
  File "/nas/longleaf/home/tingan/f1tenth_ng/packages/f110_planning/src/f110_planning/__init__.py", line 5, in <module>
    from .base import Action, BasePlanner, CloudScheduler
  File "/nas/longleaf/home/tingan/f1tenth_ng/packages/f110_planning/src/f110_planning/base.py", line 41, in <module>
    class CloudScheduler(ABC):  # pylint: disable=too-few-public-methods
  File "/nas/longleaf/home/tingan/f1tenth_ng/packages/f110_planning/src/f110_planning/base.py", line 56, in CloudScheduler
    latest_cloud_action: Action | None,
TypeError: unsupported operand type(s) for |: 'type' and 'NoneType'
Traceback (most recent call last):
  File "/nas/longleaf/home/tingan/f1tenth_ng/packages/f110_scripts/src/f110_scripts/sim/reactive_planners.py", line 13, in <module>
    from f110_planning.metrics import MetricAggregator
  File "/nas/longleaf/home/tingan/f1tenth_ng/packages/f110_planning/src/f110_planning/__init__.py", line 5, in <module>
    from .base import Action, BasePlanner, CloudScheduler
  File "/nas/longleaf/home/tingan/f1tenth_ng/packages/f110_planning/src/f110_planning/base.py", line 41, in <module>
    class CloudScheduler(ABC):  # pylint: disable=too-few-public-methods
  File "/nas/longleaf/home/tingan/f1tenth_ng/packages/f110_planning/src/f110_planning/base.py", line 56, in CloudScheduler
    latest_cloud_action: Action | None,
TypeError: unsupported operand type(s) for |: 'type' and 'NoneType'
Traceback (most recent call last):
  File "/nas/longleaf/home/tingan/f1tenth_ng/packages/f110_scripts/src/f110_scripts/sim/reactive_planners.py", line 13, in <module>
    from f110_planning.metrics import MetricAggregator
  File "/nas/longleaf/home/tingan/f1tenth_ng/packages/f110_planning/src/f110_planning/__init__.py", line 5, in <module>
    from .base import Action, BasePlanner, CloudScheduler
  File "/nas/longleaf/home/tingan/f1tenth_ng/packages/f110_planning/src/f110_planning/base.py", line 41, in <module>
    class CloudScheduler(ABC):  # pylint: disable=too-few-public-methods
  File "/nas/longleaf/home/tingan/f1tenth_ng/packages/f110_planning/src/f110_planning/base.py", line 56, in CloudScheduler
    latest_cloud_action: Action | None,
TypeError: unsupported operand type(s) for |: 'type' and 'NoneType'
Traceback (most recent call last):
  File "/nas/longleaf/home/tingan/f1tenth_ng/packages/f110_scripts/src/f110_scripts/sim/reactive_planners.py", line 13, in <module>
    from f110_planning.metrics import MetricAggregator
  File "/nas/longleaf/home/tingan/f1tenth_ng/packages/f110_planning/src/f110_planning/__init__.py", line 5, in <module>
    from .base import Action, BasePlanner, CloudScheduler
  File "/nas/longleaf/home/tingan/f1tenth_ng/packages/f110_planning/src/f110_planning/base.py", line 41, in <module>
    class CloudScheduler(ABC):  # pylint: disable=too-few-public-methods
  File "/nas/longleaf/home/tingan/f1tenth_ng/packages/f110_planning/src/f110_planning/base.py", line 56, in CloudScheduler
    latest_cloud_action: Action | None,
TypeError: unsupported operand type(s) for |: 'type' and 'NoneType'
Traceback (most recent call last):
  File "/nas/longleaf/home/tingan/f1tenth_ng/packages/f110_scripts/src/f110_scripts/sim/reactive_planners.py", line 13, in <module>
    from f110_planning.metrics import MetricAggregator
  File "/nas/longleaf/home/tingan/f1tenth_ng/packages/f110_planning/src/f110_planning/__init__.py", line 5, in <module>
    from .base import Action, BasePlanner, CloudScheduler
  File "/nas/longleaf/home/tingan/f1tenth_ng/packages/f110_planning/src/f110_planning/base.py", line 41, in <module>
    class CloudScheduler(ABC):  # pylint: disable=too-few-public-methods
  File "/nas/longleaf/home/tingan/f1tenth_ng/packages/f110_planning/src/f110_planning/base.py", line 56, in CloudScheduler
    latest_cloud_action: Action | None,
TypeError: unsupported operand type(s) for |: 'type' and 'NoneType'
Traceback (most recent call last):
  File "/nas/longleaf/home/tingan/f1tenth_ng/packages/f110_scripts/src/f110_scripts/sim/reactive_planners.py", line 13, in <module>
    from f110_planning.metrics import MetricAggregator
  File "/nas/longleaf/home/tingan/f1tenth_ng/packages/f110_planning/src/f110_planning/__init__.py", line 5, in <module>
    from .base import Action, BasePlanner, CloudScheduler
  File "/nas/longleaf/home/tingan/f1tenth_ng/packages/f110_planning/src/f110_planning/base.py", line 41, in <module>
    class CloudScheduler(ABC):  # pylint: disable=too-few-public-methods
  File "/nas/longleaf/home/tingan/f1tenth_ng/packages/f110_planning/src/f110_planning/base.py", line 56, in CloudScheduler
    latest_cloud_action: Action | None,
TypeError: unsupported operand type(s) for |: 'type' and 'NoneType'
Traceback (most recent call last):
  File "/nas/longleaf/home/tingan/f1tenth_ng/packages/f110_scripts/src/f110_scripts/sim/reactive_planners.py", line 13, in <module>
    from f110_planning.metrics import MetricAggregator
  File "/nas/longleaf/home/tingan/f1tenth_ng/packages/f110_planning/src/f110_planning/__init__.py", line 5, in <module>
    from .base import Action, BasePlanner, CloudScheduler
  File "/nas/longleaf/home/tingan/f1tenth_ng/packages/f110_planning/src/f110_planning/base.py", line 41, in <module>
    class CloudScheduler(ABC):  # pylint: disable=too-few-public-methods
  File "/nas/longleaf/home/tingan/f1tenth_ng/packages/f110_planning/src/f110_planning/base.py", line 56, in CloudScheduler
    latest_cloud_action: Action | None,
TypeError: unsupported operand type(s) for |: 'type' and 'NoneType'
Traceback (most recent call last):
  File "/nas/longleaf/home/tingan/f1tenth_ng/packages/f110_scripts/src/f110_scripts/sim/reactive_planners.py", line 13, in <module>
    from f110_planning.metrics import MetricAggregator
  File "/nas/longleaf/home/tingan/f1tenth_ng/packages/f110_planning/src/f110_planning/__init__.py", line 5, in <module>
    from .base import Action, BasePlanner, CloudScheduler
  File "/nas/longleaf/home/tingan/f1tenth_ng/packages/f110_planning/src/f110_planning/base.py", line 41, in <module>
    class CloudScheduler(ABC):  # pylint: disable=too-few-public-methods
  File "/nas/longleaf/home/tingan/f1tenth_ng/packages/f110_planning/src/f110_planning/base.py", line 56, in CloudScheduler
    latest_cloud_action: Action | None,
TypeError: unsupported operand type(s) for |: 'type' and 'NoneType'
